{ "timestamp":"2016-12-27T14:20:05Z", "event":"Fileheader", "part":1, "language":"English\\UK", "gameversion":"2.2", "build":"r126898/r0 " }
{ "timestamp":"2016-12-27T14:22:30Z", "event":"LoadGame", "Commander":"Singlemalt", "Ship":"Cutter", "ShipID":16, "GameMode":"Open", "Credits":169248855, "Loan":0 }
{ "timestamp":"2016-12-27T14:22:30Z", "event":"Rank", "Combat":7, "Trade":8, "Explore":7, "Empire":14, "Federation":12, "CQC":0 }
{ "timestamp":"2016-12-27T14:22:30Z", "event":"Progress", "Combat":17, "Trade":100, "Explore":48, "Empire":100, "Federation":40, "CQC":0 }
{ "timestamp":"2016-12-27T14:22:59Z", "event":"Location", "Docked":false, "StarSystem":"LHS 2771", "StarPos":[-5.781,64.094,10.563], "SystemAllegiance":"Independent", "SystemEconomy":"$economy_HighTech;", "SystemEconomy_Localised":"High tech", "SystemGovernment":"$government_Dictatorship;", "SystemGovernment_Localised":"Dictatorship", "SystemSecurity":"$SYSTEM_SECURITY_medium;", "SystemSecurity_Localised":"Medium Security", "Body":"LHS 2771 3", "BodyType":"Planet", "SystemFaction":"LHS 2771 Party", "FactionState":"CivilWar" }
{ "timestamp":"2016-12-27T14:24:19Z", "event":"LaunchFighter", "Loadout":"three", "PlayerControlled":false }
{ "timestamp":"2016-12-27T14:25:28Z", "event":"ReceiveText", "From":"$ShipName_Military_Independent;", "From_Localised":"System Defence Force", "Message":"$Military_UnderFire05;", "Message_Localised":"Incoming...", "Channel":"npc" }
{ "timestamp":"2016-12-27T14:25:58Z", "event":"HullDamage", "Health":0.016058 }
{ "timestamp":"2016-12-27T14:25:58Z", "event":"HullDamage", "Health":0.016058 }
{ "timestamp":"2016-12-27T14:25:58Z", "event":"HullDamage", "Health":0.016058 }
{ "timestamp":"2016-12-27T14:25:58Z", "event":"HullDamage", "Health":0.016058 }
{ "timestamp":"2016-12-27T14:26:01Z", "event":"ReceiveText", "From":"$ShipName_Military_Independent;", "From_Localised":"System Defence Force", "Message":"$Military_UnderFire03;", "Message_Localised":"Time to show you what a real pilot can do... ", "Channel":"npc" }
{ "timestamp":"2016-12-27T14:27:17Z", "event":"HeatWarning" }
{ "timestamp":"2016-12-27T14:30:08Z", "event":"Bounty", "TotalReward":0, "VictimFaction":"LHS 2771 Party" }
{ "timestamp":"2016-12-27T14:30:08Z", "event":"FactionKillBond", "Reward":20000, "AwardingFaction":"LHS 2771 Silver Major Comms", "VictimFaction":"LHS 2771 Party" }
{ "timestamp":"2016-12-27T14:30:37Z", "event":"ReceiveText", "From":"$ShipName_Military_Independent;", "From_Localised":"System Defence Force", "Message":"$Military_UnderFire03;", "Message_Localised":"Time to show you what a real pilot can do... ", "Channel":"npc" }
{ "timestamp":"2016-12-27T14:30:50Z", "event":"ReceiveText", "From":"$ShipName_Military_Independent;", "From_Localised":"System Defence Force", "Message":"$Military_UnderFire04;", "Message_Localised":"Your ticket is about to get well and truly punched.", "Channel":"npc" }
{ "timestamp":"2016-12-27T14:32:57Z", "event":"Bounty", "TotalReward":0, "VictimFaction":"LHS 2771 Party" }
{ "timestamp":"2016-12-27T14:32:57Z", "event":"FactionKillBond", "Reward":8000, "AwardingFaction":"LHS 2771 Silver Major Comms", "VictimFaction":"LHS 2771 Party" }
{ "timestamp":"2016-12-27T14:36:37Z", "event":"HeatWarning" }
{ "timestamp":"2016-12-27T14:37:12Z", "event":"LaunchFighter", "Loadout":"three", "PlayerControlled":false }
{ "timestamp":"2016-12-27T14:38:19Z", "event":"Bounty", "TotalReward":0, "VictimFaction":"LHS 2771 Party" }
{ "timestamp":"2016-12-27T14:38:19Z", "event":"FactionKillBond", "Reward":52000, "AwardingFaction":"LHS 2771 Silver Major Comms", "VictimFaction":"LHS 2771 Party" }
{ "timestamp":"2016-12-27T14:38:41Z", "event":"ReceiveText", "From":"$ShipName_Military_Independent;", "From_Localised":"System Defence Force", "Message":"$Military_UnderFire06;", "Message_Localised":"I'm taking hits!", "Channel":"npc" }
{ "timestamp":"2016-12-27T14:39:36Z", "event":"Bounty", "TotalReward":0, "VictimFaction":"LHS 2771 Party" }
{ "timestamp":"2016-12-27T14:39:36Z", "event":"FactionKillBond", "Reward":20000, "AwardingFaction":"LHS 2771 Silver Major Comms", "VictimFaction":"LHS 2771 Party" }
{ "timestamp":"2016-12-27T14:39:47Z", "event":"Bounty", "TotalReward":0, "VictimFaction":"LHS 2771 Party" }
{ "timestamp":"2016-12-27T14:39:47Z", "event":"FactionKillBond", "Reward":24000, "AwardingFaction":"LHS 2771 Silver Major Comms", "VictimFaction":"LHS 2771 Party" }
{ "timestamp":"2016-12-27T14:40:00Z", "event":"HullDamage", "Health":0.696652 }
{ "timestamp":"2016-12-27T14:40:06Z", "event":"MaterialCollected", "Category":"Encoded", "Name":"shieldcyclerecordings", "Count":1 }
{ "timestamp":"2016-12-27T14:40:25Z", "event":"ReceiveText", "From":"$ShipName_Military_Independent;", "From_Localised":"System Defence Force", "Message":"$Military_UnderFire07;", "Message_Localised":"You've just made a big mistake.", "Channel":"npc" }
{ "timestamp":"2016-12-27T14:40:43Z", "event":"Bounty", "TotalReward":0, "VictimFaction":"LHS 2771 Party" }
{ "timestamp":"2016-12-27T14:40:43Z", "event":"FactionKillBond", "Reward":28000, "AwardingFaction":"LHS 2771 Silver Major Comms", "VictimFaction":"LHS 2771 Party" }
{ "timestamp":"2016-12-27T14:41:50Z", "event":"SupercruiseEntry", "StarSystem":"LHS 2771" }
{ "timestamp":"2016-12-27T14:43:17Z", "event":"ReceiveText", "From":"$npc_name_decorate:#name=Roide;", "From_Localised":"Roide", "Message":"$Propagandist_Patrol01;", "Message_Localised":"Don't let your system down, join up today.", "Channel":"npc" }
{ "timestamp":"2016-12-27T14:44:05Z", "event":"ReceiveText", "From":"$npc_name_decorate:#name=Roide;", "From_Localised":"Roide", "Message":"$Propagandist_Patrol03;", "Message_Localised":"Valour, courage and bravery. Enlist today.", "Channel":"npc" }
{ "timestamp":"2016-12-27T14:44:33Z", "event":"ReceiveText", "From":"$npc_name_decorate:#name=Roide;", "From_Localised":"Roide", "Message":"$Propagandist_Patrol02;", "Message_Localised":"Show them what we're made of! Support our pilots!", "Channel":"npc" }
{ "timestamp":"2016-12-27T14:45:17Z", "event":"ReceiveText", "From":"$npc_name_decorate:#name=Roide;", "From_Localised":"Roide", "Message":"$Propagandist_Patrol05;", "Message_Localised":"Get combat bonds today, fight for the winning side!", "Channel":"npc" }
{ "timestamp":"2016-12-27T14:45:36Z", "event":"SupercruiseExit", "StarSystem":"LHS 2771", "Body":"Sarafanov Vision", "BodyType":"Station" }
{ "timestamp":"2016-12-27T14:46:14Z", "event":"DockingRequested", "StationName":"Sarafanov Vision" }
{ "timestamp":"2016-12-27T14:46:14Z", "event":"ReceiveText", "From":"Sarafanov Vision", "Message":"$DockingChatter_Neutral;", "Message_Localised":"Ensure to observe starport protocol during your visit, pilot.", "Channel":"npc" }
{ "timestamp":"2016-12-27T14:46:16Z", "event":"ReceiveText", "From":"Sarafanov Vision", "Message":"$STATION_docking_granted;", "Message_Localised":"Docking request granted.", "Channel":"npc" }
{ "timestamp":"2016-12-27T14:46:16Z", "event":"DockingGranted", "LandingPad":40, "StationName":"Sarafanov Vision" }
{ "timestamp":"2016-12-27T14:46:17Z", "event":"ReceiveText", "From":"Sarafanov Vision", "Message":"$STATION_NoFireZone_entered;", "Message_Localised":"No fire zone entered.", "Channel":"npc" }
{ "timestamp":"2016-12-27T14:47:00Z", "event":"ReceiveText", "From":"$ShipName_Police_Independent;", "From_Localised":"System Authority Vessel", "Message":"$Police_ThankYouPassedStopAndSearch09;", "Message_Localised":"Move along, Commander, we're done here.", "Channel":"npc" }
{ "timestamp":"2016-12-27T14:47:38Z", "event":"Docked", "StationName":"Sarafanov Vision", "StationType":"Coriolis", "StarSystem":"LHS 2771", "StationFaction":"LHS 2771 Party", "FactionState":"CivilWar", "StationGovernment":"$government_Dictatorship;", "StationGovernment_Localised":"Dictatorship", "StationEconomy":"$economy_HighTech;", "StationEconomy_Localised":"High tech" }
{ "timestamp":"2016-12-27T14:47:58Z", "event":"RefuelAll", "Cost":1414, "Amount":28.258047 }
{ "timestamp":"2016-12-27T14:47:59Z", "event":"RepairAll", "Cost":62393 }
{ "timestamp":"2016-12-27T14:48:01Z", "event":"BuyAmmo", "Cost":6743 }
{ "timestamp":"2016-12-27T14:48:01Z", "event":"RestockVehicle", "Type":"empire_fighter", "Loadout":"three", "Cost":2060, "Count":2 }
{ "timestamp":"2016-12-27T14:49:19Z", "event":"RedeemVoucher", "Type":"CombatBond", "Amount":133760 }
{ "timestamp":"2016-12-27T14:49:23Z", "event":"RedeemVoucher", "Type":"CombatBond", "Amount":133760 }
{ "timestamp":"2016-12-27T14:50:10Z", "event":"Undocked", "StationName":"Sarafanov Vision", "StationType":"Coriolis" }
{ "timestamp":"2016-12-27T14:51:01Z", "event":"ReceiveText", "From":"Sarafanov Vision", "Message":"$STATION_NoFireZone_exited;", "Message_Localised":"No fire zone left.", "Channel":"npc" }
{ "timestamp":"2016-12-27T14:51:30Z", "event":"SupercruiseEntry", "StarSystem":"LHS 2771" }
{ "timestamp":"2016-12-27T14:54:19Z", "event":"ReceiveText", "From":"$ShipName_Military_Independent;", "From_Localised":"System Defence Force", "Message":"$Military_StartInterdiction08;", "Message_Localised":"As long as you've committed no crime there is nothing to fear from the navy.", "Channel":"npc" }
{ "timestamp":"2016-12-27T14:54:25Z", "event":"Interdicted", "Submitted":true, "Interdictor":"$ShipName_Military_Independent;", "Interdictor_Localised":"System Defence Force", "IsPlayer":false, "Faction":"LHS 2771 Party" }
{ "timestamp":"2016-12-27T14:54:28Z", "event":"SupercruiseExit", "StarSystem":"LHS 2771", "Body":"LHS 2771 5", "BodyType":"Planet" }
{ "timestamp":"2016-12-27T17:29:04Z", "event":"LoadGame", "Commander":"Singlemalt", "Ship":"Cutter", "ShipID":16, "GameMode":"Open", "Credits":169443724, "Loan":0 }
{ "timestamp":"2016-12-27T17:29:04Z", "event":"Rank", "Combat":7, "Trade":8, "Explore":7, "Empire":14, "Federation":12, "CQC":0 }
{ "timestamp":"2016-12-27T17:29:04Z", "event":"Progress", "Combat":17, "Trade":100, "Explore":48, "Empire":100, "Federation":40, "CQC":0 }
{ "timestamp":"2016-12-27T17:29:24Z", "event":"Location", "Docked":false, "StarSystem":"LHS 2771", "StarPos":[-5.781,64.094,10.563], "SystemAllegiance":"Independent", "SystemEconomy":"$economy_HighTech;", "SystemEconomy_Localised":"High tech", "SystemGovernment":"$government_Dictatorship;", "SystemGovernment_Localised":"Dictatorship", "SystemSecurity":"$SYSTEM_SECURITY_medium;", "SystemSecurity_Localised":"Medium Security", "Body":"LHS 2771 5", "BodyType":"Planet", "SystemFaction":"LHS 2771 Party", "FactionState":"CivilWar" }
{ "timestamp":"2016-12-27T17:30:42Z", "event":"SupercruiseEntry", "StarSystem":"LHS 2771" }
{ "timestamp":"2016-12-27T17:33:12Z", "event":"SupercruiseExit", "StarSystem":"LHS 2771", "Body":"LHS 2771 5 B Ring", "BodyType":"PlanetaryRing" }
{ "timestamp":"2016-12-27T17:33:46Z", "event":"LaunchFighter", "Loadout":"three", "PlayerControlled":false }
{ "timestamp":"2016-12-27T17:36:02Z", "event":"ReceiveText", "From":"$npc_name_decorate:#name=Oliver Saralik;", "From_Localised":"Oliver Saralik", "Message":"$Pirate_OnDeclarePiracyAttack02;", "Message_Localised":"You choose death then. Very well.", "Channel":"npc" }
{ "timestamp":"2016-12-27T17:36:25Z", "event":"ReceiveText", "From":"$npc_name_decorate:#name=Michael Schoetz;", "From_Localised":"Michael Schoetz", "Message":"$Pirate_OnStartScanCargo06;", "Message_Localised":"Let's see what you are carrying.", "Channel":"npc" }
{ "timestamp":"2016-12-27T17:36:35Z", "event":"ReceiveText", "From":"$npc_name_decorate:#name=Michael Schoetz;", "From_Localised":"Michael Schoetz", "Message":"$Pirate_OnNoCargoFound11;", "Message_Localised":"Another empty cargo hold. My children will go hungry tonight.", "Channel":"npc" }
{ "timestamp":"2016-12-27T17:36:36Z", "event":"ReceiveText", "From":"$npc_name_decorate:#name=Michael Schoetz;", "From_Localised":"Michael Schoetz", "Message":"$Pirate_NotEnoughCargo08;", "Message_Localised":"You're not worth bothering with.", "Channel":"npc" }
{ "timestamp":"2016-12-27T17:36:42Z", "event":"ReceiveText", "From":"$npc_name_decorate:#name=Hel;", "From_Localised":"Hel", "Message":"$Pirate_OnStartScanCargo08;", "Message_Localised":"What do you have in your cargo hold?", "Channel":"npc" }
{ "timestamp":"2016-12-27T17:36:45Z", "event":"ReceiveText", "From":"$npc_name_decorate:#name=Kettengrad;", "From_Localised":"Kettengrad", "Message":"$Pirate_OnStartScanCargo06;", "Message_Localised":"Let's see what you are carrying.", "Channel":"npc" }
{ "timestamp":"2016-12-27T17:36:49Z", "event":"ReceiveText", "From":"$npc_name_decorate:#name=Zack Nilbog;", "From_Localised":"Zack Nilbog", "Message":"$Pirate_OnStartScanCargo07;", "Message_Localised":"Do you have anything of value?", "Channel":"npc" }
{ "timestamp":"2016-12-27T17:36:51Z", "event":"Bounty", "Rewards":[ { "Faction":"LHS 2771 Party", "Reward":24184 } ], "TotalReward":24184, "VictimFaction":"Pirates of LHS 2771" }
{ "timestamp":"2016-12-27T17:36:52Z", "event":"ReceiveText", "From":"$npc_name_decorate:#name=Hel;", "From_Localised":"Hel", "Message":"$Pirate_OnNoCargoFound01;", "Message_Localised":"No cargo? Waste of time...", "Channel":"npc" }
{ "timestamp":"2016-12-27T17:36:54Z", "event":"ReceiveText", "From":"$npc_name_decorate:#name=Barney Stinson;", "From_Localised":"Barney Stinson", "Message":"$Pirate_OnStartScanCargo10;", "Message_Localised":"Let me see what you have.", "Channel":"npc" }
{ "timestamp":"2016-12-27T17:36:55Z", "event":"ReceiveText", "From":"$npc_name_decorate:#name=Kettengrad;", "From_Localised":"Kettengrad", "Message":"$Pirate_OnNoCargoFound06;", "Message_Localised":"Another dream of riches dashed.", "Channel":"npc" }
{ "timestamp":"2016-12-27T17:36:59Z", "event":"ReceiveText", "From":"$npc_name_decorate:#name=Zack Nilbog;", "From_Localised":"Zack Nilbog", "Message":"$Pirate_OnNoCargoFound02;", "Message_Localised":"Bah, nothing.", "Channel":"npc" }
{ "timestamp":"2016-12-27T17:37:00Z", "event":"ReceiveText", "From":"$npc_name_decorate:#name=Arkasha;", "From_Localised":"Arkasha", "Message":"$Pirate_OnStartScanCargo09;", "Message_Localised":"The scan will soon be over.", "Channel":"npc" }
{ "timestamp":"2016-12-27T17:37:04Z", "event":"ReceiveText", "From":"$npc_name_decorate:#name=Barney Stinson;", "From_Localised":"Barney Stinson", "Message":"$Pirate_OnNoCargoFound03;", "Message_Localised":"No cargo? Useless dreg.", "Channel":"npc" }
{ "timestamp":"2016-12-27T17:37:10Z", "event":"ReceiveText", "From":"$npc_name_decorate:#name=Arkasha;", "From_Localised":"Arkasha", "Message":"$Pirate_OnNoCargoFound04;", "Message_Localised":"Another dud? Damn it all!", "Channel":"npc" }
{ "timestamp":"2016-12-27T17:37:38Z", "event":"ReceiveText", "From":"$npc_name_decorate:#name=Michael Schoetz;", "From_Localised":"Michael Schoetz", "Message":"$BadKarmaCriticalDamage06;", "Message_Localised":"I hadn't expected this.", "Channel":"npc" }
{ "timestamp":"2016-12-27T17:37:52Z", "event":"Bounty", "Rewards":[ { "Faction":"LHS 2771 Party", "Reward":69020 } ], "TotalReward":69020, "VictimFaction":"Pirates of LHS 2771" }
{ "timestamp":"2016-12-27T17:38:45Z", "event":"ReceiveText", "From":"$npc_name_decorate:#name=Zack Nilbog;", "From_Localised":"Zack Nilbog", "Message":"$Pirate_OnDeclarePiracyAttack01;", "Message_Localised":"I'll pick your bones clean, greenhorn.", "Channel":"npc" }
{ "timestamp":"2016-12-27T17:40:22Z", "event":"ReceiveText", "From":"$npc_name_decorate:#name=RedEye;", "From_Localised":"RedEye", "Message":"$Pirate_OnStartScanCargo04;", "Message_Localised":"What do you carry, I wonder?", "Channel":"npc" }
{ "timestamp":"2016-12-27T17:40:32Z", "event":"ReceiveText", "From":"$npc_name_decorate:#name=RedEye;", "From_Localised":"RedEye", "Message":"$Pirate_OnNoCargoFound05;", "Message_Localised":"How do you fools make a living?", "Channel":"npc" }
{ "timestamp":"2016-12-27T17:40:35Z", "event":"Bounty", "Rewards":[ { "Faction":"LHS 2771 Party", "Reward":134012 } ], "TotalReward":134012, "VictimFaction":"Pirates of LHS 2771" }
{ "timestamp":"2016-12-27T17:42:24Z", "event":"ReceiveText", "From":"$npc_name_decorate:#name=Kettengrad;", "From_Localised":"Kettengrad", "Message":"$Pirate_OnStartScanCargo09;", "Message_Localised":"The scan will soon be over.", "Channel":"npc" }
{ "timestamp":"2016-12-27T17:42:34Z", "event":"ReceiveText", "From":"$npc_name_decorate:#name=Kettengrad;", "From_Localised":"Kettengrad", "Message":"$Pirate_OnNoCargoFound11;", "Message_Localised":"Another empty cargo hold. My children will go hungry tonight.", "Channel":"npc" }
{ "timestamp":"2016-12-27T17:42:35Z", "event":"ReceiveText", "From":"$npc_name_decorate:#name=Kettengrad;", "From_Localised":"Kettengrad", "Message":"$Pirate_OnDeclarePiracyAttack01;", "Message_Localised":"I'll pick your bones clean, greenhorn.", "Channel":"npc" }
{ "timestamp":"2016-12-27T17:42:39Z", "event":"HeatWarning" }
{ "timestamp":"2016-12-27T17:43:24Z", "event":"ReceiveText", "From":"$npc_name_decorate:#name=Hel;", "From_Localised":"Hel", "Message":"$Pirate_OnStartScanCargo06;", "Message_Localised":"Let's see what you are carrying.", "Channel":"npc" }
{ "timestamp":"2016-12-27T17:43:34Z", "event":"ReceiveText", "From":"$npc_name_decorate:#name=Hel;", "From_Localised":"Hel", "Message":"$Pirate_OnNoCargoFound10;", "Message_Localised":"There's nothing worth my while here.", "Channel":"npc" }
{ "timestamp":"2016-12-27T17:43:43Z", "event":"ReceiveText", "From":"$npc_name_decorate:#name=Kettengrad;", "From_Localised":"Kettengrad", "Message":"$BadKarmaCriticalDamage10;", "Message_Localised":"You've scratched my paint!", "Channel":"npc" }
{ "timestamp":"2016-12-27T17:44:28Z", "event":"Bounty", "Rewards":[ { "Faction":"LHS 2771 Party", "Reward":57535 } ], "TotalReward":57535, "VictimFaction":"Pirates of LHS 2771" }
{ "timestamp":"2016-12-27T17:45:10Z", "event":"ReceiveText", "From":"$npc_name_decorate:#name=Steven Huang;", "From_Localised":"Steven Huang", "Message":"$Pirate_OnStartScanCargo09;", "Message_Localised":"The scan will soon be over.", "Channel":"npc" }
{ "timestamp":"2016-12-27T17:45:20Z", "event":"ReceiveText", "From":"$npc_name_decorate:#name=Steven Huang;", "From_Localised":"Steven Huang", "Message":"$Pirate_OnNoCargoFound09;", "Message_Localised":"Next time you should fill your hold with gold.", "Channel":"npc" }
{ "timestamp":"2016-12-27T17:45:29Z", "event":"Screenshot", "Filename":"\\ED_Pictures\\Screenshot_0065.bmp", "Width":1920, "Height":1200, "System":"LHS 2771", "Body":"LHS 2771 5 B Ring" }
{ "timestamp":"2016-12-27T17:45:30Z", "event":"Screenshot", "Filename":"\\ED_Pictures\\Screenshot_0066.bmp", "Width":1920, "Height":1200, "System":"LHS 2771", "Body":"LHS 2771 5 B Ring" }
{ "timestamp":"2016-12-27T17:45:44Z", "event":"ReceiveText", "From":"$npc_name_decorate:#name=Barney Stinson;", "From_Localised":"Barney Stinson", "Message":"$BadKarmaCriticalDamage05;", "Message_Localised":"No, no!", "Channel":"npc" }
{ "timestamp":"2016-12-27T17:45:51Z", "event":"Screenshot", "Filename":"\\ED_Pictures\\Screenshot_0067.bmp", "Width":1920, "Height":1200, "System":"LHS 2771", "Body":"LHS 2771 5 B Ring" }
{ "timestamp":"2016-12-27T17:45:54Z", "event":"Bounty", "Rewards":[ { "Faction":"LHS 2771 Party", "Reward":89025 } ], "TotalReward":89025, "VictimFaction":"Pirates of LHS 2771" }
{ "timestamp":"2016-12-27T17:45:54Z", "event":"Screenshot", "Filename":"\\ED_Pictures\\Screenshot_0068.bmp", "Width":1920, "Height":1200, "System":"LHS 2771", "Body":"LHS 2771 5 B Ring" }
{ "timestamp":"2016-12-27T17:46:50Z", "event":"ReceiveText", "From":"$npc_name_decorate:#name=RipVan;", "From_Localised":"RipVan", "Message":"$BadKarmaCriticalDamage08;", "Message_Localised":"I've taken too many hits.", "Channel":"npc" }
{ "timestamp":"2016-12-27T17:46:51Z", "event":"ReceiveText", "From":"$npc_name_decorate:#name=Vekk Bookah;", "From_Localised":"Vekk Bookah", "Message":"$Pirate_OnStartScanCargo04;", "Message_Localised":"What do you carry, I wonder?", "Channel":"npc" }
{ "timestamp":"2016-12-27T17:47:01Z", "event":"ReceiveText", "From":"$npc_name_decorate:#name=Vekk Bookah;", "From_Localised":"Vekk Bookah", "Message":"$Pirate_OnNoCargoFound01;", "Message_Localised":"No cargo? Waste of time...", "Channel":"npc" }
{ "timestamp":"2016-12-27T17:47:02Z", "event":"ReceiveText", "From":"$npc_name_decorate:#name=Vekk Bookah;", "From_Localised":"Vekk Bookah", "Message":"$Pirate_NotEnoughCargo05;", "Message_Localised":"There's nothing of value for me here.", "Channel":"npc" }
{ "timestamp":"2016-12-27T17:48:21Z", "event":"ReceiveText", "From":"$npc_name_decorate:#name=Chris Hesketh;", "From_Localised":"Chris Hesketh", "Message":"$Pirate_OnStartScanCargo06;", "Message_Localised":"Let's see what you are carrying.", "Channel":"npc" }
{ "timestamp":"2016-12-27T17:48:31Z", "event":"ReceiveText", "From":"$npc_name_decorate:#name=Chris Hesketh;", "From_Localised":"Chris Hesketh", "Message":"$Pirate_OnNoCargoFound04;", "Message_Localised":"Another dud? Damn it all!", "Channel":"npc" }
{ "timestamp":"2016-12-27T17:49:03Z", "event":"ReceiveText", "From":"$npc_name_decorate:#name=Hel;", "From_Localised":"Hel", "Message":"$Pirate_OnStartScanCargo08;", "Message_Localised":"What do you have in your cargo hold?", "Channel":"npc" }
{ "timestamp":"2016-12-27T17:49:13Z", "event":"ReceiveText", "From":"$npc_name_decorate:#name=Hel;", "From_Localised":"Hel", "Message":"$Pirate_OnNoCargoFound09;", "Message_Localised":"Next time you should fill your hold with gold.", "Channel":"npc" }
{ "timestamp":"2016-12-27T17:49:20Z", "event":"ReceiveText", "From":"$npc_name_decorate:#name=Francisco Vegan;", "From_Localised":"Francisco Vegan", "Message":"$Pirate_OnStartScanCargo07;", "Message_Localised":"Do you have anything of value?", "Channel":"npc" }
{ "timestamp":"2016-12-27T17:49:24Z", "event":"ReceiveText", "From":"$npc_name_decorate:#name=Osholio;", "From_Localised":"Osholio", "Message":"$Pirate_OnStartScanCargo04;", "Message_Localised":"What do you carry, I wonder?", "Channel":"npc" }
{ "timestamp":"2016-12-27T17:49:30Z", "event":"ReceiveText", "From":"$npc_name_decorate:#name=Francisco Vegan;", "From_Localised":"Francisco Vegan", "Message":"$Pirate_OnNoCargoFound05;", "Message_Localised":"How do you fools make a living?", "Channel":"npc" }
{ "timestamp":"2016-12-27T17:49:34Z", "event":"ReceiveText", "From":"$npc_name_decorate:#name=Osholio;", "From_Localised":"Osholio", "Message":"$Pirate_OnNoCargoFound08;", "Message_Localised":"A wasted effort. There's no cargo here.", "Channel":"npc" }
{ "timestamp":"2016-12-27T17:49:37Z", "event":"Screenshot", "Filename":"\\ED_Pictures\\Screenshot_0069.bmp", "Width":1920, "Height":1200, "System":"LHS 2771", "Body":"LHS 2771 5 B Ring" }
{ "timestamp":"2016-12-27T17:49:39Z", "event":"Screenshot", "Filename":"\\ED_Pictures\\Screenshot_0070.bmp", "Width":1920, "Height":1200, "System":"LHS 2771", "Body":"LHS 2771 5 B Ring" }
{ "timestamp":"2016-12-27T17:53:09Z", "event":"ReceiveText", "From":"$npc_name_decorate:#name=Steve McCallister;", "From_Localised":"Steve McCallister", "Message":"$Pirate_OnStartScanCargo06;", "Message_Localised":"Let's see what you are carrying.", "Channel":"npc" }
{ "timestamp":"2016-12-27T17:53:19Z", "event":"ReceiveText", "From":"$npc_name_decorate:#name=Steve McCallister;", "From_Localised":"Steve McCallister", "Message":"$Pirate_OnNoCargoFound11;", "Message_Localised":"Another empty cargo hold. My children will go hungry tonight.", "Channel":"npc" }
{ "timestamp":"2016-12-27T17:53:30Z", "event":"ReceiveText", "From":"$npc_name_decorate:#name=Visidan;", "From_Localised":"Visidan", "Message":"$Pirate_OnStartScanCargo03;", "Message_Localised":"What are you hauling?", "Channel":"npc" }
{ "timestamp":"2016-12-27T17:53:40Z", "event":"ReceiveText", "From":"$npc_name_decorate:#name=Visidan;", "From_Localised":"Visidan", "Message":"$Pirate_OnNoCargoFound11;", "Message_Localised":"Another empty cargo hold. My children will go hungry tonight.", "Channel":"npc" }
{ "timestamp":"2016-12-27T17:54:17Z", "event":"Bounty", "Rewards":[ { "Faction":"LHS 2771 Party", "Reward":162820 } ], "TotalReward":162820, "VictimFaction":"Pirates of LHS 2771" }
{ "timestamp":"2016-12-27T17:54:31Z", "event":"ReceiveText", "From":"$npc_name_decorate:#name=Phineas Wright;", "From_Localised":"Phineas Wright", "Message":"$Pirate_OnStartScanCargo02;", "Message_Localised":"Carrying anything nice?", "Channel":"npc" }
{ "timestamp":"2016-12-27T17:54:36Z", "event":"ReceiveText", "From":"$npc_name_decorate:#name=Hanne Sorensen;", "From_Localised":"Hanne Sorensen", "Message":"$Pirate_OnStartScanCargo03;", "Message_Localised":"What are you hauling?", "Channel":"npc" }
{ "timestamp":"2016-12-27T17:54:41Z", "event":"ReceiveText", "From":"$npc_name_decorate:#name=Phineas Wright;", "From_Localised":"Phineas Wright", "Message":"$Pirate_OnNoCargoFound10;", "Message_Localised":"There's nothing worth my while here.", "Channel":"npc" }
{ "timestamp":"2016-12-27T17:54:45Z", "event":"ReceiveText", "From":"$npc_name_decorate:#name=Hanne Sorensen;", "From_Localised":"Hanne Sorensen", "Message":"$Pirate_OnNoCargoFound11;", "Message_Localised":"Another empty cargo hold. My children will go hungry tonight.", "Channel":"npc" }
{ "timestamp":"2016-12-27T17:55:11Z", "event":"ReceiveText", "From":"$npc_name_decorate:#name=Phineas Wright;", "From_Localised":"Phineas Wright", "Message":"$Pirate_NiggledByNewShip02;", "Message_Localised":"You have just made a big mistake.", "Channel":"npc" }
{ "timestamp":"2016-12-27T17:55:22Z", "event":"ReceiveText", "From":"$npc_name_decorate:#name=Phineas Wright;", "From_Localised":"Phineas Wright", "Message":"$BadKarmaCriticalDamage10;", "Message_Localised":"You've scratched my paint!", "Channel":"npc" }
{ "timestamp":"2016-12-27T17:55:52Z", "event":"ReceiveText", "From":"$npc_name_decorate:#name=Phineas Wright;", "From_Localised":"Phineas Wright", "Message":"$Pirate_NiggledByNewShip01;", "Message_Localised":"Oh, so you think you can take me?", "Channel":"npc" }
{ "timestamp":"2016-12-27T17:56:24Z", "event":"ReceiveText", "From":"$npc_name_decorate:#name=Steve Bingley;", "From_Localised":"Steve Bingley", "Message":"$MinerCriticalDamage04;", "Message_Localised":"I'm just a simple miner!", "Channel":"npc" }
{ "timestamp":"2016-12-27T17:56:26Z", "event":"Bounty", "Rewards":[ { "Faction":"LHS 2771 Party", "Reward":141575 } ], "TotalReward":141575, "VictimFaction":"Pirates of LHS 2771" }
{ "timestamp":"2016-12-27T17:57:12Z", "event":"ReceiveText", "From":"$npc_name_decorate:#name=Fabel ellis;", "From_Localised":"Fabel ellis", "Message":"$MinerCriticalDamage03;", "Message_Localised":"You'll pay for this, murderer!", "Channel":"npc" }
{ "timestamp":"2016-12-27T17:57:22Z", "event":"ReceiveText", "From":"$npc_name_decorate:#name=Syd Barrett;", "From_Localised":"Syd Barrett", "Message":"$Pirate_OnStartScanCargo02;", "Message_Localised":"Carrying anything nice?", "Channel":"npc" }
{ "timestamp":"2016-12-27T17:57:22Z", "event":"Bounty", "Rewards":[ { "Faction":"LHS 2771 Party", "Reward":22362 } ], "TotalReward":22362, "VictimFaction":"Pirates of LHS 2771" }
{ "timestamp":"2016-12-27T17:57:31Z", "event":"ReceiveText", "From":"$npc_name_decorate:#name=Ohmwrecker;", "From_Localised":"Ohmwrecker", "Message":"$MinerCriticalDamage01;", "Message_Localised":"No, no, nooooooo!", "Channel":"npc" }
{ "timestamp":"2016-12-27T17:57:32Z", "event":"ReceiveText", "From":"$npc_name_decorate:#name=Syd Barrett;", "From_Localised":"Syd Barrett", "Message":"$Pirate_OnNoCargoFound04;", "Message_Localised":"Another dud? Damn it all!", "Channel":"npc" }
{ "timestamp":"2016-12-27T17:58:09Z", "event":"DockFighter" }
{ "timestamp":"2016-12-27T17:58:54Z", "event":"ReceiveText", "From":"$npc_name_decorate:#name=Steve McCallister;", "From_Localised":"Steve McCallister", "Message":"$Pirate_OnStartScanCargo04;", "Message_Localised":"What do you carry, I wonder?", "Channel":"npc" }
{ "timestamp":"2016-12-27T17:58:58Z", "event":"ReceiveText", "From":"$npc_name_decorate:#name=Visidan;", "From_Localised":"Visidan", "Message":"$Pirate_OnStartScanCargo05;", "Message_Localised":"What treats do you carry?", "Channel":"npc" }
{ "timestamp":"2016-12-27T17:59:04Z", "event":"ReceiveText", "From":"$npc_name_decorate:#name=Steve McCallister;", "From_Localised":"Steve McCallister", "Message":"$Pirate_OnNoCargoFound03;", "Message_Localised":"No cargo? Useless dreg.", "Channel":"npc" }
{ "timestamp":"2016-12-27T17:59:08Z", "event":"ReceiveText", "From":"$npc_name_decorate:#name=Visidan;", "From_Localised":"Visidan", "Message":"$Pirate_OnNoCargoFound06;", "Message_Localised":"Another dream of riches dashed.", "Channel":"npc" }
{ "timestamp":"2016-12-27T17:59:20Z", "event":"LaunchFighter", "Loadout":"three", "PlayerControlled":false }
{ "timestamp":"2016-12-27T17:59:22Z", "event":"ReceiveText", "From":"$npc_name_decorate:#name=Jamie;", "From_Localised":"Jamie", "Message":"$Pirate_OnStartScanCargo01;", "Message_Localised":"I see all!", "Channel":"npc" }
{ "timestamp":"2016-12-27T17:59:27Z", "event":"ReceiveText", "From":"$npc_name_decorate:#name=Jamie;", "From_Localised":"Jamie", "Message":"$Pirate_OnDeclarePiracyAttack03;", "Message_Localised":"Now you die, victim.", "Channel":"npc" }
{ "timestamp":"2016-12-27T18:00:21Z", "event":"ReceiveText", "From":"$npc_name_decorate:#name=Hanne Sorensen;", "From_Localised":"Hanne Sorensen", "Message":"$Pirate_OnStartScanCargo05;", "Message_Localised":"What treats do you carry?", "Channel":"npc" }
{ "timestamp":"2016-12-27T18:00:31Z", "event":"ReceiveText", "From":"$npc_name_decorate:#name=Hanne Sorensen;", "From_Localised":"Hanne Sorensen", "Message":"$Pirate_OnNoCargoFound11;", "Message_Localised":"Another empty cargo hold. My children will go hungry tonight.", "Channel":"npc" }
{ "timestamp":"2016-12-27T18:01:08Z", "event":"Bounty", "Rewards":[ { "Faction":"LHS 2771 Party", "Reward":198880 } ], "TotalReward":198880, "VictimFaction":"Pirates of LHS 2771" }
{ "timestamp":"2016-12-27T18:01:25Z", "event":"HeatWarning" }
{ "timestamp":"2016-12-27T18:04:03Z", "event":"ReceiveText", "From":"$npc_name_decorate:#name=Kalvin;", "From_Localised":"Kalvin", "Message":"$Pirate_OnStartScanCargo03;", "Message_Localised":"What are you hauling?", "Channel":"npc" }
{ "timestamp":"2016-12-27T18:04:13Z", "event":"ReceiveText", "From":"$npc_name_decorate:#name=Kalvin;", "From_Localised":"Kalvin", "Message":"$Pirate_OnNoCargoFound11;", "Message_Localised":"Another empty cargo hold. My children will go hungry tonight.", "Channel":"npc" }
{ "timestamp":"2016-12-27T18:04:15Z", "event":"Bounty", "Rewards":[ { "Faction":"LHS 2771 Party", "Reward":124722 } ], "TotalReward":124722, "VictimFaction":"Pirates of LHS 2771" }
{ "timestamp":"2016-12-27T18:05:15Z", "event":"DockFighter" }
{ "timestamp":"2016-12-27T18:05:32Z", "event":"SupercruiseEntry", "StarSystem":"LHS 2771" }
{ "timestamp":"2016-12-27T18:10:13Z", "event":"SupercruiseExit", "StarSystem":"LHS 2771", "Body":"Sarafanov Vision", "BodyType":"Station" }
{ "timestamp":"2016-12-27T18:10:40Z", "event":"DockingRequested", "StationName":"Sarafanov Vision" }
{ "timestamp":"2016-12-27T18:10:40Z", "event":"ReceiveText", "From":"Sarafanov Vision", "Message":"$DockingChatter_Cordial;", "Message_Localised":"Welcome back, Commander.", "Channel":"npc" }
{ "timestamp":"2016-12-27T18:10:42Z", "event":"ReceiveText", "From":"Sarafanov Vision", "Message":"$STATION_docking_granted;", "Message_Localised":"Docking request granted.", "Channel":"npc" }
{ "timestamp":"2016-12-27T18:10:42Z", "event":"DockingGranted", "LandingPad":40, "StationName":"Sarafanov Vision" }
{ "timestamp":"2016-12-27T18:11:14Z", "event":"ReceiveText", "From":"Sarafanov Vision", "Message":"$STATION_NoFireZone_entered;", "Message_Localised":"No fire zone entered.", "Channel":"npc" }
{ "timestamp":"2016-12-27T18:13:01Z", "event":"Docked", "StationName":"Sarafanov Vision", "StationType":"Coriolis", "StarSystem":"LHS 2771", "StationFaction":"LHS 2771 Party", "StationGovernment":"$government_Dictatorship;", "StationGovernment_Localised":"Dictatorship", "StationEconomy":"$economy_HighTech;", "StationEconomy_Localised":"High tech" }
{ "timestamp":"2016-12-27T18:33:39Z", "event":"RefuelAll", "Cost":139, "Amount":2.740364 }
{ "timestamp":"2016-12-27T18:33:40Z", "event":"RepairAll", "Cost":8377 }
{ "timestamp":"2016-12-27T18:33:42Z", "event":"BuyAmmo", "Cost":5906 }
{ "timestamp":"2016-12-27T18:37:19Z", "event":"Undocked", "StationName":"Sarafanov Vision", "StationType":"Coriolis" }
{ "timestamp":"2016-12-27T18:37:53Z", "event":"ReceiveText", "From":"Sarafanov Vision", "Message":"$DockingTresspassWarningComms;", "Message_Localised":"Unauthorised access infraction detected, clear starport immediately to avoid lethal response", "Channel":"npc" }
{ "timestamp":"2016-12-27T18:37:58Z", "event":"ReceiveText", "From":"Sarafanov Vision", "Message":"$DockingOffenceCleared;", "Message_Localised":"Starport infractions cleared, docking privileges restored.", "Channel":"npc" }
{ "timestamp":"2016-12-27T18:38:06Z", "event":"ReceiveText", "From":"Sarafanov Vision", "Message":"$STATION_NoFireZone_exited;", "Message_Localised":"No fire zone left.", "Channel":"npc" }
{ "timestamp":"2016-12-27T18:40:34Z", "event":"FSDJump", "StarSystem":"Tellus", "StarPos":[3.344,69.281,-1.656], "SystemAllegiance":"Alliance", "SystemEconomy":"$economy_HighTech;", "SystemEconomy_Localised":"High tech", "SystemGovernment":"$government_Corporate;", "SystemGovernment_Localised":"Corporate", "SystemSecurity":"$SYSTEM_SECURITY_medium;", "SystemSecurity_Localised":"Medium Security", "JumpDist":16.108, "FuelUsed":9.904853, "FuelLevel":54.095146, "SystemFaction":"Tellus Group", "FactionState":"Boom" }
{ "timestamp":"2016-12-27T18:41:08Z", "event":"FuelScoop", "Scooped":8.985039, "Total":63.080185 }
{ "timestamp":"2016-12-27T18:41:59Z", "event":"FSDJump", "StarSystem":"Bragurom Du", "StarPos":[17.438,61.188,-6.531], "SystemAllegiance":"Alliance", "SystemEconomy":"$economy_HighTech;", "SystemEconomy_Localised":"High tech", "SystemGovernment":"$government_Patronage;", "SystemGovernment_Localised":"Patronage", "SystemSecurity":"$SYSTEM_SECURITY_high;", "SystemSecurity_Localised":"High Security", "JumpDist":16.968, "FuelUsed":11.413515, "FuelLevel":51.666672, "SystemFaction":"Bragurom Du Alliance Assembly", "FactionState":"Boom" }
{ "timestamp":"2016-12-27T18:42:28Z", "event":"FuelScoop", "Scooped":3.984383, "Total":55.651054 }
{ "timestamp":"2016-12-27T18:43:28Z", "event":"FSDJump", "StarSystem":"78 Iota Leonis", "StarPos":[31.781,69.281,-12.188], "SystemAllegiance":"", "SystemEconomy":"$economy_None;", "SystemEconomy_Localised":"None", "SystemGovernment":"$government_None;", "SystemGovernment_Localised":"None", "SystemSecurity":"$SYSTEM_SECURITY_low;", "SystemSecurity_Localised":"Low Security", "JumpDist":17.414, "FuelUsed":12.139270, "FuelLevel":43.511784 }
{ "timestamp":"2016-12-27T18:44:21Z", "event":"FuelScoop", "Scooped":15.216080, "Total":58.727863 }
{ "timestamp":"2016-12-27T18:45:51Z", "event":"FSDJump", "StarSystem":"Wolf 397", "StarPos":[40.000,79.219,-10.406], "SystemAllegiance":"Alliance", "SystemEconomy":"$economy_Colony;", "SystemEconomy_Localised":"Colony", "SystemGovernment":"$government_Democracy;", "SystemGovernment_Localised":"Democracy", "SystemSecurity":"$SYSTEM_SECURITY_medium;", "SystemSecurity_Localised":"Medium Security", "JumpDist":13.018, "FuelUsed":5.476373, "FuelLevel":53.251492, "SystemFaction":"Wolf 397 Independents" }
{ "timestamp":"2016-12-27T18:46:28Z", "event":"FuelScoop", "Scooped":2.794872, "Total":56.046364 }
