{ "timestamp":"2016-12-22T08:19:24Z", "event":"Fileheader", "part":1, "language":"English\\UK", "gameversion":"2.2", "build":"r126898/r0 " }
{ "timestamp":"2016-12-22T08:20:14Z", "event":"LoadGame", "Commander":"Singlemalt", "Ship":"Cutter", "ShipID":16, "GameMode":"Open", "Credits":171747537, "Loan":0 }
{ "timestamp":"2016-12-22T08:20:14Z", "event":"Rank", "Combat":7, "Trade":8, "Explore":7, "Empire":14, "Federation":12, "CQC":0 }
{ "timestamp":"2016-12-22T08:20:14Z", "event":"Progress", "Combat":16, "Trade":100, "Explore":48, "Empire":100, "Federation":40, "CQC":0 }
{ "timestamp":"2016-12-22T08:20:57Z", "event":"Location", "Docked":true, "StationName":"Jefferies Port", "StationType":"Coriolis", "StarSystem":"Ugrivirii", "StarPos":[132.500,-99.063,-3.281], "SystemAllegiance":"Empire", "SystemEconomy":"$economy_Industrial;", "SystemEconomy_Localised":"Industrial", "SystemGovernment":"$government_Corporate;", "SystemGovernment_Localised":"Corporate", "SystemSecurity":"$SYSTEM_SECURITY_high;", "SystemSecurity_Localised":"High Security", "Body":"Jefferies Port", "BodyType":"Station", "SystemFaction":"Ugrivirii Life Inc" }
{ "timestamp":"2016-12-22T08:20:58Z", "event":"Docked", "StationName":"Jefferies Port", "StationType":"Coriolis", "StarSystem":"Ugrivirii", "StationFaction":"Ugrivirii Life Inc", "StationGovernment":"$government_Corporate;", "StationGovernment_Localised":"Corporate", "StationAllegiance":"Empire", "StationEconomy":"$economy_Industrial;", "StationEconomy_Localised":"Industrial" }
{ "timestamp":"2016-12-22T08:23:16Z", "event":"Undocked", "StationName":"Jefferies Port", "StationType":"Coriolis" }
{ "timestamp":"2016-12-22T08:24:02Z", "event":"ReceiveText", "From":"Jefferies Port", "Message":"$STATION_NoFireZone_exited;", "Message_Localised":"No fire zone left.", "Channel":"npc" }
{ "timestamp":"2016-12-22T08:24:20Z", "event":"ReceiveText", "From":"$npc_name_decorate:#name=Dash Riprock;", "From_Localised":"Dash Riprock", "Message":"$Commuter_AuthorityScan04;", "Message_Localised":"Is this really necessary?", "Channel":"npc" }
{ "timestamp":"2016-12-22T08:27:21Z", "event":"SupercruiseEntry", "StarSystem":"Ugrivirii" }
{ "timestamp":"2016-12-22T08:28:53Z", "event":"SupercruiseExit", "StarSystem":"Ugrivirii", "Body":"Ugrivirii 2 A Ring", "BodyType":"PlanetaryRing" }
{ "timestamp":"2016-12-22T08:29:27Z", "event":"ReceiveText", "From":"$npc_name_decorate:#name=Julius;", "From_Localised":"Julius", "Message":"$Pirate_OnStartScanCargo11;", "Message_Localised":"I hope you have something good in your hold.", "Channel":"npc" }
{ "timestamp":"2016-12-22T08:29:36Z", "event":"SendText", "To":"local", "Message":"Tout va bien Commandant? o7" }
{ "timestamp":"2016-12-22T08:29:37Z", "event":"ReceiveText", "From":"$npc_name_decorate:#name=Julius;", "From_Localised":"Julius", "Message":"$Pirate_OnNoCargoFound05;", "Message_Localised":"How do you fools make a living?", "Channel":"npc" }
{ "timestamp":"2016-12-22T08:29:41Z", "event":"ReceiveText", "From":"$npc_name_decorate:#name=Malte Titze;", "From_Localised":"Malte Titze", "Message":"$Pirate_OnStartScanCargo05;", "Message_Localised":"What treats do you carry?", "Channel":"npc" }
{ "timestamp":"2016-12-22T08:29:51Z", "event":"ReceiveText", "From":"$npc_name_decorate:#name=Malte Titze;", "From_Localised":"Malte Titze", "Message":"$Pirate_OnNoCargoFound06;", "Message_Localised":"Another dream of riches dashed.", "Channel":"npc" }
{ "timestamp":"2016-12-22T08:29:54Z", "event":"LaunchFighter", "Loadout":"one", "PlayerControlled":false }
{ "timestamp":"2016-12-22T08:30:16Z", "event":"ReceiveText", "From":"$ShipName_Police_Empire;", "From_Localised":"Internal Security Service", "Message":"$Police_ArrivedAtInvestigationLocation05;", "Message_Localised":"A crime has been reported here. All ships will be scanned.", "Channel":"npc" }
{ "timestamp":"2016-12-22T08:30:34Z", "event":"ReceiveText", "From":"$ShipName_Police_Empire;", "From_Localised":"Internal Security Service", "Message":"$Police_ArriveInvestigate03;", "Message_Localised":"Crime response flight deployed.", "Channel":"npc" }
{ "timestamp":"2016-12-22T08:30:47Z", "event":"ReceiveText", "From":"$npc_name_decorate:#name=Julius;", "From_Localised":"Julius", "Message":"$BadKarmaCriticalDamage06;", "Message_Localised":"I hadn't expected this.", "Channel":"npc" }
{ "timestamp":"2016-12-22T08:31:00Z", "event":"ReceiveText", "From":"$npc_name_decorate:#name=Malte Titze;", "From_Localised":"Malte Titze", "Message":"$BadKarmaCriticalDamage02;", "Message_Localised":"Impossible!", "Channel":"npc" }
{ "timestamp":"2016-12-22T08:32:00Z", "event":"SendText", "To":"$cmdr_decorate:#name=@rgentik;", "To_Localised":"CMDR @rgentik", "Message":"ca roule?" }
{ "timestamp":"2016-12-22T08:32:08Z", "event":"ReceiveText", "From":"$ShipName_Police_Empire;", "From_Localised":"Internal Security Service", "Message":"$Police_ArrivedAtInvestigationLocation05;", "Message_Localised":"A crime has been reported here. All ships will be scanned.", "Channel":"npc" }
{ "timestamp":"2016-12-22T08:32:26Z", "event":"ReceiveText", "From":"$ShipName_Police_Empire;", "From_Localised":"Internal Security Service", "Message":"$Police_ArrivedAtInvestigationLocation06;", "Message_Localised":"Crime response team in situ. Security sweep and scan commencing.", "Channel":"npc" }
{ "timestamp":"2016-12-22T08:32:36Z", "event":"ReceiveText", "From":"$npc_name_decorate:#name=John Barman;", "From_Localised":"John Barman", "Message":"$BadKarmaCriticalDamage09;", "Message_Localised":"I can see when I'm outmatched.", "Channel":"npc" }
{ "timestamp":"2016-12-22T08:34:03Z", "event":"ReceiveText", "From":"", "Message":"$Escort_EscortJump04;", "Message_Localised":"Another one? I need a career change...", "Channel":"npc" }
{ "timestamp":"2016-12-22T08:34:06Z", "event":"ReceiveText", "From":"$npc_name_decorate:#name=Chris Breese;", "From_Localised":"Chris Breese", "Message":"$BadKarmaCriticalDamage02;", "Message_Localised":"Impossible!", "Channel":"npc" }
{ "timestamp":"2016-12-22T08:34:32Z", "event":"ReceiveText", "From":"$npc_name_decorate:#name=Rob Stewart;", "From_Localised":"Rob Stewart", "Message":"$BadKarmaCriticalDamage03;", "Message_Localised":"You fight a good fight!", "Channel":"npc" }
{ "timestamp":"2016-12-22T08:34:44Z", "event":"ReceiveText", "From":"$npc_name_decorate:#name=Steven A Brown;", "From_Localised":"Steven A Brown", "Message":"$BadKarmaCriticalDamage01;", "Message_Localised":"How is this happening?!", "Channel":"npc" }
{ "timestamp":"2016-12-22T08:35:28Z", "event":"ReceiveText", "From":"$cmdr_decorate:#name=@rgentik;", "From_Localised":"CMDR @rgentik", "Message":"salut ", "Channel":"local" }
{ "timestamp":"2016-12-22T08:35:40Z", "event":"ReceiveText", "From":"$cmdr_decorate:#name=@rgentik;", "From_Localised":"CMDR @rgentik", "Message":"pas l'ahbitude d'avoir de la com en parti ouvert", "Channel":"local" }
{ "timestamp":"2016-12-22T08:35:53Z", "event":"SendText", "To":"local", "Message":"en meme temps c'est un peu le but :D" }
{ "timestamp":"2016-12-22T08:35:53Z", "event":"ReceiveText", "From":"$cmdr_decorate:#name=HeavyGunner;", "From_Localised":"CMDR HeavyGunner", "Message":"yo salut", "Channel":"local" }
{ "timestamp":"2016-12-22T08:36:14Z", "event":"ReceiveText", "From":"$cmdr_decorate:#name=HeavyGunner;", "From_Localised":"CMDR HeavyGunner", "Message":"t dèou frerot", "Channel":"local" }
{ "timestamp":"2016-12-22T08:36:30Z", "event":"SendText", "To":"local", "Message":"Montelimar ici" }
{ "timestamp":"2016-12-22T08:36:44Z", "event":"ReceiveText", "From":"$cmdr_decorate:#name=@rgentik;", "From_Localised":"CMDR @rgentik", "Message":"salut ", "Channel":"player" }
{ "timestamp":"2016-12-22T08:37:04Z", "event":"ReceiveText", "From":"$cmdr_decorate:#name=HeavyGunner;", "From_Localised":"CMDR HeavyGunner", "Message":"moulins allier auvergne", "Channel":"local" }
{ "timestamp":"2016-12-22T08:37:12Z", "event":"ReceiveText", "From":"$cmdr_decorate:#name=@rgentik;", "From_Localised":"CMDR @rgentik", "Message":"je vais a jefferies port la ou on mange des bon travers de porc je t'invite à ma table ", "Channel":"player" }
{ "timestamp":"2016-12-22T08:37:20Z", "event":"ReceiveText", "From":"$cmdr_decorate:#name=@rgentik;", "From_Localised":"CMDR @rgentik", "Message":":)", "Channel":"player" }
{ "timestamp":"2016-12-22T08:37:21Z", "event":"ReceiveText", "From":"$ShipName_Police_Empire;", "From_Localised":"Internal Security Service", "Message":"$Police_ThankYouPassedStopAndSearch07;", "Message_Localised":"Your scan is clear. Carry on with your journey, Commander.", "Channel":"npc" }
{ "timestamp":"2016-12-22T08:37:38Z", "event":"SendText", "To":"$cmdr_decorate:#name=@rgentik;", "To_Localised":"CMDR @rgentik", "Message":"euuh ok je reste la" }
{ "timestamp":"2016-12-22T08:37:51Z", "event":"ReceiveText", "From":"$cmdr_decorate:#name=@rgentik;", "From_Localised":"CMDR @rgentik", "Message":"lol ", "Channel":"player" }
{ "timestamp":"2016-12-22T08:37:58Z", "event":"ReceiveText", "From":"$cmdr_decorate:#name=HeavyGunner;", "From_Localised":"CMDR HeavyGunner", "Message":"tu kiff la biere lol", "Channel":"local" }
{ "timestamp":"2016-12-22T08:38:02Z", "event":"ReceiveText", "From":"$cmdr_decorate:#name=@rgentik;", "From_Localised":"CMDR @rgentik", "Message":"si tu cherche du monde pour voler sur elite ", "Channel":"player" }
{ "timestamp":"2016-12-22T08:38:16Z", "event":"ReceiveText", "From":"$cmdr_decorate:#name=@rgentik;", "From_Localised":"CMDR @rgentik", "Message":"passe nous voir sur notre serveur vocal teamspeak adresse : leslcg.fr", "Channel":"player" }
{ "timestamp":"2016-12-22T08:38:16Z", "event":"ReceiveText", "From":"$npc_name_decorate:#name=Regina Perrins;", "From_Localised":"Regina Perrins", "Message":"$Miner_OnJumpCargoFull03;", "Message_Localised":"Maxed out and good to go, heading home.", "Channel":"npc" }
{ "timestamp":"2016-12-22T08:38:27Z", "event":"WingJoin", "Others":[] }
{ "timestamp":"2016-12-22T08:38:27Z", "event":"WingAdd", "Name":"HeavyGunner" }
{ "timestamp":"2016-12-22T08:38:55Z", "event":"SendText", "To":"wing", "Message":"pas de voix chez moi :'(" }
{ "timestamp":"2016-12-22T08:39:09Z", "event":"ReceiveText", "From":"$cmdr_decorate:#name=@rgentik;", "From_Localised":"CMDR @rgentik", "Message":"t'inquiete pas on est pas une secte juste un collectif de gamers et on du monde sur elite comme moi .comme on dit plus on est nombreuxet plus on rit, on partage, on s'entre aide et tout le reste ", "Channel":"player" }
{ "timestamp":"2016-12-22T08:39:24Z", "event":"SendText", "To":"$cmdr_decorate:#name=@rgentik;", "To_Localised":"CMDR @rgentik", "Message":"noté" }
{ "timestamp":"2016-12-22T08:39:45Z", "event":"ReceiveText", "From":"$npc_name_decorate:#name=Timothé Hatan;", "From_Localised":"Timothￃﾩ Hatan", "Message":"$Escort_EscortJump09;", "Message_Localised":"Mission failed. Time for me to leave.", "Channel":"npc" }
{ "timestamp":"2016-12-22T08:39:52Z", "event":"ReceiveText", "From":"$npc_name_decorate:#name=Sagima Aldegoth;", "From_Localised":"Sagima Aldegoth", "Message":"$Escort_EscortStayAndFight02;", "Message_Localised":"This is where I make my stand, fight me!", "Channel":"npc" }
{ "timestamp":"2016-12-22T08:39:52Z", "event":"ReceiveText", "From":"$npc_name_decorate:#name=Markus Kaddatz;", "From_Localised":"Markus Kaddatz", "Message":"$Escort_EscortStayAndFight02;", "Message_Localised":"This is where I make my stand, fight me!", "Channel":"npc" }
{ "timestamp":"2016-12-22T08:40:55Z", "event":"ReceiveText", "From":"&HeavyGunner", "Message":"pas voix non plus", "Channel":"wing" }
{ "timestamp":"2016-12-22T08:41:03Z", "event":"ReceiveText", "From":"&HeavyGunner", "Message":"laisse tomber", "Channel":"wing" }
{ "timestamp":"2016-12-22T08:41:13Z", "event":"ReceiveText", "From":"&HeavyGunner", "Message":"on farme", "Channel":"wing" }
{ "timestamp":"2016-12-22T08:41:20Z", "event":"SendText", "To":"wing", "Message":"personne ici" }
{ "timestamp":"2016-12-22T08:41:30Z", "event":"SendText", "To":"wing", "Message":"reset?" }
{ "timestamp":"2016-12-22T08:42:49Z", "event":"DockFighter" }
{ "timestamp":"2016-12-22T08:43:15Z", "event":"SendText", "To":"wing", "Message":"j'ai recupéré mon escorte on peut essayer la zone d'a cote" }
{ "timestamp":"2016-12-22T08:43:29Z", "event":"ReceiveText", "From":"&HeavyGunner", "Message":"aok", "Channel":"player" }
{ "timestamp":"2016-12-22T08:43:35Z", "event":"ReceiveText", "From":"$ShipName_Police_Empire;", "From_Localised":"Internal Security Service", "Message":"$Police_ThankYouPassedStopAndSearch03;", "Message_Localised":"All clear. Carry on, pilot.", "Channel":"npc" }
{ "timestamp":"2016-12-22T08:44:15Z", "event":"ReceiveText", "From":"$npc_name_decorate:#name=Markus Kaddatz;", "From_Localised":"Markus Kaddatz", "Message":"$Escort_EscortJump05;", "Message_Localised":"That's it then, time to leave.", "Channel":"npc" }
{ "timestamp":"2016-12-22T08:44:39Z", "event":"SupercruiseEntry", "StarSystem":"Ugrivirii" }
{ "timestamp":"2016-12-22T08:45:38Z", "event":"SendText", "To":"wing", "Message":"il va faire noir :D" }
{ "timestamp":"2016-12-22T08:45:48Z", "event":"ReceiveText", "From":"&HeavyGunner", "Message":"lol tag", "Channel":"wing" }
{ "timestamp":"2016-12-22T08:46:24Z", "event":"SupercruiseExit", "StarSystem":"Ugrivirii", "Body":"Ugrivirii 2 B Ring", "BodyType":"PlanetaryRing" }
{ "timestamp":"2016-12-22T08:46:55Z", "event":"LaunchFighter", "Loadout":"one", "PlayerControlled":false }
{ "timestamp":"2016-12-22T08:48:27Z", "event":"ReceiveText", "From":"$ShipName_Police_Empire;", "From_Localised":"Internal Security Service", "Message":"$Police_ArriveInvestigate01;", "Message_Localised":"Investigating reports of crime.", "Channel":"npc" }
{ "timestamp":"2016-12-22T08:48:28Z", "event":"ReceiveText", "From":"$npc_name_decorate:#name=Jackie Reding;", "From_Localised":"Jackie Reding", "Message":"$Escort_AttackDutyStart02;", "Message_Localised":"Hostiles detected, protect the lead ship at all costs.", "Channel":"npc" }
{ "timestamp":"2016-12-22T08:48:34Z", "event":"ReceiveText", "From":"$ShipName_Police_Empire;", "From_Localised":"Internal Security Service", "Message":"$Police_ArrivedAtInvestigationLocation04;", "Message_Localised":"Rapid deployment unit deployed. Initiating scans of all ships in the area.", "Channel":"npc" }
{ "timestamp":"2016-12-22T08:48:34Z", "event":"ReceiveText", "From":"$ShipName_Police_Empire;", "From_Localised":"Internal Security Service", "Message":"$Police_ArrivedAtInvestigationLocation05;", "Message_Localised":"A crime has been reported here. All ships will be scanned.", "Channel":"npc" }
{ "timestamp":"2016-12-22T08:49:00Z", "event":"ReceiveText", "From":"$npc_name_decorate:#name=Daniel Møllgaard Andersen;", "From_Localised":"Daniel Mￃﾸllgaard Andersen", "Message":"$Pirate_OnStartScanCargo04;", "Message_Localised":"What do you carry, I wonder?", "Channel":"npc" }
{ "timestamp":"2016-12-22T08:49:03Z", "event":"ReceiveText", "From":"$npc_name_decorate:#name=Federal Agent;", "From_Localised":"Federal Agent", "Message":"$PowersPirate_OnStartScanCargo05;", "Message_Localised":"We're in need of some contributions. You got any?", "Channel":"npc" }
{ "timestamp":"2016-12-22T08:49:05Z", "event":"ReceiveText", "From":"$npc_name_decorate:#name=Jallu;", "From_Localised":"Jallu", "Message":"$Pirate_OnStartScanCargo07;", "Message_Localised":"Do you have anything of value?", "Channel":"npc" }
{ "timestamp":"2016-12-22T08:49:10Z", "event":"ReceiveText", "From":"$npc_name_decorate:#name=Daniel Møllgaard Andersen;", "From_Localised":"Daniel Mￃﾸllgaard Andersen", "Message":"$Pirate_OnNoCargoFound11;", "Message_Localised":"Another empty cargo hold. My children will go hungry tonight.", "Channel":"npc" }
{ "timestamp":"2016-12-22T08:49:13Z", "event":"ReceiveText", "From":"$npc_name_decorate:#name=Brian;", "From_Localised":"Brian", "Message":"$Pirate_OnDeclarePiracyAttack06;", "Message_Localised":"Prepare for death, fool!", "Channel":"npc" }
{ "timestamp":"2016-12-22T08:49:13Z", "event":"ReceiveText", "From":"$npc_name_decorate:#name=Federal Agent;", "From_Localised":"Federal Agent", "Message":"$PowersPirate_OnNoCargoFound05;", "Message_Localised":"They can't say I didn't check.", "Channel":"npc" }
{ "timestamp":"2016-12-22T08:49:15Z", "event":"ReceiveText", "From":"$npc_name_decorate:#name=Jallu;", "From_Localised":"Jallu", "Message":"$Pirate_OnNoCargoFound02;", "Message_Localised":"Bah, nothing.", "Channel":"npc" }
{ "timestamp":"2016-12-22T08:49:40Z", "event":"Bounty", "Rewards":[ { "Faction":"Ugrivirii Life Inc", "Reward":1600 }, { "Faction":"Empire", "Reward":20655 } ], "TotalReward":22255, "VictimFaction":"Noctilucent Dyn", "SharedWithOthers":1 }
{ "timestamp":"2016-12-22T08:49:59Z", "event":"ReceiveText", "From":"$ShipName_Police_Empire;", "From_Localised":"Internal Security Service", "Message":"$Police_ArriveReinforcement01;", "Message_Localised":"Reinforcements incoming.", "Channel":"npc" }
{ "timestamp":"2016-12-22T08:50:05Z", "event":"ReceiveText", "From":"$ShipName_Police_Empire;", "From_Localised":"Internal Security Service", "Message":"$Police_ArriveReinforcement05;", "Message_Localised":"Emergency reserve force deploying.", "Channel":"npc" }
{ "timestamp":"2016-12-22T08:50:05Z", "event":"ReceiveText", "From":"$ShipName_Police_Empire;", "From_Localised":"Internal Security Service", "Message":"$Police_ArriveReinforcement03;", "Message_Localised":"We're responding to an emergency signal.", "Channel":"npc" }
{ "timestamp":"2016-12-22T08:50:09Z", "event":"ReceiveText", "From":"$npc_name_decorate:#name=Jackie Reding;", "From_Localised":"Jackie Reding", "Message":"$BadKarmaCriticalDamage08;", "Message_Localised":"I've taken too many hits.", "Channel":"npc" }
{ "timestamp":"2016-12-22T08:50:12Z", "event":"ReceiveText", "From":"$npc_name_decorate:#name=Daniel Møllgaard Andersen;", "From_Localised":"Daniel Mￃﾸllgaard Andersen", "Message":"$BadKarmaCriticalDamage09;", "Message_Localised":"I can see when I'm outmatched.", "Channel":"npc" }
{ "timestamp":"2016-12-22T08:50:12Z", "event":"ReceiveText", "From":"$npc_name_decorate:#name=Ilya Muromets;", "From_Localised":"Ilya Muromets", "Message":"$Pirate_OnStartScanCargo04;", "Message_Localised":"What do you carry, I wonder?", "Channel":"npc" }
{ "timestamp":"2016-12-22T08:50:20Z", "event":"Bounty", "Rewards":[ { "Faction":"Ugrivirii Life Inc", "Reward":14560 } ], "TotalReward":14560, "VictimFaction":"Noctilucent Dyn" }
{ "timestamp":"2016-12-22T08:50:22Z", "event":"ReceiveText", "From":"$npc_name_decorate:#name=Ilya Muromets;", "From_Localised":"Ilya Muromets", "Message":"$Pirate_OnNoCargoFound10;", "Message_Localised":"There's nothing worth my while here.", "Channel":"npc" }
{ "timestamp":"2016-12-22T08:50:26Z", "event":"ReceiveText", "From":"$npc_name_decorate:#name=Imperial Supply;", "From_Localised":"Imperial Supply", "Message":"$BadKarmaCriticalDamage03;", "Message_Localised":"You fight a good fight!", "Channel":"npc" }
{ "timestamp":"2016-12-22T08:50:39Z", "event":"SendText", "To":"wing", "Message":"groupe de 5" }
{ "timestamp":"2016-12-22T08:50:58Z", "event":"ReceiveText", "From":"&HeavyGunner", "Message":"k", "Channel":"wing" }
{ "timestamp":"2016-12-22T08:50:59Z", "event":"ReceiveText", "From":"$npc_name_decorate:#name=Federal Agent;", "From_Localised":"Federal Agent", "Message":"$Escort_NearDeath01;", "Message_Localised":"It's no good, I can't manoeuvre.", "Channel":"npc" }
{ "timestamp":"2016-12-22T08:51:06Z", "event":"Bounty", "Rewards":[ { "Faction":"Ugrivirii Life Inc", "Reward":30737 } ], "TotalReward":30737, "VictimFaction":"Felicia Winters", "SharedWithOthers":1 }
{ "timestamp":"2016-12-22T08:51:10Z", "event":"SendText", "To":"$cmdr_decorate:#name=HeavyGunner;", "To_Localised":"CMDR HeavyGunner", "Message":"4" }
{ "timestamp":"2016-12-22T08:51:26Z", "event":"ReceiveText", "From":"$npc_name_decorate:#name=Agent fédéral;", "From_Localised":"Agent fￃﾩdￃﾩral", "Message":"$Escort_NearDeath02;", "Message_Localised":"This is escort to lead, critical systems damage.", "Channel":"npc" }
{ "timestamp":"2016-12-22T08:51:40Z", "event":"ReceiveText", "From":"$npc_name_decorate:#name=Federal Agent;", "From_Localised":"Federal Agent", "Message":"$BadKarmaCriticalDamage08;", "Message_Localised":"I've taken too many hits.", "Channel":"npc" }
{ "timestamp":"2016-12-22T08:51:46Z", "event":"ReceiveText", "From":"$npc_name_decorate:#name=Jallu;", "From_Localised":"Jallu", "Message":"$BadKarmaCriticalDamage07;", "Message_Localised":"Too much damage!", "Channel":"npc" }
{ "timestamp":"2016-12-22T08:51:54Z", "event":"Bounty", "Rewards":[ { "Faction":"Ugrivirii Life Inc", "Reward":2400 }, { "Faction":"Empire", "Reward":52380 } ], "TotalReward":54780, "VictimFaction":"Kurians Dominion" }
{ "timestamp":"2016-12-22T08:52:10Z", "event":"ReceiveText", "From":"$ShipName_Police_Empire;", "From_Localised":"Internal Security Service", "Message":"$Police_FinishedAtInvestigationLocation03;", "Message_Localised":"Crime scene cordon removed, go back about your business.", "Channel":"npc" }
{ "timestamp":"2016-12-22T08:52:40Z", "event":"ReceiveText", "From":"$ShipName_Police_Empire;", "From_Localised":"Internal Security Service", "Message":"$Police_FinishedAtInvestigationLocation03;", "Message_Localised":"Crime scene cordon removed, go back about your business.", "Channel":"npc" }
{ "timestamp":"2016-12-22T08:52:47Z", "event":"SendText", "To":"wing", "Message":"python" }
{ "timestamp":"2016-12-22T08:52:59Z", "event":"ReceiveText", "From":"&HeavyGunner", "Message":"im in*", "Channel":"wing" }
{ "timestamp":"2016-12-22T08:53:08Z", "event":"SendText", "To":"wing", "Message":"raaaah" }
{ "timestamp":"2016-12-22T08:53:10Z", "event":"ReceiveText", "From":"&HeavyGunner", "Message":"grrrrrrrrrrrrrrr", "Channel":"wing" }
{ "timestamp":"2016-12-22T08:54:22Z", "event":"ReceiveText", "From":"$npc_name_decorate:#name=Jose;", "From_Localised":"Jose", "Message":"$BadKarmaCriticalDamage07;", "Message_Localised":"Too much damage!", "Channel":"npc" }
{ "timestamp":"2016-12-22T08:54:28Z", "event":"Bounty", "Rewards":[ { "Faction":"Ugrivirii Life Inc", "Reward":1600 }, { "Faction":"Empire", "Reward":88147 } ], "TotalReward":89747, "VictimFaction":"Mitschigua Empire Group", "SharedWithOthers":1 }
{ "timestamp":"2016-12-22T08:54:43Z", "event":"HeatWarning" }
{ "timestamp":"2016-12-22T08:55:35Z", "event":"ReceiveText", "From":"$npc_name_decorate:#name=Maximilian KrautVorNix;", "From_Localised":"Maximilian KrautVorNix", "Message":"$BadKarmaCriticalDamage10;", "Message_Localised":"You've scratched my paint!", "Channel":"npc" }
{ "timestamp":"2016-12-22T08:55:43Z", "event":"Bounty", "Rewards":[ { "Faction":"Ugrivirii Life Inc", "Reward":1600 }, { "Faction":"Empire", "Reward":40425 } ], "TotalReward":42025, "VictimFaction":"Ugrivirii Emperor's Grace", "SharedWithOthers":1 }
{ "timestamp":"2016-12-22T08:55:59Z", "event":"SendText", "To":"wing", "Message":"conda" }
{ "timestamp":"2016-12-22T08:56:23Z", "event":"HeatWarning" }
{ "timestamp":"2016-12-22T08:56:30Z", "event":"SendText", "To":"wing", "Message":"accroche toi" }
{ "timestamp":"2016-12-22T08:56:40Z", "event":"ReceiveText", "From":"$npc_name_decorate:#name=Wesgard;", "From_Localised":"Wesgard", "Message":"$Pirate_OnDeclarePiracyAttack05;", "Message_Localised":"You have no chance now.", "Channel":"npc" }
{ "timestamp":"2016-12-22T08:56:58Z", "event":"ReceiveText", "From":"&HeavyGunner", "Message":"pas pb", "Channel":"wing" }
{ "timestamp":"2016-12-22T08:57:00Z", "event":"ReceiveText", "From":"$npc_name_decorate:#name=Terry Bonds;", "From_Localised":"Terry Bonds", "Message":"$BadKarmaCriticalDamage10;", "Message_Localised":"You've scratched my paint!", "Channel":"npc" }
{ "timestamp":"2016-12-22T08:57:10Z", "event":"ReceiveText", "From":"$npc_name_decorate:#name=Wesgard;", "From_Localised":"Wesgard", "Message":"$BadKarmaCriticalDamage03;", "Message_Localised":"You fight a good fight!", "Channel":"npc" }
{ "timestamp":"2016-12-22T08:57:25Z", "event":"ReceiveText", "From":"$npc_name_decorate:#name=Wesgard;", "From_Localised":"Wesgard", "Message":"$Pirate_OnHullLowJumpAway13;", "Message_Localised":"I'm not saying that you're better than me, but I have to be elsewhere.", "Channel":"npc" }
{ "timestamp":"2016-12-22T08:57:43Z", "event":"Bounty", "Rewards":[ { "Faction":"Ugrivirii Life Inc", "Reward":800 }, { "Faction":"Empire", "Reward":162240 } ], "TotalReward":163040, "VictimFaction":"Kurians Dominion", "SharedWithOthers":1 }
{ "timestamp":"2016-12-22T08:59:20Z", "event":"ReceiveText", "From":"$npc_name_decorate:#name=Chris Gotheridge;", "From_Localised":"Chris Gotheridge", "Message":"$Pirate_OnStartScanCargo06;", "Message_Localised":"Let's see what you are carrying.", "Channel":"npc" }
{ "timestamp":"2016-12-22T09:00:26Z", "event":"ReceiveText", "From":"$npc_name_decorate:#name=Snugglepumpkin;", "From_Localised":"Snugglepumpkin", "Message":"$Pirate_OnStartScanCargo09;", "Message_Localised":"The scan will soon be over.", "Channel":"npc" }
{ "timestamp":"2016-12-22T09:00:36Z", "event":"ReceiveText", "From":"$npc_name_decorate:#name=Snugglepumpkin;", "From_Localised":"Snugglepumpkin", "Message":"$Pirate_OnNoCargoFound05;", "Message_Localised":"How do you fools make a living?", "Channel":"npc" }
{ "timestamp":"2016-12-22T09:01:19Z", "event":"ReceiveText", "From":"$npc_name_decorate:#name=Snugglepumpkin;", "From_Localised":"Snugglepumpkin", "Message":"$BadKarmaCriticalDamage10;", "Message_Localised":"You've scratched my paint!", "Channel":"npc" }
{ "timestamp":"2016-12-22T09:02:17Z", "event":"ReceiveText", "From":"$npc_name_decorate:#name=Joao H Duarte;", "From_Localised":"Joao H Duarte", "Message":"$BadKarmaCriticalDamage02;", "Message_Localised":"Impossible!", "Channel":"npc" }
{ "timestamp":"2016-12-22T09:02:34Z", "event":"ReceiveText", "From":"$npc_name_decorate:#name=Christopher;", "From_Localised":"Christopher", "Message":"$BadKarmaCriticalDamage10;", "Message_Localised":"You've scratched my paint!", "Channel":"npc" }
{ "timestamp":"2016-12-22T09:05:40Z", "event":"ReceiveText", "From":"$npc_name_decorate:#name=karinou;", "From_Localised":"karinou", "Message":"$BadKarmaCriticalDamage08;", "Message_Localised":"I've taken too many hits.", "Channel":"npc" }
{ "timestamp":"2016-12-22T09:05:45Z", "event":"ReceiveText", "From":"$npc_name_decorate:#name=Turgo Avis;", "From_Localised":"Turgo Avis", "Message":"$Escort_NearDeath06;", "Message_Localised":"I can't hold on any longer.", "Channel":"npc" }
{ "timestamp":"2016-12-22T09:05:50Z", "event":"SendText", "To":"wing", "Message":"2secs telephone" }
{ "timestamp":"2016-12-22T09:07:05Z", "event":"ReceiveText", "From":"&HeavyGunner", "Message":"must go boy acheter des clopes , jte laisse bosser , on se retrouvera bien ici , c'est mon secteur.... ct un plaisir", "Channel":"wing" }
{ "timestamp":"2016-12-22T09:07:25Z", "event":"ReceiveText", "From":"$npc_name_decorate:#name=Richard Baguley;", "From_Localised":"Richard Baguley", "Message":"$Escort_EscortJump07;", "Message_Localised":"With nothing to protect, I'm out of here.", "Channel":"npc" }
{ "timestamp":"2016-12-22T09:07:28Z", "event":"WingLeave" }
{ "timestamp":"2016-12-22T09:07:33Z", "event":"ReceiveText", "From":"$npc_name_decorate:#name=Simon Storfors;", "From_Localised":"Simon Storfors", "Message":"$Escort_EscortStayAndFight06;", "Message_Localised":"The mission is failed, but I will avenge them!", "Channel":"npc" }
{ "timestamp":"2016-12-22T09:09:33Z", "event":"ReceiveText", "From":"$npc_name_decorate:#name=Mike Clarke;", "From_Localised":"Mike Clarke", "Message":"$BadKarmaCriticalDamage02;", "Message_Localised":"Impossible!", "Channel":"npc" }
{ "timestamp":"2016-12-22T09:11:48Z", "event":"ReceiveText", "From":"$npc_name_decorate:#name=The Hetman;", "From_Localised":"The Hetman", "Message":"$Pirate_OnDeclarePiracyAttack05;", "Message_Localised":"You have no chance now.", "Channel":"npc" }
{ "timestamp":"2016-12-22T09:12:27Z", "event":"Bounty", "Rewards":[ { "Faction":"Ugrivirii Life Inc", "Reward":124325 } ], "TotalReward":124325, "VictimFaction":"Ugrivirii Emperor's Grace" }
{ "timestamp":"2016-12-22T09:13:02Z", "event":"ReceiveText", "From":"$npc_name_decorate:#name=Pixel Bypixel;", "From_Localised":"Pixel Bypixel", "Message":"$BadKarmaCriticalDamage06;", "Message_Localised":"I hadn't expected this.", "Channel":"npc" }
{ "timestamp":"2016-12-22T09:13:06Z", "event":"Bounty", "Rewards":[ { "Faction":"Ugrivirii Life Inc", "Reward":800 }, { "Faction":"Empire", "Reward":51570 } ], "TotalReward":52370, "VictimFaction":"Ugrivirii Life Inc" }
{ "timestamp":"2016-12-22T09:13:45Z", "event":"ReceiveText", "From":"$npc_name_decorate:#name=Fenne Borghardt;", "From_Localised":"Fenne Borghardt", "Message":"$BadKarmaCriticalDamage02;", "Message_Localised":"Impossible!", "Channel":"npc" }
{ "timestamp":"2016-12-22T09:13:55Z", "event":"Bounty", "Rewards":[ { "Faction":"Ugrivirii Life Inc", "Reward":800 }, { "Faction":"Empire", "Reward":10530 } ], "TotalReward":11330, "VictimFaction":"Ugrivirii Life Inc" }
{ "timestamp":"2016-12-22T09:15:13Z", "event":"ReceiveText", "From":"$npc_name_decorate:#name=Carni deWinter;", "From_Localised":"Carni deWinter", "Message":"$Pirate_OnStartScanCargo09;", "Message_Localised":"The scan will soon be over.", "Channel":"npc" }
{ "timestamp":"2016-12-22T09:15:23Z", "event":"ReceiveText", "From":"$npc_name_decorate:#name=Carni deWinter;", "From_Localised":"Carni deWinter", "Message":"$Pirate_OnNoCargoFound09;", "Message_Localised":"Next time you should fill your hold with gold.", "Channel":"npc" }
{ "timestamp":"2016-12-22T09:16:31Z", "event":"ReceiveText", "From":"$npc_name_decorate:#name=Mordax-Rehn;", "From_Localised":"Mordax-Rehn", "Message":"$Pirate_OnStartScanCargo10;", "Message_Localised":"Let me see what you have.", "Channel":"npc" }
{ "timestamp":"2016-12-22T09:16:41Z", "event":"ReceiveText", "From":"$npc_name_decorate:#name=Mordax-Rehn;", "From_Localised":"Mordax-Rehn", "Message":"$Pirate_OnNoCargoFound02;", "Message_Localised":"Bah, nothing.", "Channel":"npc" }
{ "timestamp":"2016-12-22T09:17:14Z", "event":"ReceiveText", "From":"$npc_name_decorate:#name=Frank Black;", "From_Localised":"Frank Black", "Message":"$BadKarmaCriticalDamage06;", "Message_Localised":"I hadn't expected this.", "Channel":"npc" }
{ "timestamp":"2016-12-22T09:17:32Z", "event":"ReceiveText", "From":"$npc_name_decorate:#name=Tagom;", "From_Localised":"Tagom", "Message":"$Pirate_OnStartScanCargo05;", "Message_Localised":"What treats do you carry?", "Channel":"npc" }
{ "timestamp":"2016-12-22T09:17:42Z", "event":"ReceiveText", "From":"$npc_name_decorate:#name=Tagom;", "From_Localised":"Tagom", "Message":"$Pirate_OnNoCargoFound01;", "Message_Localised":"No cargo? Waste of time...", "Channel":"npc" }
{ "timestamp":"2016-12-22T09:18:14Z", "event":"ReceiveText", "From":"$npc_name_decorate:#name=Gerard Peter Hunt;", "From_Localised":"Gerard Peter Hunt", "Message":"$BadKarmaCriticalDamage08;", "Message_Localised":"I've taken too many hits.", "Channel":"npc" }
{ "timestamp":"2016-12-22T09:20:18Z", "event":"ReceiveText", "From":"$npc_name_decorate:#name=Tagom;", "From_Localised":"Tagom", "Message":"$Pirate_OnDeclarePiracyAttack05;", "Message_Localised":"You have no chance now.", "Channel":"npc" }
{ "timestamp":"2016-12-22T09:20:46Z", "event":"Bounty", "Rewards":[ { "Faction":"Ugrivirii Life Inc", "Reward":42717 } ], "TotalReward":42717, "VictimFaction":"Ugrivirii Future" }
{ "timestamp":"2016-12-22T09:21:34Z", "event":"ReceiveText", "From":"$npc_name_decorate:#name=Wolfgang Mason;", "From_Localised":"Wolfgang Mason", "Message":"$Pirate_OnStartScanCargo11;", "Message_Localised":"I hope you have something good in your hold.", "Channel":"npc" }
{ "timestamp":"2016-12-22T09:21:37Z", "event":"ReceiveText", "From":"$npc_name_decorate:#name=Crane;", "From_Localised":"Crane", "Message":"$Pirate_OnStartScanCargo03;", "Message_Localised":"What are you hauling?", "Channel":"npc" }
{ "timestamp":"2016-12-22T09:21:42Z", "event":"Bounty", "Rewards":[ { "Faction":"Ugrivirii Life Inc", "Reward":800 }, { "Faction":"Empire", "Reward":30449 } ], "TotalReward":31249, "VictimFaction":"Ugrivirii Emperor's Grace" }
{ "timestamp":"2016-12-22T09:21:44Z", "event":"ReceiveText", "From":"$npc_name_decorate:#name=Wolfgang Mason;", "From_Localised":"Wolfgang Mason", "Message":"$Pirate_OnNoCargoFound08;", "Message_Localised":"A wasted effort. There's no cargo here.", "Channel":"npc" }
{ "timestamp":"2016-12-22T09:21:47Z", "event":"ReceiveText", "From":"$npc_name_decorate:#name=Crane;", "From_Localised":"Crane", "Message":"$Pirate_OnNoCargoFound03;", "Message_Localised":"No cargo? Useless dreg.", "Channel":"npc" }
{ "timestamp":"2016-12-22T09:22:15Z", "event":"HullDamage", "Health":0.711228 }
{ "timestamp":"2016-12-22T09:22:15Z", "event":"HullDamage", "Health":0.501227 }
{ "timestamp":"2016-12-22T09:22:15Z", "event":"HullDamage", "Health":0.291224 }
{ "timestamp":"2016-12-22T09:22:16Z", "event":"HullDamage", "Health":0.081221 }
{ "timestamp":"2016-12-22T09:22:16Z", "event":"ReceiveText", "From":"$npc_name_decorate:#name=Wolfgang Mason;", "From_Localised":"Wolfgang Mason", "Message":"$BadKarmaCriticalDamage03;", "Message_Localised":"You fight a good fight!", "Channel":"npc" }
{ "timestamp":"2016-12-22T09:22:32Z", "event":"Bounty", "Rewards":[ { "Faction":"Ugrivirii Life Inc", "Reward":4000 }, { "Faction":"Empire", "Reward":95550 } ], "TotalReward":99550, "VictimFaction":"Noctilucent Dyn" }
{ "timestamp":"2016-12-22T09:22:55Z", "event":"ReceiveText", "From":"$npc_name_decorate:#name=Ian Wren;", "From_Localised":"Ian Wren", "Message":"$Pirate_OnStartScanCargo03;", "Message_Localised":"What are you hauling?", "Channel":"npc" }
{ "timestamp":"2016-12-22T09:23:05Z", "event":"ReceiveText", "From":"$npc_name_decorate:#name=Ian Wren;", "From_Localised":"Ian Wren", "Message":"$Pirate_OnNoCargoFound04;", "Message_Localised":"Another dud? Damn it all!", "Channel":"npc" }
{ "timestamp":"2016-12-22T09:24:07Z", "event":"ReceiveText", "From":"$npc_name_decorate:#name=Marc;", "From_Localised":"Marc", "Message":"$Pirate_OnStartScanCargo11;", "Message_Localised":"I hope you have something good in your hold.", "Channel":"npc" }
{ "timestamp":"2016-12-22T09:24:07Z", "event":"Bounty", "Rewards":[ { "Faction":"Ugrivirii Life Inc", "Reward":97937 } ], "TotalReward":97937, "VictimFaction":"Noctilucent Dyn" }
{ "timestamp":"2016-12-22T09:24:17Z", "event":"ReceiveText", "From":"$npc_name_decorate:#name=Marc;", "From_Localised":"Marc", "Message":"$Pirate_OnNoCargoFound08;", "Message_Localised":"A wasted effort. There's no cargo here.", "Channel":"npc" }
{ "timestamp":"2016-12-22T09:25:07Z", "event":"LaunchFighter", "Loadout":"one", "PlayerControlled":false }
{ "timestamp":"2016-12-22T09:25:09Z", "event":"ReceiveText", "From":"$npc_name_decorate:#name=Matt Hawkins;", "From_Localised":"Matt Hawkins", "Message":"$BadKarmaCriticalDamage05;", "Message_Localised":"No, no!", "Channel":"npc" }
