{ "timestamp":"2016-12-22T12:21:14Z", "event":"Fileheader", "part":1, "language":"English\\UK", "gameversion":"2.2", "build":"r126898/r0 " }
{ "timestamp":"2016-12-22T12:21:45Z", "event":"LoadGame", "Commander":"Singlemalt", "Ship":"Cutter", "ShipID":16, "GameMode":"Open", "Credits":171747537, "Loan":0 }
{ "timestamp":"2016-12-22T12:21:45Z", "event":"Rank", "Combat":7, "Trade":8, "Explore":7, "Empire":14, "Federation":12, "CQC":0 }
{ "timestamp":"2016-12-22T12:21:45Z", "event":"Progress", "Combat":17, "Trade":100, "Explore":48, "Empire":100, "Federation":40, "CQC":0 }
{ "timestamp":"2016-12-22T12:22:17Z", "event":"Location", "Docked":false, "StarSystem":"Ugrivirii", "StarPos":[132.500,-99.063,-3.281], "SystemAllegiance":"Empire", "SystemEconomy":"$economy_Industrial;", "SystemEconomy_Localised":"Industrial", "SystemGovernment":"$government_Corporate;", "SystemGovernment_Localised":"Corporate", "SystemSecurity":"$SYSTEM_SECURITY_high;", "SystemSecurity_Localised":"High Security", "Body":"Ugrivirii 2 B Ring", "BodyType":"PlanetaryRing", "SystemFaction":"Ugrivirii Life Inc" }
{ "timestamp":"2016-12-22T12:25:11Z", "event":"VehicleSwitch", "To":"Fighter" }
{ "timestamp":"2016-12-22T12:28:43Z", "event":"ReceiveText", "From":"$npc_name_decorate:#name=Rallashk Joravki;", "From_Localised":"Rallashk Joravki", "Message":"$Escort_AttackDutyStart04;", "Message_Localised":"We got reds on the radar, breaking formation.", "Channel":"npc" }
{ "timestamp":"2016-12-22T12:29:04Z", "event":"ReceiveText", "From":"$npc_name_decorate:#name=Bovorus;", "From_Localised":"Bovorus", "Message":"$BadKarmaCriticalDamage01;", "Message_Localised":"How is this happening?!", "Channel":"npc" }
{ "timestamp":"2016-12-22T12:29:30Z", "event":"ReceiveText", "From":"$npc_name_decorate:#name=Lourentius Marinus te Beest III;", "From_Localised":"Lourentius Marinus te Beest III", "Message":"$Escort_NearDeath07;", "Message_Localised":"I've taken too much damage.", "Channel":"npc" }
{ "timestamp":"2016-12-22T12:30:31Z", "event":"ReceiveText", "From":"$npc_name_decorate:#name=Anthony Haskins;", "From_Localised":"Anthony Haskins", "Message":"$BadKarmaCriticalDamage01;", "Message_Localised":"How is this happening?!", "Channel":"npc" }
{ "timestamp":"2016-12-22T12:30:53Z", "event":"Bounty", "Rewards":[ { "Faction":"Ugrivirii Life Inc", "Reward":69400 } ], "TotalReward":69400, "VictimFaction":"Ugrivirii Life Inc" }
{ "timestamp":"2016-12-22T12:30:56Z", "event":"ReceiveText", "From":"$npc_name_decorate:#name=Rallashk Joravki;", "From_Localised":"Rallashk Joravki", "Message":"$BadKarmaCriticalDamage03;", "Message_Localised":"You fight a good fight!", "Channel":"npc" }
{ "timestamp":"2016-12-22T12:31:30Z", "event":"VehicleSwitch", "To":"Mothership" }
{ "timestamp":"2016-12-22T12:34:23Z", "event":"ReceiveText", "From":"$npc_name_decorate:#name=Nick McMahon;", "From_Localised":"Nick McMahon", "Message":"$BadKarmaCriticalDamage02;", "Message_Localised":"Impossible!", "Channel":"npc" }
{ "timestamp":"2016-12-22T12:34:41Z", "event":"Bounty", "Rewards":[ { "Faction":"Ugrivirii Life Inc", "Reward":73360 } ], "TotalReward":73360, "VictimFaction":"Kurians Dominion" }
{ "timestamp":"2016-12-22T12:36:08Z", "event":"ReceiveText", "From":"$npc_name_decorate:#name=Lomil Gadica;", "From_Localised":"Lomil Gadica", "Message":"$Pirate_OnStartScanCargo03;", "Message_Localised":"What are you hauling?", "Channel":"npc" }
{ "timestamp":"2016-12-22T12:36:18Z", "event":"ReceiveText", "From":"$npc_name_decorate:#name=Lomil Gadica;", "From_Localised":"Lomil Gadica", "Message":"$Pirate_OnNoCargoFound02;", "Message_Localised":"Bah, nothing.", "Channel":"npc" }
{ "timestamp":"2016-12-22T12:36:19Z", "event":"ReceiveText", "From":"$npc_name_decorate:#name=Lomil Gadica;", "From_Localised":"Lomil Gadica", "Message":"$Pirate_NotEnoughCargo03;", "Message_Localised":"How do I keep picking the bad ones? Too little to bother.", "Channel":"npc" }
{ "timestamp":"2016-12-22T12:36:29Z", "event":"ReceiveText", "From":"$ShipName_Police_Empire;", "From_Localised":"Internal Security Service", "Message":"$Police_ArrivedAtInvestigationLocation01;", "Message_Localised":"All citizens must submit to authority scans. Do not attempt to flee!", "Channel":"npc" }
{ "timestamp":"2016-12-22T12:37:57Z", "event":"ReceiveText", "From":"$npc_name_decorate:#name=didge;", "From_Localised":"didge", "Message":"$BadKarmaCriticalDamage03;", "Message_Localised":"You fight a good fight!", "Channel":"npc" }
{ "timestamp":"2016-12-22T12:38:39Z", "event":"ReceiveText", "From":"$ShipName_Police_Empire;", "From_Localised":"Internal Security Service", "Message":"$Police_FinishedAtInvestigationLocation01;", "Message_Localised":"Scanning complete. Citizens, please return to your business.", "Channel":"npc" }
{ "timestamp":"2016-12-22T12:41:58Z", "event":"DockFighter" }
{ "timestamp":"2016-12-22T12:42:43Z", "event":"SupercruiseEntry", "StarSystem":"Ugrivirii" }
{ "timestamp":"2016-12-22T12:44:39Z", "event":"SupercruiseExit", "StarSystem":"Ugrivirii", "Body":"Jefferies Port", "BodyType":"Station" }
{ "timestamp":"2016-12-22T12:44:53Z", "event":"DockingRequested", "StationName":"Jefferies Port" }
{ "timestamp":"2016-12-22T12:44:53Z", "event":"ReceiveText", "From":"Jefferies Port", "Message":"$DockingChatter_Allied;", "Message_Localised":"An ally like you is always welcome here.", "Channel":"npc" }
{ "timestamp":"2016-12-22T12:44:54Z", "event":"ReceiveText", "From":"Jefferies Port", "Message":"$STATION_docking_granted;", "Message_Localised":"Docking request granted.", "Channel":"npc" }
{ "timestamp":"2016-12-22T12:44:54Z", "event":"DockingGranted", "LandingPad":2, "StationName":"Jefferies Port" }
{ "timestamp":"2016-12-22T12:45:32Z", "event":"ReceiveText", "From":"Jefferies Port", "Message":"$STATION_NoFireZone_entered;", "Message_Localised":"No fire zone entered.", "Channel":"npc" }
{ "timestamp":"2016-12-22T12:46:41Z", "event":"Docked", "StationName":"Jefferies Port", "StationType":"Coriolis", "StarSystem":"Ugrivirii", "StationFaction":"Ugrivirii Life Inc", "StationGovernment":"$government_Corporate;", "StationGovernment_Localised":"Corporate", "StationAllegiance":"Empire", "StationEconomy":"$economy_Industrial;", "StationEconomy_Localised":"Industrial" }
{ "timestamp":"2016-12-22T12:47:02Z", "event":"ReceiveText", "From":"$npc_name_decorate:#name=greedseed;", "From_Localised":"greedseed", "Message":"$Commuter_AuthorityScan07;", "Message_Localised":"There's no need to scan me, officer. I have nothing to find.", "Channel":"npc" }
{ "timestamp":"2016-12-22T12:48:21Z", "event":"RepairAll", "Cost":16553 }
{ "timestamp":"2016-12-22T12:48:22Z", "event":"RefuelAll", "Cost":187, "Amount":3.723016 }
{ "timestamp":"2016-12-22T12:48:24Z", "event":"BuyAmmo", "Cost":5033 }
{ "timestamp":"2016-12-22T12:48:24Z", "event":"RestockVehicle", "Type":"empire_fighter", "Loadout":"one", "Cost":1030, "Count":1 }
{ "timestamp":"2016-12-22T12:48:24Z", "event":"RestockVehicle", "Type":"empire_fighter", "Loadout":"zero", "Cost":1030, "Count":1 }
{ "timestamp":"2016-12-22T12:48:37Z", "event":"ReceiveText", "From":"$npc_name_decorate:#name=Zachary Carwile;", "From_Localised":"Zachary Carwile", "Message":"$Commuter_AuthorityScan06;", "Message_Localised":"What's going on here, officer?", "Channel":"npc" }
{ "timestamp":"2016-12-22T12:48:50Z", "event":"RedeemVoucher", "Type":"bounty", "Amount":1117359 }
{ "timestamp":"2016-12-22T12:53:33Z", "event":"ModuleSell", "Slot":"Slot05_Size6", "SellItem":"$int_fighterbay_size6_class1_name;", "SellItem_Localised":"Fighter Hangar", "SellPrice":1853147, "Ship":"cutter", "ShipID":16 }
{ "timestamp":"2016-12-22T12:53:58Z", "event":"ModuleBuy", "Slot":"Slot07_Size5", "BuyItem":"$int_fighterbay_size5_class1_name;", "BuyItem_Localised":"Fighter Hangar", "BuyPrice":561252, "Ship":"cutter", "ShipID":16 }
{ "timestamp":"2016-12-22T12:55:29Z", "event":"ReceiveText", "From":"$npc_name_decorate:#name=Lani Claw;", "From_Localised":"Lani Claw", "Message":"$Commuter_AuthorityScan05;", "Message_Localised":"On what grounds are you scanning this vessel, officer?", "Channel":"npc" }
{ "timestamp":"2016-12-22T12:55:29Z", "event":"CrewAssign", "Name":"Ember Hurley", "Role":"Active" }
{ "timestamp":"2016-12-22T12:56:06Z", "event":"Undocked", "StationName":"Jefferies Port", "StationType":"Coriolis" }
{ "timestamp":"2016-12-22T12:56:23Z", "event":"CommitCrime", "CrimeType":"collidedAtSpeedInNoFireZone", "Faction":"Ugrivirii Life Inc", "Fine":400 }
{ "timestamp":"2016-12-22T12:56:31Z", "event":"CommitCrime", "CrimeType":"collidedAtSpeedInNoFireZone", "Faction":"Ugrivirii Life Inc", "Fine":400 }
{ "timestamp":"2016-12-22T12:56:32Z", "event":"ReceiveText", "From":"Jefferies Port", "Message":"$DockingTresspassWarningComms;", "Message_Localised":"Unauthorised access infraction detected, clear starport immediately to avoid lethal response", "Channel":"npc" }
{ "timestamp":"2016-12-22T12:56:33Z", "event":"ReceiveText", "From":"Jefferies Port", "Message":"$DockingOffenceCleared;", "Message_Localised":"Starport infractions cleared, docking privileges restored.", "Channel":"npc" }
{ "timestamp":"2016-12-22T12:56:47Z", "event":"ReceiveText", "From":"Jefferies Port", "Message":"$STATION_NoFireZone_exited;", "Message_Localised":"No fire zone left.", "Channel":"npc" }
{ "timestamp":"2016-12-22T13:00:22Z", "event":"SupercruiseEntry", "StarSystem":"Ugrivirii" }
{ "timestamp":"2016-12-22T13:01:18Z", "event":"SupercruiseExit", "StarSystem":"Ugrivirii", "Body":"Ugrivirii 2 B Ring", "BodyType":"PlanetaryRing" }
{ "timestamp":"2016-12-22T13:01:43Z", "event":"LaunchFighter", "Loadout":"three", "PlayerControlled":false }
{ "timestamp":"2016-12-22T13:02:11Z", "event":"ReceiveText", "From":"$npc_name_decorate:#name=The Hetman;", "From_Localised":"The Hetman", "Message":"$Pirate_OnStartScanCargo10;", "Message_Localised":"Let me see what you have.", "Channel":"npc" }
{ "timestamp":"2016-12-22T13:02:21Z", "event":"ReceiveText", "From":"$npc_name_decorate:#name=The Hetman;", "From_Localised":"The Hetman", "Message":"$Pirate_OnNoCargoFound01;", "Message_Localised":"No cargo? Waste of time...", "Channel":"npc" }
{ "timestamp":"2016-12-22T13:02:31Z", "event":"ReceiveText", "From":"$npc_name_decorate:#name=Nick Smith;", "From_Localised":"Nick Smith", "Message":"$Pirate_OnStartScanCargo09;", "Message_Localised":"The scan will soon be over.", "Channel":"npc" }
{ "timestamp":"2016-12-22T13:02:41Z", "event":"ReceiveText", "From":"$npc_name_decorate:#name=Nick Smith;", "From_Localised":"Nick Smith", "Message":"$Pirate_OnNoCargoFound02;", "Message_Localised":"Bah, nothing.", "Channel":"npc" }
{ "timestamp":"2016-12-22T13:02:46Z", "event":"ReceiveText", "From":"$npc_name_decorate:#name=The Hetman;", "From_Localised":"The Hetman", "Message":"$Pirate_OnDeclarePiracyAttack03;", "Message_Localised":"Now you die, victim.", "Channel":"npc" }
{ "timestamp":"2016-12-22T13:03:46Z", "event":"Bounty", "Rewards":[ { "Faction":"Ugrivirii Life Inc", "Reward":800 }, { "Faction":"Empire", "Reward":29760 } ], "TotalReward":30560, "VictimFaction":"Noctilucent Dyn" }
{ "timestamp":"2016-12-22T13:04:02Z", "event":"Bounty", "Rewards":[ { "Faction":"Ugrivirii Life Inc", "Reward":7834 } ], "TotalReward":7834, "VictimFaction":"Noctilucent Dyn" }
{ "timestamp":"2016-12-22T13:05:50Z", "event":"Bounty", "Rewards":[ { "Faction":"Ugrivirii Life Inc", "Reward":2400 }, { "Faction":"Empire", "Reward":138915 } ], "TotalReward":141315, "VictimFaction":"Kurians Dominion" }
{ "timestamp":"2016-12-22T13:06:15Z", "event":"ReceiveText", "From":"$npc_name_decorate:#name=Kieran Turner;", "From_Localised":"Kieran Turner", "Message":"$Pirate_OnStartScanCargo06;", "Message_Localised":"Let's see what you are carrying.", "Channel":"npc" }
{ "timestamp":"2016-12-22T13:06:20Z", "event":"ReceiveText", "From":"$npc_name_decorate:#name=Aethylwyte;", "From_Localised":"Aethylwyte", "Message":"$Pirate_OnStartScanCargo09;", "Message_Localised":"The scan will soon be over.", "Channel":"npc" }
{ "timestamp":"2016-12-22T13:06:25Z", "event":"ReceiveText", "From":"$npc_name_decorate:#name=Kieran Turner;", "From_Localised":"Kieran Turner", "Message":"$Pirate_OnNoCargoFound09;", "Message_Localised":"Next time you should fill your hold with gold.", "Channel":"npc" }
{ "timestamp":"2016-12-22T13:06:30Z", "event":"ReceiveText", "From":"$npc_name_decorate:#name=Aethylwyte;", "From_Localised":"Aethylwyte", "Message":"$Pirate_OnNoCargoFound03;", "Message_Localised":"No cargo? Useless dreg.", "Channel":"npc" }
{ "timestamp":"2016-12-22T13:06:45Z", "event":"ReceiveText", "From":"$npc_name_decorate:#name=Zornich;", "From_Localised":"Zornich", "Message":"$Pirate_OnStartScanCargo05;", "Message_Localised":"What treats do you carry?", "Channel":"npc" }
{ "timestamp":"2016-12-22T13:06:55Z", "event":"ReceiveText", "From":"$npc_name_decorate:#name=Zornich;", "From_Localised":"Zornich", "Message":"$Pirate_OnNoCargoFound03;", "Message_Localised":"No cargo? Useless dreg.", "Channel":"npc" }
{ "timestamp":"2016-12-22T13:07:19Z", "event":"ReceiveText", "From":"$npc_name_decorate:#name=Aethylwyte;", "From_Localised":"Aethylwyte", "Message":"$BadKarmaCriticalDamage04;", "Message_Localised":"I don't believe it!", "Channel":"npc" }
{ "timestamp":"2016-12-22T13:07:36Z", "event":"Bounty", "Rewards":[ { "Faction":"Ugrivirii Life Inc", "Reward":1600 }, { "Faction":"Empire", "Reward":101025 } ], "TotalReward":102625, "VictimFaction":"Noctilucent Dyn" }
{ "timestamp":"2016-12-22T13:09:50Z", "event":"ReceiveText", "From":"$npc_name_decorate:#name=Rakine Trarl;", "From_Localised":"Rakine Trarl", "Message":"$Pirate_OnDeclarePiracyAttack03;", "Message_Localised":"Now you die, victim.", "Channel":"npc" }
{ "timestamp":"2016-12-22T13:10:14Z", "event":"ReceiveText", "From":"$npc_name_decorate:#name=Gareth Lucas;", "From_Localised":"Gareth Lucas", "Message":"$Pirate_OnStartScanCargo07;", "Message_Localised":"Do you have anything of value?", "Channel":"npc" }
{ "timestamp":"2016-12-22T13:10:24Z", "event":"ReceiveText", "From":"$npc_name_decorate:#name=Gareth Lucas;", "From_Localised":"Gareth Lucas", "Message":"$Pirate_OnNoCargoFound05;", "Message_Localised":"How do you fools make a living?", "Channel":"npc" }
{ "timestamp":"2016-12-22T13:10:34Z", "event":"HeatWarning" }
{ "timestamp":"2016-12-22T13:11:06Z", "event":"Bounty", "Rewards":[ { "Faction":"Ugrivirii Life Inc", "Reward":166017 } ], "TotalReward":166017, "VictimFaction":"Ugrivirii Emperor's Grace" }
{ "timestamp":"2016-12-22T13:11:11Z", "event":"ReceiveText", "From":"$npc_name_decorate:#name=Moon the loon;", "From_Localised":"Moon the loon", "Message":"$Pirate_OnStartScanCargo01;", "Message_Localised":"I see all!", "Channel":"npc" }
{ "timestamp":"2016-12-22T13:11:21Z", "event":"ReceiveText", "From":"$npc_name_decorate:#name=Moon the loon;", "From_Localised":"Moon the loon", "Message":"$Pirate_OnNoCargoFound06;", "Message_Localised":"Another dream of riches dashed.", "Channel":"npc" }
{ "timestamp":"2016-12-22T13:13:23Z", "event":"ReceiveText", "From":"$npc_name_decorate:#name=Moon the loon;", "From_Localised":"Moon the loon", "Message":"$BadKarmaCriticalDamage05;", "Message_Localised":"No, no!", "Channel":"npc" }
{ "timestamp":"2016-12-22T13:14:39Z", "event":"Bounty", "Rewards":[ { "Faction":"Ugrivirii Life Inc", "Reward":800 }, { "Faction":"Empire", "Reward":67432 } ], "TotalReward":68232, "VictimFaction":"Noctilucent Dyn" }
{ "timestamp":"2016-12-22T13:15:46Z", "event":"ReceiveText", "From":"$npc_name_decorate:#name=Niels Cunningham Glimo;", "From_Localised":"Niels Cunningham Glimo", "Message":"$Pirate_OnDeclarePiracyAttack02;", "Message_Localised":"You choose death then. Very well.", "Channel":"npc" }
{ "timestamp":"2016-12-22T13:16:02Z", "event":"ReceiveText", "From":"$npc_name_decorate:#name=Niels Cunningham Glimo;", "From_Localised":"Niels Cunningham Glimo", "Message":"$BadKarmaCriticalDamage09;", "Message_Localised":"I can see when I'm outmatched.", "Channel":"npc" }
{ "timestamp":"2016-12-22T13:16:17Z", "event":"Bounty", "Rewards":[ { "Faction":"Ugrivirii Life Inc", "Reward":800 }, { "Faction":"Empire", "Reward":50220 } ], "TotalReward":51020, "VictimFaction":"Ugrivirii Emperor's Grace" }
{ "timestamp":"2016-12-22T13:16:40Z", "event":"ReceiveText", "From":"$npc_name_decorate:#name=Captain Crescendo;", "From_Localised":"Captain Crescendo", "Message":"$MinerCriticalDamage04;", "Message_Localised":"I'm just a simple miner!", "Channel":"npc" }
{ "timestamp":"2016-12-22T13:17:18Z", "event":"ReceiveText", "From":"$npc_name_decorate:#name=Gareth Lucas;", "From_Localised":"Gareth Lucas", "Message":"$Pirate_OnDeclarePiracyAttack01;", "Message_Localised":"I'll pick your bones clean, greenhorn.", "Channel":"npc" }
{ "timestamp":"2016-12-22T13:17:34Z", "event":"ReceiveText", "From":"$npc_name_decorate:#name=Gareth Lucas;", "From_Localised":"Gareth Lucas", "Message":"$BadKarmaCriticalDamage02;", "Message_Localised":"Impossible!", "Channel":"npc" }
{ "timestamp":"2016-12-22T13:17:52Z", "event":"Bounty", "Rewards":[ { "Faction":"Ugrivirii Life Inc", "Reward":1600 }, { "Faction":"Empire", "Reward":46409 } ], "TotalReward":48009, "VictimFaction":"Ugrivirii Future" }
{ "timestamp":"2016-12-22T13:20:03Z", "event":"ReceiveText", "From":"$npc_name_decorate:#name=Ingwe;", "From_Localised":"Ingwe", "Message":"$Pirate_OnStartScanCargo09;", "Message_Localised":"The scan will soon be over.", "Channel":"npc" }
{ "timestamp":"2016-12-22T13:20:13Z", "event":"ReceiveText", "From":"$npc_name_decorate:#name=Ingwe;", "From_Localised":"Ingwe", "Message":"$Pirate_OnNoCargoFound03;", "Message_Localised":"No cargo? Useless dreg.", "Channel":"npc" }
