{ "timestamp":"2016-12-21T08:15:17Z", "event":"Fileheader", "part":1, "language":"English\\UK", "gameversion":"2.2", "build":"r126898/r0 " }
{ "timestamp":"2016-12-21T08:17:14Z", "event":"LoadGame", "Commander":"Singlemalt", "Ship":"Cutter", "ShipID":16, "GameMode":"Open", "Credits":170444161, "Loan":0 }
{ "timestamp":"2016-12-21T08:17:14Z", "event":"Rank", "Combat":7, "Trade":8, "Explore":7, "Empire":14, "Federation":12, "CQC":0 }
{ "timestamp":"2016-12-21T08:17:14Z", "event":"Progress", "Combat":15, "Trade":100, "Explore":48, "Empire":100, "Federation":40, "CQC":0 }
{ "timestamp":"2016-12-21T08:17:45Z", "event":"Location", "Docked":false, "StarSystem":"Ugrivirii", "StarPos":[132.500,-99.063,-3.281], "SystemAllegiance":"Empire", "SystemEconomy":"$economy_Industrial;", "SystemEconomy_Localised":"Industrial", "SystemGovernment":"$government_Corporate;", "SystemGovernment_Localised":"Corporate", "SystemSecurity":"$SYSTEM_SECURITY_high;", "SystemSecurity_Localised":"High Security", "Body":"Ugrivirii 2 B Ring", "BodyType":"PlanetaryRing", "SystemFaction":"Ugrivirii Life Inc" }
{ "timestamp":"2016-12-21T08:19:29Z", "event":"LaunchFighter", "Loadout":"zero", "PlayerControlled":false }
{ "timestamp":"2016-12-21T08:21:09Z", "event":"ReceiveText", "From":"$npc_name_decorate:#name=MrMalone;", "From_Localised":"MrMalone", "Message":"$Pirate_OnStartScanCargo10;", "Message_Localised":"Let me see what you have.", "Channel":"npc" }
{ "timestamp":"2016-12-21T08:21:19Z", "event":"ReceiveText", "From":"$npc_name_decorate:#name=MrMalone;", "From_Localised":"MrMalone", "Message":"$Pirate_OnNoCargoFound02;", "Message_Localised":"Bah, nothing.", "Channel":"npc" }
{ "timestamp":"2016-12-21T08:22:31Z", "event":"ReceiveText", "From":"$ShipName_Police_Empire;", "From_Localised":"Internal Security Service", "Message":"$Police_ArrivedAtInvestigationLocation04;", "Message_Localised":"Rapid deployment unit deployed. Initiating scans of all ships in the area.", "Channel":"npc" }
{ "timestamp":"2016-12-21T08:22:35Z", "event":"Screenshot", "Filename":"\\ED_Pictures\\Screenshot_0064.bmp", "Width":1280, "Height":720, "System":"Ugrivirii", "Body":"Ugrivirii 2 B Ring" }
{ "timestamp":"2016-12-21T08:22:58Z", "event":"ReceiveText", "From":"$ShipName_Police_Empire;", "From_Localised":"Internal Security Service", "Message":"$Police_ArriveInvestigate03;", "Message_Localised":"Crime response flight deployed.", "Channel":"npc" }
{ "timestamp":"2016-12-21T08:23:02Z", "event":"ReceiveText", "From":"$npc_name_decorate:#name=Joharra;", "From_Localised":"Joharra", "Message":"$BadKarmaCriticalDamage01;", "Message_Localised":"How is this happening?!", "Channel":"npc" }
{ "timestamp":"2016-12-21T08:23:18Z", "event":"ReceiveText", "From":"$npc_name_decorate:#name=MrMalone;", "From_Localised":"MrMalone", "Message":"$BadKarmaCriticalDamage01;", "Message_Localised":"How is this happening?!", "Channel":"npc" }
{ "timestamp":"2016-12-21T08:23:32Z", "event":"Bounty", "Rewards":[ { "Faction":"Ugrivirii Life Inc", "Reward":1600 }, { "Faction":"Empire", "Reward":11234 } ], "TotalReward":12834, "VictimFaction":"Noctilucent Dyn" }
{ "timestamp":"2016-12-21T08:23:38Z", "event":"ReceiveText", "From":"$ShipName_Police_Empire;", "From_Localised":"Internal Security Service", "Message":"$Police_ArrivedAtInvestigationLocation01;", "Message_Localised":"All citizens must submit to authority scans. Do not attempt to flee!", "Channel":"npc" }
{ "timestamp":"2016-12-21T08:23:54Z", "event":"ReceiveText", "From":"$npc_name_decorate:#name=Mario Dutli;", "From_Localised":"Mario Dutli", "Message":"$Pirate_OnStartScanCargo07;", "Message_Localised":"Do you have anything of value?", "Channel":"npc" }
{ "timestamp":"2016-12-21T08:23:58Z", "event":"ReceiveText", "From":"$ShipName_Police_Empire;", "From_Localised":"Internal Security Service", "Message":"$Police_ArriveReinforcement04;", "Message_Localised":"Reinforcements have arrived.", "Channel":"npc" }
{ "timestamp":"2016-12-21T08:24:04Z", "event":"ReceiveText", "From":"$npc_name_decorate:#name=Mario Dutli;", "From_Localised":"Mario Dutli", "Message":"$Pirate_OnNoCargoFound06;", "Message_Localised":"Another dream of riches dashed.", "Channel":"npc" }
{ "timestamp":"2016-12-21T08:24:58Z", "event":"ReceiveText", "From":"$npc_name_decorate:#name=Mario Dutli;", "From_Localised":"Mario Dutli", "Message":"$BadKarmaCriticalDamage01;", "Message_Localised":"How is this happening?!", "Channel":"npc" }
{ "timestamp":"2016-12-21T08:25:16Z", "event":"ReceiveText", "From":"$npc_name_decorate:#name=Tristan Luscombe;", "From_Localised":"Tristan Luscombe", "Message":"$Pirate_OnStartScanCargo11;", "Message_Localised":"I hope you have something good in your hold.", "Channel":"npc" }
{ "timestamp":"2016-12-21T08:25:26Z", "event":"ReceiveText", "From":"$npc_name_decorate:#name=Tristan Luscombe;", "From_Localised":"Tristan Luscombe", "Message":"$Pirate_OnNoCargoFound03;", "Message_Localised":"No cargo? Useless dreg.", "Channel":"npc" }
{ "timestamp":"2016-12-21T08:27:22Z", "event":"ReceiveText", "From":"$npc_name_decorate:#name=JLH;", "From_Localised":"JLH", "Message":"$BadKarmaCriticalDamage08;", "Message_Localised":"I've taken too many hits.", "Channel":"npc" }
{ "timestamp":"2016-12-21T08:27:25Z", "event":"ReceiveText", "From":"$npc_name_decorate:#name=JLH;", "From_Localised":"JLH", "Message":"$Pirate_OnHullLowJumpAway13;", "Message_Localised":"I'm not saying that you're better than me, but I have to be elsewhere.", "Channel":"npc" }
{ "timestamp":"2016-12-21T08:29:50Z", "event":"DockFighter" }
