{ "timestamp":"2016-12-22T14:39:40Z", "event":"Fileheader", "part":1, "language":"English\\UK", "gameversion":"2.2", "build":"r126898/r0 " }
{ "timestamp":"2016-12-22T14:42:12Z", "event":"LoadGame", "Commander":"Singlemalt", "Ship":"Cutter", "ShipID":16, "GameMode":"Open", "Credits":173983585, "Loan":0 }
{ "timestamp":"2016-12-22T14:42:12Z", "event":"Rank", "Combat":7, "Trade":8, "Explore":7, "Empire":14, "Federation":12, "CQC":0 }
{ "timestamp":"2016-12-22T14:42:12Z", "event":"Progress", "Combat":17, "Trade":100, "Explore":48, "Empire":100, "Federation":40, "CQC":0 }
{ "timestamp":"2016-12-22T14:42:43Z", "event":"Location", "Docked":false, "StarSystem":"Ugrivirii", "StarPos":[132.500,-99.063,-3.281], "SystemAllegiance":"Empire", "SystemEconomy":"$economy_Industrial;", "SystemEconomy_Localised":"Industrial", "SystemGovernment":"$government_Corporate;", "SystemGovernment_Localised":"Corporate", "SystemSecurity":"$SYSTEM_SECURITY_high;", "SystemSecurity_Localised":"High Security", "Body":"Ugrivirii 2 B Ring", "BodyType":"PlanetaryRing", "SystemFaction":"Ugrivirii Life Inc" }
{ "timestamp":"2016-12-22T14:46:05Z", "event":"ReceiveText", "From":"$npc_name_decorate:#name=Queenie Bumble;", "From_Localised":"Queenie Bumble", "Message":"$Pirate_OnStartScanCargo02;", "Message_Localised":"Carrying anything nice?", "Channel":"npc" }
{ "timestamp":"2016-12-22T14:46:15Z", "event":"ReceiveText", "From":"$npc_name_decorate:#name=Queenie Bumble;", "From_Localised":"Queenie Bumble", "Message":"$Pirate_OnNoCargoFound11;", "Message_Localised":"Another empty cargo hold. My children will go hungry tonight.", "Channel":"npc" }
{ "timestamp":"2016-12-22T14:49:46Z", "event":"ReceiveText", "From":"$npc_name_decorate:#name=Biggles;", "From_Localised":"Biggles", "Message":"$Pirate_OnStartScanCargo06;", "Message_Localised":"Let's see what you are carrying.", "Channel":"npc" }
{ "timestamp":"2016-12-22T14:49:56Z", "event":"ReceiveText", "From":"$npc_name_decorate:#name=Biggles;", "From_Localised":"Biggles", "Message":"$Pirate_OnNoCargoFound04;", "Message_Localised":"Another dud? Damn it all!", "Channel":"npc" }
{ "timestamp":"2016-12-22T14:52:14Z", "event":"ReceiveText", "From":"$npc_name_decorate:#name=Biggles;", "From_Localised":"Biggles", "Message":"$Pirate_OnDeclarePiracyAttack03;", "Message_Localised":"Now you die, victim.", "Channel":"npc" }
{ "timestamp":"2016-12-22T14:53:44Z", "event":"Bounty", "Rewards":[ { "Faction":"Ugrivirii Life Inc", "Reward":15394 } ], "TotalReward":15394, "VictimFaction":"Ugrivirii Emperor's Grace" }
{ "timestamp":"2016-12-22T14:54:05Z", "event":"ReceiveText", "From":"$npc_name_decorate:#name=will stridar;", "From_Localised":"will stridar", "Message":"$Escort_NearDeath01;", "Message_Localised":"It's no good, I can't manoeuvre.", "Channel":"npc" }
{ "timestamp":"2016-12-22T14:55:11Z", "event":"ReceiveText", "From":"$npc_name_decorate:#name=Colin Tate;", "From_Localised":"Colin Tate", "Message":"$Pirate_OnDeclarePiracyAttack03;", "Message_Localised":"Now you die, victim.", "Channel":"npc" }
{ "timestamp":"2016-12-22T14:55:24Z", "event":"ReceiveText", "From":"$npc_name_decorate:#name=Colin Tate;", "From_Localised":"Colin Tate", "Message":"$Pirate_OnDeclarePiracyAttack08;", "Message_Localised":"Die!", "Channel":"npc" }
{ "timestamp":"2016-12-22T14:55:58Z", "event":"ReceiveText", "From":"$npc_name_decorate:#name=Adam;", "From_Localised":"Adam", "Message":"$Pirate_OnStartScanCargo05;", "Message_Localised":"What treats do you carry?", "Channel":"npc" }
{ "timestamp":"2016-12-22T14:56:07Z", "event":"HeatWarning" }
{ "timestamp":"2016-12-22T14:56:08Z", "event":"ReceiveText", "From":"$npc_name_decorate:#name=Adam;", "From_Localised":"Adam", "Message":"$Pirate_OnNoCargoFound08;", "Message_Localised":"A wasted effort. There's no cargo here.", "Channel":"npc" }
{ "timestamp":"2016-12-22T14:56:09Z", "event":"ReceiveText", "From":"$npc_name_decorate:#name=Adam;", "From_Localised":"Adam", "Message":"$Pirate_NotEnoughCargo01;", "Message_Localised":"Poor excuse for a trader, you're not worth it.", "Channel":"npc" }
{ "timestamp":"2016-12-22T14:56:42Z", "event":"Bounty", "Rewards":[ { "Faction":"Ugrivirii Life Inc", "Reward":800 }, { "Faction":"Empire", "Reward":116392 } ], "TotalReward":117192, "VictimFaction":"Ugrivirii Life Inc" }
{ "timestamp":"2016-12-22T14:58:33Z", "event":"Bounty", "Rewards":[ { "Faction":"Ugrivirii Life Inc", "Reward":4000 }, { "Faction":"Empire", "Reward":182437 } ], "TotalReward":186437, "VictimFaction":"Ugrivirii Emperor's Grace" }
{ "timestamp":"2016-12-22T14:59:58Z", "event":"ReceiveText", "From":"$npc_name_decorate:#name=Adam;", "From_Localised":"Adam", "Message":"$BadKarmaCriticalDamage07;", "Message_Localised":"Too much damage!", "Channel":"npc" }
{ "timestamp":"2016-12-22T15:00:04Z", "event":"Bounty", "Rewards":[ { "Faction":"Ugrivirii Life Inc", "Reward":129332 } ], "TotalReward":129332, "VictimFaction":"Ugrivirii Future" }
{ "timestamp":"2016-12-22T15:00:33Z", "event":"ReceiveText", "From":"$npc_name_decorate:#name=Cadwallader;", "From_Localised":"Cadwallader", "Message":"$Pirate_OnStartScanCargo09;", "Message_Localised":"The scan will soon be over.", "Channel":"npc" }
{ "timestamp":"2016-12-22T15:00:43Z", "event":"ReceiveText", "From":"$npc_name_decorate:#name=Cadwallader;", "From_Localised":"Cadwallader", "Message":"$Pirate_OnNoCargoFound03;", "Message_Localised":"No cargo? Useless dreg.", "Channel":"npc" }
{ "timestamp":"2016-12-22T15:00:48Z", "event":"ReceiveText", "From":"$npc_name_decorate:#name=Cadwallader;", "From_Localised":"Cadwallader", "Message":"$Pirate_OnDeclarePiracyAttack03;", "Message_Localised":"Now you die, victim.", "Channel":"npc" }
{ "timestamp":"2016-12-22T15:00:48Z", "event":"ReceiveText", "From":"$npc_name_decorate:#name=Rancid Sam;", "From_Localised":"Rancid Sam", "Message":"$Escort_AttackDutyStart03;", "Message_Localised":"Incoming aggressors, time to lock and load.", "Channel":"npc" }
{ "timestamp":"2016-12-22T15:01:00Z", "event":"ReceiveText", "From":"$npc_name_decorate:#name=Cadwallader;", "From_Localised":"Cadwallader", "Message":"$BadKarmaCriticalDamage06;", "Message_Localised":"I hadn't expected this.", "Channel":"npc" }
{ "timestamp":"2016-12-22T15:01:05Z", "event":"Bounty", "Rewards":[ { "Faction":"Ugrivirii Life Inc", "Reward":9855 } ], "TotalReward":9855, "VictimFaction":"Mitschigua Empire Group" }
{ "timestamp":"2016-12-22T15:01:25Z", "event":"Bounty", "Rewards":[ { "Faction":"Ugrivirii Life Inc", "Reward":800 }, { "Faction":"Empire", "Reward":3225 } ], "TotalReward":4025, "VictimFaction":"Mitschigua Empire Group" }
{ "timestamp":"2016-12-22T15:01:39Z", "event":"ReceiveText", "From":"$npc_name_decorate:#name=Rancid Sam;", "From_Localised":"Rancid Sam", "Message":"$BadKarmaCriticalDamage01;", "Message_Localised":"How is this happening?!", "Channel":"npc" }
{ "timestamp":"2016-12-22T15:01:43Z", "event":"Bounty", "Rewards":[ { "Faction":"Ugrivirii Life Inc", "Reward":4510 } ], "TotalReward":4510, "VictimFaction":"Mitschigua Empire Group" }
{ "timestamp":"2016-12-22T15:03:49Z", "event":"ReceiveText", "From":"$npc_name_decorate:#name=Mark Seavers;", "From_Localised":"Mark Seavers", "Message":"$Pirate_OnStartScanCargo08;", "Message_Localised":"What do you have in your cargo hold?", "Channel":"npc" }
{ "timestamp":"2016-12-22T15:03:59Z", "event":"ReceiveText", "From":"$npc_name_decorate:#name=Mark Seavers;", "From_Localised":"Mark Seavers", "Message":"$Pirate_OnNoCargoFound02;", "Message_Localised":"Bah, nothing.", "Channel":"npc" }
{ "timestamp":"2016-12-22T15:04:04Z", "event":"ReceiveText", "From":"$npc_name_decorate:#name=Mark Seavers;", "From_Localised":"Mark Seavers", "Message":"$Pirate_OnDeclarePiracyAttack02;", "Message_Localised":"You choose death then. Very well.", "Channel":"npc" }
{ "timestamp":"2016-12-22T15:04:08Z", "event":"ReceiveText", "From":"$npc_name_decorate:#name=Marcus Andersson;", "From_Localised":"Marcus Andersson", "Message":"$MinerCriticalDamage01;", "Message_Localised":"No, no, nooooooo!", "Channel":"npc" }
{ "timestamp":"2016-12-22T15:04:33Z", "event":"ReceiveText", "From":"$npc_name_decorate:#name=Arc Ver;", "From_Localised":"Arc Ver", "Message":"$BadKarmaCriticalDamage05;", "Message_Localised":"No, no!", "Channel":"npc" }
{ "timestamp":"2016-12-22T15:04:47Z", "event":"ReceiveText", "From":"$npc_name_decorate:#name=Mark Seavers;", "From_Localised":"Mark Seavers", "Message":"$BadKarmaCriticalDamage03;", "Message_Localised":"You fight a good fight!", "Channel":"npc" }
{ "timestamp":"2016-12-22T15:05:02Z", "event":"HeatWarning" }
{ "timestamp":"2016-12-22T15:05:30Z", "event":"Bounty", "Rewards":[ { "Faction":"Ugrivirii Life Inc", "Reward":1600 }, { "Faction":"Empire", "Reward":201225 } ], "TotalReward":202825, "VictimFaction":"Noctilucent Dyn" }
{ "timestamp":"2016-12-22T15:05:39Z", "event":"ReceiveText", "From":"$ShipName_Police_Empire;", "From_Localised":"Internal Security Service", "Message":"$OverwatchCriticalDamage08;", "Message_Localised":"This is the end!", "Channel":"npc" }
{ "timestamp":"2016-12-22T15:08:01Z", "event":"ReceiveText", "From":"$ShipName_Police_Empire;", "From_Localised":"Internal Security Service", "Message":"$OverwatchCriticalDamage01;", "Message_Localised":"Impossible!", "Channel":"npc" }
{ "timestamp":"2016-12-22T15:10:38Z", "event":"ReceiveText", "From":"$npc_name_decorate:#name=Spodboyjono;", "From_Localised":"Spodboyjono", "Message":"$Pirate_OnStartScanCargo01;", "Message_Localised":"I see all!", "Channel":"npc" }
{ "timestamp":"2016-12-22T15:10:48Z", "event":"ReceiveText", "From":"$npc_name_decorate:#name=Spodboyjono;", "From_Localised":"Spodboyjono", "Message":"$Pirate_OnNoCargoFound02;", "Message_Localised":"Bah, nothing.", "Channel":"npc" }
{ "timestamp":"2016-12-22T15:12:47Z", "event":"DockFighter" }
{ "timestamp":"2016-12-22T15:13:01Z", "event":"SupercruiseEntry", "StarSystem":"Ugrivirii" }
{ "timestamp":"2016-12-22T15:14:24Z", "event":"SupercruiseExit", "StarSystem":"Ugrivirii", "Body":"Jefferies Port", "BodyType":"Station" }
{ "timestamp":"2016-12-22T15:14:45Z", "event":"ReceiveText", "From":"$ShipName_Police_Empire;", "From_Localised":"Internal Security Service", "Message":"$OverwatchCriticalDamage03;", "Message_Localised":"I'm hit, I'm hit!", "Channel":"npc" }
{ "timestamp":"2016-12-22T15:15:00Z", "event":"DockingRequested", "StationName":"Jefferies Port" }
{ "timestamp":"2016-12-22T15:15:00Z", "event":"ReceiveText", "From":"Jefferies Port", "Message":"$DockingChatter_Allied;", "Message_Localised":"An ally like you is always welcome here.", "Channel":"npc" }
{ "timestamp":"2016-12-22T15:15:01Z", "event":"ReceiveText", "From":"Jefferies Port", "Message":"$STATION_docking_granted;", "Message_Localised":"Docking request granted.", "Channel":"npc" }
{ "timestamp":"2016-12-22T15:15:01Z", "event":"DockingGranted", "LandingPad":24, "StationName":"Jefferies Port" }
{ "timestamp":"2016-12-22T15:15:38Z", "event":"ReceiveText", "From":"Jefferies Port", "Message":"$STATION_NoFireZone_entered;", "Message_Localised":"No fire zone entered.", "Channel":"npc" }
{ "timestamp":"2016-12-22T15:16:49Z", "event":"Docked", "StationName":"Jefferies Port", "StationType":"Coriolis", "StarSystem":"Ugrivirii", "StationFaction":"Ugrivirii Life Inc", "StationGovernment":"$government_Corporate;", "StationGovernment_Localised":"Corporate", "StationAllegiance":"Empire", "StationEconomy":"$economy_Industrial;", "StationEconomy_Localised":"Industrial" }
{ "timestamp":"2016-12-22T15:17:40Z", "event":"RefuelAll", "Cost":125, "Amount":2.474344 }
{ "timestamp":"2016-12-22T15:17:42Z", "event":"RepairAll", "Cost":8657 }
{ "timestamp":"2016-12-22T15:17:44Z", "event":"BuyAmmo", "Cost":5419 }
{ "timestamp":"2016-12-22T15:17:59Z", "event":"PayFines", "Amount":800 }
{ "timestamp":"2016-12-22T15:18:03Z", "event":"RedeemVoucher", "Type":"bounty", "Amount":1542217 }
{ "timestamp":"2016-12-22T15:21:44Z", "event":"ModuleBuy", "Slot":"HugeHardpoint1", "SellItem":"$hpt_pulselaser_gimbal_huge_name;", "SellItem_Localised":"Pulse Laser", "SellPrice":855660, "BuyItem":"$hpt_multicannon_gimbal_huge_name;", "BuyItem_Localised":"Multi-Cannon", "BuyPrice":6218160, "Ship":"cutter", "ShipID":16 }
{ "timestamp":"2016-12-22T15:24:11Z", "event":"Undocked", "StationName":"Jefferies Port", "StationType":"Coriolis" }
{ "timestamp":"2016-12-22T15:24:53Z", "event":"ReceiveText", "From":"Jefferies Port", "Message":"$STATION_NoFireZone_exited;", "Message_Localised":"No fire zone left.", "Channel":"npc" }
{ "timestamp":"2016-12-22T15:26:11Z", "event":"FSDJump", "StarSystem":"ICZ CQ-Y d106", "StarPos":[123.781,-94.813,-0.594], "SystemAllegiance":"", "SystemEconomy":"$economy_None;", "SystemEconomy_Localised":"None", "SystemGovernment":"$government_None;", "SystemGovernment_Localised":"None", "SystemSecurity":"$SYSTEM_SECURITY_low;", "SystemSecurity_Localised":"Low Security", "JumpDist":10.065, "FuelUsed":3.430770, "FuelLevel":60.569229 }
{ "timestamp":"2016-12-22T15:27:07Z", "event":"FuelScoop", "Scooped":3.430771, "Total":64.000000 }
{ "timestamp":"2016-12-22T15:27:59Z", "event":"FSDJump", "StarSystem":"Coringha", "StarPos":[118.406,-84.750,9.063], "SystemAllegiance":"Empire", "SystemEconomy":"$economy_Extraction;", "SystemEconomy_Localised":"Extraction", "SystemGovernment":"$government_Feudal;", "SystemGovernment_Localised":"Feudal", "SystemSecurity":"$SYSTEM_SECURITY_low;", "SystemSecurity_Localised":"Low Security", "JumpDist":14.946, "FuelUsed":10.177117, "FuelLevel":53.822884, "SystemFaction":"Barons of Coringha" }
{ "timestamp":"2016-12-22T15:28:35Z", "event":"FuelScoop", "Scooped":10.177116, "Total":64.000000 }
{ "timestamp":"2016-12-22T15:29:23Z", "event":"FSDJump", "StarSystem":"Marya Wang", "StarPos":[107.875,-79.125,-0.188], "SystemAllegiance":"Empire", "SystemEconomy":"$economy_Refinery;", "SystemEconomy_Localised":"Refinery", "SystemGovernment":"$government_Corporate;", "SystemGovernment_Localised":"Corporate", "SystemSecurity":"$SYSTEM_SECURITY_low;", "SystemSecurity_Localised":"Low Security", "JumpDist":15.103, "FuelUsed":10.473852, "FuelLevel":53.526146, "SystemFaction":"Marya Wang Fortune Organisation", "FactionState":"Boom" }
{ "timestamp":"2016-12-22T15:30:03Z", "event":"FuelScoop", "Scooped":10.473854, "Total":64.000000 }
{ "timestamp":"2016-12-22T15:31:14Z", "event":"FSDJump", "StarSystem":"ICZ CV-Y c9", "StarPos":[96.500,-77.219,-5.875], "SystemAllegiance":"", "SystemEconomy":"$economy_None;", "SystemEconomy_Localised":"None", "SystemGovernment":"$government_None;", "SystemGovernment_Localised":"None", "SystemSecurity":"$SYSTEM_SECURITY_low;", "SystemSecurity_Localised":"Low Security", "JumpDist":12.860, "FuelUsed":6.730539, "FuelLevel":57.269463 }
{ "timestamp":"2016-12-22T15:31:46Z", "event":"FuelScoop", "Scooped":6.730537, "Total":64.000000 }
{ "timestamp":"2016-12-22T15:32:40Z", "event":"FSDJump", "StarSystem":"Kokobii", "StarPos":[83.594,-69.469,-9.781], "SystemAllegiance":"Empire", "SystemEconomy":"$economy_HighTech;", "SystemEconomy_Localised":"High tech", "SystemGovernment":"$government_Patronage;", "SystemGovernment_Localised":"Patronage", "SystemSecurity":"$SYSTEM_SECURITY_high;", "SystemSecurity_Localised":"High Security", "JumpDist":15.553, "FuelUsed":11.353899, "FuelLevel":52.646103, "SystemFaction":"Kokobii Empire League" }
{ "timestamp":"2016-12-22T15:33:15Z", "event":"FuelScoop", "Scooped":11.178890, "Total":63.824993 }
{ "timestamp":"2016-12-22T15:33:54Z", "event":"FSDJump", "StarSystem":"BD+37 968", "StarPos":[74.688,-61.594,-10.906], "SystemAllegiance":"", "SystemEconomy":"$economy_None;", "SystemEconomy_Localised":"None", "SystemGovernment":"$government_None;", "SystemGovernment_Localised":"None", "SystemSecurity":"$SYSTEM_SECURITY_low;", "SystemSecurity_Localised":"Low Security", "JumpDist":11.942, "FuelUsed":5.488955, "FuelLevel":58.336037 }
{ "timestamp":"2016-12-22T15:34:29Z", "event":"FuelScoop", "Scooped":5.663963, "Total":64.000000 }
{ "timestamp":"2016-12-22T15:35:50Z", "event":"FSDJump", "StarSystem":"Eta-1 Pictoris", "StarPos":[65.406,-51.688,-16.875], "SystemAllegiance":"Federation", "SystemEconomy":"$economy_Industrial;", "SystemEconomy_Localised":"Industrial", "SystemGovernment":"$government_Democracy;", "SystemGovernment_Localised":"Democracy", "SystemSecurity":"$SYSTEM_SECURITY_high;", "SystemSecurity_Localised":"High Security", "JumpDist":14.829, "FuelUsed":9.959361, "FuelLevel":54.040638, "SystemFaction":"Maxwell Corp. of Eta-1 Pictoris" }
{ "timestamp":"2016-12-22T15:36:14Z", "event":"FuelScoop", "Scooped":1.918076, "Total":55.958714 }
{ "timestamp":"2016-12-22T15:37:29Z", "event":"FSDJump", "StarSystem":"Ninhursag", "StarPos":[58.125,-44.344,-5.844], "SystemAllegiance":"Empire", "SystemEconomy":"$economy_Refinery;", "SystemEconomy_Localised":"Refinery", "SystemGovernment":"$government_Patronage;", "SystemGovernment_Localised":"Patronage", "SystemSecurity":"$SYSTEM_SECURITY_low;", "SystemSecurity_Localised":"Low Security", "JumpDist":15.121, "FuelUsed":10.396674, "FuelLevel":45.562038, "SystemFaction":"Duwaredari Citizens' Forum" }
{ "timestamp":"2016-12-22T15:38:02Z", "event":"FuelScoop", "Scooped":8.136715, "Total":53.698753 }
{ "timestamp":"2016-12-22T15:38:41Z", "event":"FSDJump", "StarSystem":"Epsilon Reticuli", "StarPos":[43.844,-40.188,-0.031], "SystemAllegiance":"", "SystemEconomy":"$economy_None;", "SystemEconomy_Localised":"None", "SystemGovernment":"$government_None;", "SystemGovernment_Localised":"None", "SystemSecurity":"$SYSTEM_SECURITY_low;", "SystemSecurity_Localised":"Low Security", "JumpDist":15.969, "FuelUsed":12.045081, "FuelLevel":41.653671 }
{ "timestamp":"2016-12-22T15:39:33Z", "event":"FuelScoop", "Scooped":21.530159, "Total":63.183830 }
{ "timestamp":"2016-12-22T15:40:38Z", "event":"FSDJump", "StarSystem":"Ennead", "StarPos":[40.688,-26.594,3.719], "SystemAllegiance":"Federation", "SystemEconomy":"$economy_Agri;", "SystemEconomy_Localised":"Agriculture", "SystemGovernment":"$government_Democracy;", "SystemGovernment_Localised":"Democracy", "SystemSecurity":"$SYSTEM_SECURITY_high;", "SystemSecurity_Localised":"High Security", "JumpDist":14.450, "FuelUsed":9.265469, "FuelLevel":53.918362, "SystemFaction":"Values Party of Ennead", "FactionState":"Boom" }
{ "timestamp":"2016-12-22T15:41:07Z", "event":"FuelScoop", "Scooped":6.783718, "Total":60.702080 }
{ "timestamp":"2016-12-22T15:41:54Z", "event":"FSDJump", "StarSystem":"Macalites", "StarPos":[31.531,-18.219,0.469], "SystemAllegiance":"Independent", "SystemEconomy":"$economy_Agri;", "SystemEconomy_Localised":"Agriculture", "SystemGovernment":"$government_Dictatorship;", "SystemGovernment_Localised":"Dictatorship", "SystemSecurity":"$SYSTEM_SECURITY_high;", "SystemSecurity_Localised":"High Security", "JumpDist":12.827, "FuelUsed":6.655094, "FuelLevel":54.046986, "SystemFaction":"Natural Macalites Regulatory State" }
{ "timestamp":"2016-12-22T15:42:26Z", "event":"FuelScoop", "Scooped":8.024830, "Total":62.071815 }
{ "timestamp":"2016-12-22T15:43:24Z", "event":"FSDJump", "StarSystem":"Sosolingati", "StarPos":[21.313,-13.875,-2.094], "SystemAllegiance":"Federation", "SystemEconomy":"$economy_Refinery;", "SystemEconomy_Localised":"Refinery", "SystemGovernment":"$government_Democracy;", "SystemGovernment_Localised":"Democracy", "SystemSecurity":"$SYSTEM_SECURITY_medium;", "SystemSecurity_Localised":"Medium Security", "JumpDist":11.396, "FuelUsed":4.814832, "FuelLevel":57.256985, "SystemFaction":"Sosolingati Independents", "FactionState":"Boom" }
{ "timestamp":"2016-12-22T15:43:59Z", "event":"FuelScoop", "Scooped":6.743015, "Total":64.000000 }
{ "timestamp":"2016-12-22T15:45:33Z", "event":"FSDJump", "StarSystem":"Avik", "StarPos":[13.969,-4.594,-6.000], "SystemAllegiance":"Independent", "SystemEconomy":"$economy_Refinery;", "SystemEconomy_Localised":"Refinery", "SystemGovernment":"$government_Corporate;", "SystemGovernment_Localised":"Corporate", "SystemSecurity":"$SYSTEM_SECURITY_low;", "SystemSecurity_Localised":"Low Security", "JumpDist":12.463, "FuelUsed":6.175151, "FuelLevel":57.824848, "SystemFaction":"Sirius Corporation", "FactionState":"Investment" }
{ "timestamp":"2016-12-22T15:46:07Z", "event":"FuelScoop", "Scooped":6.175152, "Total":64.000000 }
{ "timestamp":"2016-12-22T15:47:11Z", "event":"FSDJump", "StarSystem":"Gendalla", "StarPos":[12.000,9.969,-5.531], "SystemAllegiance":"Federation", "SystemEconomy":"$economy_Refinery;", "SystemEconomy_Localised":"Refinery", "SystemGovernment":"$government_Corporate;", "SystemGovernment_Localised":"Corporate", "SystemSecurity":"$SYSTEM_SECURITY_medium;", "SystemSecurity_Localised":"Medium Security", "JumpDist":14.702, "FuelUsed":9.727083, "FuelLevel":54.272919, "SystemFaction":"Gendalla Interstellar", "FactionState":"Boom" }
{ "timestamp":"2016-12-22T15:47:44Z", "event":"FuelScoop", "Scooped":8.424515, "Total":62.697433 }
{ "timestamp":"2016-12-22T15:48:33Z", "event":"FSDJump", "StarSystem":"Saktsak", "StarPos":[1.406,16.688,-12.031], "SystemAllegiance":"Federation", "SystemEconomy":"$economy_HighTech;", "SystemEconomy_Localised":"High tech", "SystemGovernment":"$government_Democracy;", "SystemGovernment_Localised":"Democracy", "SystemSecurity":"$SYSTEM_SECURITY_high;", "SystemSecurity_Localised":"High Security", "JumpDist":14.129, "FuelUsed":8.703571, "FuelLevel":53.993862, "SystemFaction":"A Different Kind" }
{ "timestamp":"2016-12-22T15:49:04Z", "event":"FuelScoop", "Scooped":7.415462, "Total":61.409325 }
{ "timestamp":"2016-12-22T15:49:36Z", "event":"FSDJump", "StarSystem":"Chara", "StarPos":[-4.844,26.656,-4.781], "SystemAllegiance":"", "SystemEconomy":"$economy_None;", "SystemEconomy_Localised":"None", "SystemGovernment":"$government_None;", "SystemGovernment_Localised":"None", "SystemSecurity":"$SYSTEM_SECURITY_low;", "SystemSecurity_Localised":"Low Security", "JumpDist":13.820, "FuelUsed":8.177287, "FuelLevel":53.232037 }
{ "timestamp":"2016-12-22T15:50:12Z", "event":"FuelScoop", "Scooped":10.767963, "Total":64.000000 }
{ "timestamp":"2016-12-22T15:50:49Z", "event":"FSDJump", "StarSystem":"Wyrd", "StarPos":[-11.625,31.531,-3.938], "SystemAllegiance":"Federation", "SystemEconomy":"$economy_Agri;", "SystemEconomy_Localised":"Agriculture", "SystemGovernment":"$government_Confederacy;", "SystemGovernment_Localised":"Confederacy", "SystemSecurity":"$SYSTEM_SECURITY_medium;", "SystemSecurity_Localised":"Medium Security", "JumpDist":8.394, "FuelUsed":2.082589, "FuelLevel":61.917412, "SystemFaction":"Alliance of BD+47 2112", "FactionState":"Boom" }
{ "timestamp":"2016-12-22T15:51:30Z", "event":"FuelScoop", "Scooped":2.082588, "Total":64.000000 }
{ "timestamp":"2016-12-22T15:54:16Z", "event":"ReceiveText", "From":"$npc_name_decorate:#name=Cruise Ship;", "From_Localised":"Cruise Ship", "Message":"$CruiseLiner_SCPatrol03;", "Message_Localised":"Today's cruise includes some delightful views, our flight attendants are on hand with full details.", "Channel":"npc" }
{ "timestamp":"2016-12-22T15:58:11Z", "event":"SupercruiseExit", "StarSystem":"Wyrd", "Body":"Wyrd A 2", "BodyType":"Planet" }
{ "timestamp":"2016-12-22T15:58:55Z", "event":"DockingRequested", "StationName":"Black Hide" }
{ "timestamp":"2016-12-22T15:58:55Z", "event":"ReceiveText", "From":"Black Hide", "Message":"$DockingChatter_Neutral;", "Message_Localised":"Ensure to observe starport protocol during your visit, pilot.", "Channel":"npc" }
{ "timestamp":"2016-12-22T15:58:57Z", "event":"ReceiveText", "From":"Black Hide", "Message":"$STATION_docking_granted;", "Message_Localised":"Docking request granted.", "Channel":"npc" }
{ "timestamp":"2016-12-22T15:58:57Z", "event":"DockingGranted", "LandingPad":5, "StationName":"Black Hide" }
{ "timestamp":"2016-12-22T15:59:20Z", "event":"ReceiveText", "From":"Black Hide", "Message":"$STATION_NoFireZone_entered;", "Message_Localised":"No fire zone entered.", "Channel":"npc" }
{ "timestamp":"2016-12-22T16:01:39Z", "event":"Docked", "StationName":"Black Hide", "StarSystem":"Wyrd", "StationFaction":"Alliance of BD+47 2112", "FactionState":"Boom", "StationGovernment":"$government_Confederacy;", "StationGovernment_Localised":"Confederacy", "StationAllegiance":"Federation" }
{ "timestamp":"2016-12-22T16:01:45Z", "event":"Touchdown", "Latitude":-63.834587, "Longitude":-82.001556 }
{ "timestamp":"2016-12-22T16:03:25Z", "event":"RefuelAll", "Cost":69, "Amount":1.365327 }
{ "timestamp":"2016-12-22T16:05:10Z", "event":"EngineerProgress", "Engineer":"The Dweller", "Progress":"Unlocked", "Rank":1 }
{ "timestamp":"2016-12-22T16:05:50Z", "event":"EngineerCraft", "Engineer":"The Dweller", "Blueprint":"PowerDistributor_PrioritySystems", "Level":1, "Ingredients":{"sulphur":1 } }
{ "timestamp":"2016-12-22T16:06:36Z", "event":"EngineerCraft", "Engineer":"The Dweller", "Blueprint":"PowerDistributor_PrioritySystems", "Level":1, "Ingredients":{"sulphur":1 } }
{ "timestamp":"2016-12-22T16:07:26Z", "event":"EngineerApply", "Engineer":"The Dweller", "Blueprint":"PowerDistributor_PrioritySystems", "Level":1 }
{ "timestamp":"2016-12-22T16:08:47Z", "event":"EngineerCraft", "Engineer":"The Dweller", "Blueprint":"Weapon_Overcharged", "Level":1, "Ingredients":{"nickel":1 } }
{ "timestamp":"2016-12-22T16:08:49Z", "event":"EngineerProgress", "Engineer":"The Dweller", "Rank":2 }
{ "timestamp":"2016-12-22T16:11:03Z", "event":"EngineerApply", "Engineer":"The Dweller", "Blueprint":"Weapon_Overcharged", "Level":1 }
{ "timestamp":"2016-12-22T16:11:36Z", "event":"EngineerCraft", "Engineer":"The Dweller", "Blueprint":"Weapon_Overcharged", "Level":1, "Ingredients":{"nickel":1 } }
{ "timestamp":"2016-12-22T16:12:20Z", "event":"EngineerApply", "Engineer":"The Dweller", "Blueprint":"Weapon_Overcharged", "Level":1 }
{ "timestamp":"2016-12-22T16:13:57Z", "event":"EngineerCraft", "Engineer":"The Dweller", "Blueprint":"Weapon_Overcharged", "Level":1, "Ingredients":{"nickel":1 } }
{ "timestamp":"2016-12-22T16:14:31Z", "event":"EngineerApply", "Engineer":"The Dweller", "Blueprint":"Weapon_Overcharged", "Level":1 }
{ "timestamp":"2016-12-22T16:14:50Z", "event":"EngineerCraft", "Engineer":"The Dweller", "Blueprint":"Weapon_Overcharged", "Level":1, "Ingredients":{"nickel":1 } }
{ "timestamp":"2016-12-22T16:15:06Z", "event":"EngineerApply", "Engineer":"The Dweller", "Blueprint":"Weapon_Overcharged", "Level":1 }
{ "timestamp":"2016-12-22T16:15:21Z", "event":"Repair", "Item":"Wear", "Cost":198245 }
{ "timestamp":"2016-12-22T16:15:57Z", "event":"Undocked", "StationName":"Black Hide" }
{ "timestamp":"2016-12-22T16:16:23Z", "event":"Liftoff", "Latitude":-63.832676, "Longitude":-82.004936 }
{ "timestamp":"2016-12-22T16:16:51Z", "event":"ReceiveText", "From":"Black Hide", "Message":"$STATION_NoFireZone_exited;", "Message_Localised":"No fire zone left.", "Channel":"npc" }
{ "timestamp":"2016-12-22T16:18:05Z", "event":"SupercruiseEntry", "StarSystem":"Wyrd" }
{ "timestamp":"2016-12-22T16:19:48Z", "event":"FSDJump", "StarSystem":"Chara", "StarPos":[-4.844,26.656,-4.781], "SystemAllegiance":"", "SystemEconomy":"$economy_None;", "SystemEconomy_Localised":"None", "SystemGovernment":"$government_None;", "SystemGovernment_Localised":"None", "SystemSecurity":"$SYSTEM_SECURITY_low;", "SystemSecurity_Localised":"Low Security", "JumpDist":8.394, "FuelUsed":2.088714, "FuelLevel":61.911285 }
{ "timestamp":"2016-12-22T16:20:33Z", "event":"FuelScoop", "Scooped":2.088715, "Total":64.000000 }
{ "timestamp":"2016-12-22T16:21:25Z", "event":"FSDJump", "StarSystem":"Saktsak", "StarPos":[1.406,16.688,-12.031], "SystemAllegiance":"Federation", "SystemEconomy":"$economy_HighTech;", "SystemEconomy_Localised":"High tech", "SystemGovernment":"$government_Democracy;", "SystemGovernment_Localised":"Democracy", "SystemSecurity":"$SYSTEM_SECURITY_high;", "SystemSecurity_Localised":"High Security", "JumpDist":13.820, "FuelUsed":8.229197, "FuelLevel":55.770805, "SystemFaction":"A Different Kind" }
{ "timestamp":"2016-12-22T16:22:05Z", "event":"FuelScoop", "Scooped":8.229195, "Total":64.000000 }
{ "timestamp":"2016-12-22T16:23:06Z", "event":"FSDJump", "StarSystem":"Gendalla", "StarPos":[12.000,9.969,-5.531], "SystemAllegiance":"Federation", "SystemEconomy":"$economy_Refinery;", "SystemEconomy_Localised":"Refinery", "SystemGovernment":"$government_Corporate;", "SystemGovernment_Localised":"Corporate", "SystemSecurity":"$SYSTEM_SECURITY_medium;", "SystemSecurity_Localised":"Medium Security", "JumpDist":14.129, "FuelUsed":8.743876, "FuelLevel":55.256123, "SystemFaction":"Gendalla Interstellar", "FactionState":"Boom" }
{ "timestamp":"2016-12-22T16:23:39Z", "event":"FuelScoop", "Scooped":8.743877, "Total":64.000000 }
{ "timestamp":"2016-12-22T16:24:41Z", "event":"FSDJump", "StarSystem":"Cavins", "StarPos":[27.000,8.781,-7.063], "SystemAllegiance":"Federation", "SystemEconomy":"$economy_Agri;", "SystemEconomy_Localised":"Agriculture", "SystemGovernment":"$government_Corporate;", "SystemGovernment_Localised":"Corporate", "SystemSecurity":"$SYSTEM_SECURITY_high;", "SystemSecurity_Localised":"High Security", "JumpDist":15.125, "FuelUsed":10.545492, "FuelLevel":53.454506, "SystemFaction":"Cavins Systems", "FactionState":"Boom" }
{ "timestamp":"2016-12-22T16:25:11Z", "event":"FuelScoop", "Scooped":8.025745, "Total":61.480251 }
{ "timestamp":"2016-12-22T16:25:46Z", "event":"FSDJump", "StarSystem":"Caerdroia", "StarPos":[37.844,3.594,-11.813], "SystemAllegiance":"", "SystemEconomy":"$economy_None;", "SystemEconomy_Localised":"None", "SystemGovernment":"$government_None;", "SystemGovernment_Localised":"None", "SystemSecurity":"$SYSTEM_SECURITY_low;", "SystemSecurity_Localised":"Low Security", "JumpDist":12.925, "FuelUsed":6.822528, "FuelLevel":54.657722 }
{ "timestamp":"2016-12-22T16:26:18Z", "event":"FuelScoop", "Scooped":8.806732, "Total":63.464455 }
{ "timestamp":"2016-12-22T16:27:33Z", "event":"FSDJump", "StarSystem":"Ralu", "StarPos":[46.719,1.438,-16.156], "SystemAllegiance":"Federation", "SystemEconomy":"$economy_Refinery;", "SystemEconomy_Localised":"Refinery", "SystemGovernment":"$government_Democracy;", "SystemGovernment_Localised":"Democracy", "SystemSecurity":"$SYSTEM_SECURITY_medium;", "SystemSecurity_Localised":"Medium Security", "JumpDist":10.114, "FuelUsed":3.484199, "FuelLevel":59.980255, "SystemFaction":"Ralu Independents" }
{ "timestamp":"2016-12-22T16:28:12Z", "event":"FuelScoop", "Scooped":4.019745, "Total":64.000000 }
{ "timestamp":"2016-12-22T16:28:54Z", "event":"FSDJump", "StarSystem":"Rho Puppis", "StarPos":[56.688,5.219,-28.250], "SystemAllegiance":"Federation", "SystemEconomy":"$economy_Extraction;", "SystemEconomy_Localised":"Extraction", "SystemGovernment":"$government_Democracy;", "SystemGovernment_Localised":"Democracy", "SystemSecurity":"$SYSTEM_SECURITY_medium;", "SystemSecurity_Localised":"Medium Security", "JumpDist":16.122, "FuelUsed":12.570643, "FuelLevel":51.429356, "SystemFaction":"Green Party of Rho Puppis", "FactionState":"Boom" }
{ "timestamp":"2016-12-22T16:29:29Z", "event":"FuelScoop", "Scooped":10.261635, "Total":61.690990 }
{ "timestamp":"2016-12-22T16:30:09Z", "event":"FSDJump", "StarSystem":"Puppis Sector EL-Y c15", "StarPos":[71.656,7.125,-31.969], "SystemAllegiance":"", "SystemEconomy":"$economy_None;", "SystemEconomy_Localised":"None", "SystemGovernment":"$government_None;", "SystemGovernment_Localised":"None", "SystemSecurity":"$SYSTEM_SECURITY_low;", "SystemSecurity_Localised":"Low Security", "JumpDist":15.541, "FuelUsed":11.328947, "FuelLevel":50.362045 }
{ "timestamp":"2016-12-22T16:30:40Z", "event":"FuelScoop", "Scooped":8.725460, "Total":59.087505 }
{ "timestamp":"2016-12-22T16:32:00Z", "event":"FSDJump", "StarSystem":"Grendel", "StarPos":[84.469,2.688,-29.969], "SystemAllegiance":"Federation", "SystemEconomy":"$economy_Terraforming;", "SystemEconomy_Localised":"Terraforming", "SystemGovernment":"$government_Democracy;", "SystemGovernment_Localised":"Democracy", "SystemSecurity":"$SYSTEM_SECURITY_medium;", "SystemSecurity_Localised":"Medium Security", "JumpDist":13.706, "FuelUsed":7.991485, "FuelLevel":51.096020, "SystemFaction":"Progressive Party of Grendel", "FactionState":"Boom" }
{ "timestamp":"2016-12-22T16:32:30Z", "event":"FuelScoop", "Scooped":4.518467, "Total":55.614487 }
{ "timestamp":"2016-12-22T16:33:49Z", "event":"FSDJump", "StarSystem":"Lambi", "StarPos":[95.344,9.563,-30.094], "SystemAllegiance":"Federation", "SystemEconomy":"$economy_Extraction;", "SystemEconomy_Localised":"Extraction", "SystemGovernment":"$government_Democracy;", "SystemGovernment_Localised":"Democracy", "SystemSecurity":"$SYSTEM_SECURITY_medium;", "SystemSecurity_Localised":"Medium Security", "JumpDist":12.867, "FuelUsed":6.686045, "FuelLevel":48.928440, "SystemFaction":"Progressive Party of Grendel", "FactionState":"Boom" }
{ "timestamp":"2016-12-22T16:34:14Z", "event":"FuelScoop", "Scooped":2.987778, "Total":51.916218 }
{ "timestamp":"2016-12-22T16:35:12Z", "event":"FSDJump", "StarSystem":"CD-27 5409", "StarPos":[100.094,10.781,-39.500], "SystemAllegiance":"Independent", "SystemEconomy":"$economy_Industrial;", "SystemEconomy_Localised":"Industrial", "SystemGovernment":"$government_Dictatorship;", "SystemGovernment_Localised":"Dictatorship", "SystemSecurity":"$SYSTEM_SECURITY_high;", "SystemSecurity_Localised":"High Security", "JumpDist":10.608, "FuelUsed":3.912968, "FuelLevel":48.003250, "SystemFaction":"CD-27 5409 Autocracy" }
{ "timestamp":"2016-12-22T16:46:14Z", "event":"FuelScoop", "Scooped":4.306030, "Total":52.309280 }
{ "timestamp":"2016-12-22T16:46:54Z", "event":"FSDJump", "StarSystem":"Gliese 9263", "StarPos":[114.969,10.500,-40.750], "SystemAllegiance":"", "SystemEconomy":"$economy_None;", "SystemEconomy_Localised":"None", "SystemGovernment":"$government_None;", "SystemGovernment_Localised":"None", "SystemSecurity":"$SYSTEM_SECURITY_low;", "SystemSecurity_Localised":"Low Security", "JumpDist":14.930, "FuelUsed":10.021506, "FuelLevel":42.287773 }
{ "timestamp":"2016-12-22T16:47:25Z", "event":"FuelScoop", "Scooped":-3.069607, "Total":39.218166 }
{ "timestamp":"2016-12-22T16:47:57Z", "event":"FSDJump", "StarSystem":"Deciat", "StarPos":[122.625,-0.813,-47.281], "SystemAllegiance":"Federation", "SystemEconomy":"$economy_Industrial;", "SystemEconomy_Localised":"Industrial", "SystemGovernment":"$government_Democracy;", "SystemGovernment_Localised":"Democracy", "SystemSecurity":"$SYSTEM_SECURITY_high;", "SystemSecurity_Localised":"High Security", "JumpDist":15.141, "FuelUsed":10.354939, "FuelLevel":39.218166, "SystemFaction":"Independent Deciat Green Party", "FactionState":"Boom" }
{ "timestamp":"2016-12-22T16:48:39Z", "event":"FuelScoop", "Scooped":5.070393, "Total":44.288559 }
{ "timestamp":"2016-12-22T16:55:08Z", "event":"SupercruiseExit", "StarSystem":"Deciat", "Body":"Deciat 6 a", "BodyType":"Planet" }
{ "timestamp":"2016-12-22T16:57:39Z", "event":"DockingRequested", "StationName":"Farseer Inc" }
{ "timestamp":"2016-12-22T16:57:39Z", "event":"ReceiveText", "From":"Farseer Inc", "Message":"$DockingChatter_Allied;", "Message_Localised":"An ally like you is always welcome here.", "Channel":"npc" }
{ "timestamp":"2016-12-22T16:57:40Z", "event":"ReceiveText", "From":"Farseer Inc", "Message":"$STATION_docking_granted;", "Message_Localised":"Docking request granted.", "Channel":"npc" }
{ "timestamp":"2016-12-22T16:57:40Z", "event":"DockingGranted", "LandingPad":8, "StationName":"Farseer Inc" }
{ "timestamp":"2016-12-22T16:57:59Z", "event":"ReceiveText", "From":"Farseer Inc", "Message":"$STATION_NoFireZone_entered;", "Message_Localised":"No fire zone entered.", "Channel":"npc" }
{ "timestamp":"2016-12-22T16:59:32Z", "event":"Docked", "StationName":"Farseer Inc", "StarSystem":"Deciat", "StationFaction":"Independent Deciat Green Party", "FactionState":"Boom", "StationGovernment":"$government_Democracy;", "StationGovernment_Localised":"Democracy", "StationAllegiance":"Federation" }
{ "timestamp":"2016-12-22T16:59:37Z", "event":"Touchdown", "Latitude":23.780783, "Longitude":153.082092 }
{ "timestamp":"2016-12-22T17:00:54Z", "event":"RefuelAll", "Cost":1017, "Amount":20.316479 }
{ "timestamp":"2016-12-22T17:00:58Z", "event":"BuyAmmo", "Cost":25 }
{ "timestamp":"2016-12-22T17:02:19Z", "event":"EngineerCraft", "Engineer":"Felicity Farseer", "Blueprint":"FSD_LongRange", "Level":1, "Ingredients":{"disruptedwakeechoes":1 } }
{ "timestamp":"2016-12-22T17:02:39Z", "event":"EngineerApply", "Engineer":"Felicity Farseer", "Blueprint":"FSD_LongRange", "Level":1 }
{ "timestamp":"2016-12-22T17:03:55Z", "event":"EngineerCraft", "Engineer":"Felicity Farseer", "Blueprint":"ShieldBooster_Resistive", "Level":1, "Ingredients":{"phosphorus":1 } }
{ "timestamp":"2016-12-22T17:04:35Z", "event":"EngineerApply", "Engineer":"Felicity Farseer", "Blueprint":"ShieldBooster_Resistive", "Level":1 }
{ "timestamp":"2016-12-22T17:04:56Z", "event":"EngineerCraft", "Engineer":"Felicity Farseer", "Blueprint":"ShieldBooster_Resistive", "Level":1, "Ingredients":{"phosphorus":1 } }
{ "timestamp":"2016-12-22T17:05:53Z", "event":"EngineerApply", "Engineer":"Felicity Farseer", "Blueprint":"ShieldBooster_Resistive", "Level":1 }
{ "timestamp":"2016-12-22T17:06:35Z", "event":"EngineerCraft", "Engineer":"Felicity Farseer", "Blueprint":"ShieldBooster_Resistive", "Level":1, "Ingredients":{"phosphorus":1 } }
{ "timestamp":"2016-12-22T17:06:58Z", "event":"EngineerApply", "Engineer":"Felicity Farseer", "Blueprint":"ShieldBooster_Resistive", "Level":1 }
{ "timestamp":"2016-12-22T17:07:30Z", "event":"EngineerCraft", "Engineer":"Felicity Farseer", "Blueprint":"ShieldBooster_Resistive", "Level":1, "Ingredients":{"phosphorus":1 } }
{ "timestamp":"2016-12-22T17:08:14Z", "event":"EngineerApply", "Engineer":"Felicity Farseer", "Blueprint":"ShieldBooster_Resistive", "Level":1 }
{ "timestamp":"2016-12-22T17:08:54Z", "event":"EngineerCraft", "Engineer":"Felicity Farseer", "Blueprint":"PowerPlant_Boosted", "Level":1, "Ingredients":{"sulphur":1 } }
{ "timestamp":"2016-12-22T17:09:40Z", "event":"EngineerApply", "Engineer":"Felicity Farseer", "Blueprint":"PowerPlant_Boosted", "Level":1 }
{ "timestamp":"2016-12-22T17:09:41Z", "event":"ShieldState", "ShieldsUp":false }
{ "timestamp":"2016-12-22T17:10:00Z", "event":"ShieldState", "ShieldsUp":true }
{ "timestamp":"2016-12-22T17:11:37Z", "event":"EngineerCraft", "Engineer":"Felicity Farseer", "Blueprint":"Engine_Reinforced", "Level":1, "Ingredients":{"carbon":1 } }
{ "timestamp":"2016-12-22T17:11:55Z", "event":"EngineerApply", "Engineer":"Felicity Farseer", "Blueprint":"Engine_Reinforced", "Level":1 }
{ "timestamp":"2016-12-22T17:12:28Z", "event":"Undocked", "StationName":"Farseer Inc" }
{ "timestamp":"2016-12-22T17:12:35Z", "event":"Liftoff", "Latitude":23.781263, "Longitude":153.095016 }
{ "timestamp":"2016-12-22T17:12:55Z", "event":"ReceiveText", "From":"Farseer Inc", "Message":"$STATION_NoFireZone_exited;", "Message_Localised":"No fire zone left.", "Channel":"npc" }
{ "timestamp":"2016-12-22T17:13:39Z", "event":"SupercruiseEntry", "StarSystem":"Deciat" }
{ "timestamp":"2016-12-22T17:13:48Z", "event":"ReceiveText", "From":"", "Message":"$CruiseLiner_SCPatrol04;", "Message_Localised":"I'd like to direct your attention to our flight attendants for a brief safety demonstration.", "Channel":"npc" }
{ "timestamp":"2016-12-22T17:16:36Z", "event":"FSDJump", "StarSystem":"Gliese 9263", "StarPos":[114.969,10.500,-40.750], "SystemAllegiance":"", "SystemEconomy":"$economy_None;", "SystemEconomy_Localised":"None", "SystemGovernment":"$government_None;", "SystemGovernment_Localised":"None", "SystemSecurity":"$SYSTEM_SECURITY_low;", "SystemSecurity_Localised":"Low Security", "JumpDist":15.141, "FuelUsed":8.353914, "FuelLevel":55.646088 }
{ "timestamp":"2016-12-22T17:17:09Z", "event":"FuelScoop", "Scooped":8.353912, "Total":64.000000 }
{ "timestamp":"2016-12-22T17:17:44Z", "event":"FSDJump", "StarSystem":"Col 285 Sector CL-N c7-13", "StarPos":[107.750,18.344,-30.688], "SystemAllegiance":"", "SystemEconomy":"$economy_None;", "SystemEconomy_Localised":"None", "SystemGovernment":"$government_None;", "SystemGovernment_Localised":"None", "SystemSecurity":"$SYSTEM_SECURITY_low;", "SystemSecurity_Localised":"Low Security", "JumpDist":14.659, "FuelUsed":7.642895, "FuelLevel":56.357105 }
{ "timestamp":"2016-12-22T17:18:10Z", "event":"FuelScoop", "Scooped":3.954189, "Total":60.311295 }
{ "timestamp":"2016-12-22T17:20:03Z", "event":"FSDJump", "StarSystem":"LTT 3290", "StarPos":[92.844,23.563,-33.781], "SystemAllegiance":"Federation", "SystemEconomy":"$economy_Industrial;", "SystemEconomy_Localised":"Industrial", "SystemGovernment":"$government_Democracy;", "SystemGovernment_Localised":"Democracy", "SystemSecurity":"$SYSTEM_SECURITY_high;", "SystemSecurity_Localised":"High Security", "JumpDist":16.094, "FuelUsed":9.832441, "FuelLevel":50.478851, "SystemFaction":"LTT 3290 for Equality" }
{ "timestamp":"2016-12-22T17:20:39Z", "event":"FuelScoop", "Scooped":12.491421, "Total":62.970272 }
{ "timestamp":"2016-12-22T17:21:25Z", "event":"FSDJump", "StarSystem":"V405 Hydrae", "StarPos":[78.063,32.219,-37.219], "SystemAllegiance":"Federation", "SystemEconomy":"$economy_Industrial;", "SystemEconomy_Localised":"Industrial", "SystemGovernment":"$government_Corporate;", "SystemGovernment_Localised":"Corporate", "SystemSecurity":"$SYSTEM_SECURITY_high;", "SystemSecurity_Localised":"High Security", "JumpDist":17.471, "FuelUsed":12.366463, "FuelLevel":50.603809, "SystemFaction":"V405 Hydrae Exchange" }
{ "timestamp":"2016-12-22T17:21:53Z", "event":"FuelScoop", "Scooped":4.556515, "Total":55.160324 }
{ "timestamp":"2016-12-22T17:24:09Z", "event":"FSDJump", "StarSystem":"Noti", "StarPos":[72.156,42.813,-31.438], "SystemAllegiance":"Federation", "SystemEconomy":"$economy_Industrial;", "SystemEconomy_Localised":"Industrial", "SystemGovernment":"$government_Democracy;", "SystemGovernment_Localised":"Democracy", "SystemSecurity":"$SYSTEM_SECURITY_high;", "SystemSecurity_Localised":"High Security", "JumpDist":13.436, "FuelUsed":5.945925, "FuelLevel":49.214401, "SystemFaction":"Revolutionary Noti Values Party", "FactionState":"Boom" }
{ "timestamp":"2016-12-22T17:24:51Z", "event":"FuelScoop", "Scooped":13.011395, "Total":62.225796 }
{ "timestamp":"2016-12-22T17:25:09Z", "event":"ReceiveText", "From":"$npc_name_decorate:#name=Cruise Ship;", "From_Localised":"Cruise Ship", "Message":"$CruiseLiner_SCPatrol05;", "Message_Localised":"This is your captain. Due to some unforeseen delays, we will be arriving at our next destination later than scheduled.", "Channel":"npc" }
{ "timestamp":"2016-12-22T17:25:33Z", "event":"FSDJump", "StarSystem":"HR 3991", "StarPos":[71.813,51.000,-20.594], "SystemAllegiance":"Independent", "SystemEconomy":"$economy_Extraction;", "SystemEconomy_Localised":"Extraction", "SystemGovernment":"$government_Corporate;", "SystemGovernment_Localised":"Corporate", "SystemSecurity":"$SYSTEM_SECURITY_medium;", "SystemSecurity_Localised":"Medium Security", "JumpDist":13.592, "FuelUsed":6.194113, "FuelLevel":56.031681, "SystemFaction":"HR 3991 Crimson Life Industries", "FactionState":"Boom" }
{ "timestamp":"2016-12-22T17:26:11Z", "event":"FuelScoop", "Scooped":7.968319, "Total":64.000000 }
{ "timestamp":"2016-12-22T17:27:15Z", "event":"FSDJump", "StarSystem":"Antinica", "StarPos":[64.500,62.313,-12.625], "SystemAllegiance":"Independent", "SystemEconomy":"$economy_Terraforming;", "SystemEconomy_Localised":"Terraforming", "SystemGovernment":"$government_Theocracy;", "SystemGovernment_Localised":"Theocracy", "SystemSecurity":"$SYSTEM_SECURITY_medium;", "SystemSecurity_Localised":"Medium Security", "JumpDist":15.651, "FuelUsed":9.150445, "FuelLevel":54.849556, "SystemFaction":"Antinica Godly Sect", "FactionState":"Expansion" }
{ "timestamp":"2016-12-22T17:27:44Z", "event":"FuelScoop", "Scooped":6.473621, "Total":61.323177 }
{ "timestamp":"2016-12-22T17:28:33Z", "event":"FSDJump", "StarSystem":"Melcior", "StarPos":[54.781,65.250,-9.219], "SystemAllegiance":"Federation", "SystemEconomy":"$economy_Refinery;", "SystemEconomy_Localised":"Refinery", "SystemGovernment":"$government_Democracy;", "SystemGovernment_Localised":"Democracy", "SystemSecurity":"$SYSTEM_SECURITY_medium;", "SystemSecurity_Localised":"Medium Security", "JumpDist":10.709, "FuelUsed":3.211971, "FuelLevel":58.111206, "SystemFaction":"Future of Melcior", "FactionState":"Boom" }
{ "timestamp":"2016-12-22T17:29:12Z", "event":"FuelScoop", "Scooped":5.888794, "Total":64.000000 }
{ "timestamp":"2016-12-22T17:31:25Z", "event":"FSDJump", "StarSystem":"89 Leonis", "StarPos":[44.344,76.750,-5.031], "SystemAllegiance":"Federation", "SystemEconomy":"$economy_Agri;", "SystemEconomy_Localised":"Agriculture", "SystemGovernment":"$government_Democracy;", "SystemGovernment_Localised":"Democracy", "SystemSecurity":"$SYSTEM_SECURITY_medium;", "SystemSecurity_Localised":"Medium Security", "JumpDist":16.085, "FuelUsed":9.865661, "FuelLevel":54.134338, "SystemFaction":"89 Leonis Republic Party" }
{ "timestamp":"2016-12-22T17:31:48Z", "event":"FuelScoop", "Scooped":1.477856, "Total":55.612194 }
{ "timestamp":"2016-12-22T17:32:48Z", "event":"FSDJump", "StarSystem":"Wolf 397", "StarPos":[40.000,79.219,-10.406], "SystemAllegiance":"Alliance", "SystemEconomy":"$economy_Agri;", "SystemEconomy_Localised":"Agriculture", "SystemGovernment":"$government_Democracy;", "SystemGovernment_Localised":"Democracy", "SystemSecurity":"$SYSTEM_SECURITY_medium;", "SystemSecurity_Localised":"Medium Security", "JumpDist":7.338, "FuelUsed":1.127525, "FuelLevel":54.484669, "SystemFaction":"Wolf 397 Independents" }
