{ "timestamp":"2016-12-05T19:37:41Z", "event":"Fileheader", "part":1, "language":"English\\UK", "gameversion":"2.2", "build":"r126898/r0 " }
{ "timestamp":"2016-12-05T19:39:15Z", "event":"LoadGame", "Commander":"Singlemalt", "Ship":"Anaconda", "ShipID":4, "GameMode":"Open", "Credits":600702606, "Loan":0 }
{ "timestamp":"2016-12-05T19:39:15Z", "event":"Rank", "Combat":7, "Trade":8, "Explore":7, "Empire":14, "Federation":12, "CQC":0 }
{ "timestamp":"2016-12-05T19:39:15Z", "event":"Progress", "Combat":8, "Trade":100, "Explore":35, "Empire":100, "Federation":40, "CQC":0 }
{ "timestamp":"2016-12-05T19:39:45Z", "event":"Location", "Docked":true, "StationName":"Jaques Station", "StationType":"Orbis", "StarSystem":"Colonia", "StarPos":[-9530.500,-910.281,19808.125], "SystemAllegiance":"Independent", "SystemEconomy":"$economy_Tourism;", "SystemEconomy_Localised":"Tourism", "SystemGovernment":"$government_Cooperative;", "SystemGovernment_Localised":"Cooperative", "SystemSecurity":"$SYSTEM_SECURITY_low;", "SystemSecurity_Localised":"Low Security", "Body":"Jaques Station", "BodyType":"Station", "SystemFaction":"Jaques", "FactionState":"Expansion" }
{ "timestamp":"2016-12-05T19:39:45Z", "event":"Docked", "StationName":"Jaques Station", "StationType":"Orbis", "StarSystem":"Colonia", "StationFaction":"Jaques", "FactionState":"Expansion", "StationGovernment":"$government_Cooperative;", "StationGovernment_Localised":"Cooperative", "StationEconomy":"$economy_Tourism;", "StationEconomy_Localised":"Tourism" }
{ "timestamp":"2016-12-05T19:42:53Z", "event":"ModuleBuy", "Slot":"Slot13_Size2", "BuyItem":"$int_buggybay_size2_class1_name;", "BuyItem_Localised":"Planetary Vehicle Hangar", "BuyPrice":17550, "Ship":"anaconda", "ShipID":4 }
{ "timestamp":"2016-12-05T19:43:41Z", "event":"ModuleBuy", "Slot":"Slot08_Size4", "BuyItem":"$int_cargorack_size4_class1_name;", "BuyItem_Localised":"Cargo Rack", "BuyPrice":33470, "Ship":"anaconda", "ShipID":4 }
{ "timestamp":"2016-12-05T19:44:54Z", "event":"ReceiveText", "From":"$npc_name_decorate:#name=Tod;", "From_Localised":"Tod", "Message":"$Commuter_AuthorityScan04;", "Message_Localised":"Is this really necessary?", "Channel":"npc" }
{ "timestamp":"2016-12-05T19:45:43Z", "event":"ModuleBuy", "Slot":"PaintJob", "SellItem":"$paintjob_anaconda_blackfriday_01_name;", "SellItem_Localised":"Black Friday", "SellPrice":0, "BuyItem":"$paintjob_anaconda_blackfriday_01_name;", "BuyItem_Localised":"Black Friday", "BuyPrice":0, "Ship":"anaconda", "ShipID":4 }
{ "timestamp":"2016-12-05T19:46:29Z", "event":"Undocked", "StationName":"Jaques Station", "StationType":"Orbis" }
{ "timestamp":"2016-12-05T19:49:32Z", "event":"ReceiveText", "From":"Jaques Station", "Message":"$STATION_NoFireZone_exited;", "Message_Localised":"No fire zone left.", "Channel":"npc" }
{ "timestamp":"2016-12-05T19:58:37Z", "event":"FSDJump", "StarSystem":"Eol Prou FV-N c7-50", "StarPos":[-9519.969,-888.844,19759.875], "SystemAllegiance":"", "SystemEconomy":"$economy_None;", "SystemEconomy_Localised":"None", "SystemGovernment":"$government_None;", "SystemGovernment_Localised":"None", "SystemSecurity":"$SYSTEM_SECURITY_low;", "SystemSecurity_Localised":"Low Security", "JumpDist":53.838, "FuelUsed":7.783429, "FuelLevel":24.216572 }
{ "timestamp":"2016-12-05T19:59:10Z", "event":"FuelScoop", "Scooped":7.783428, "Total":32.000000 }
{ "timestamp":"2016-12-05T20:00:24Z", "event":"FSDJump", "StarSystem":"Eol Prou ZT-P c6-139", "StarPos":[-9508.781,-857.531,19718.281], "SystemAllegiance":"", "SystemEconomy":"$economy_None;", "SystemEconomy_Localised":"None", "SystemGovernment":"$government_None;", "SystemGovernment_Localised":"None", "SystemSecurity":"$SYSTEM_SECURITY_low;", "SystemSecurity_Localised":"Low Security", "JumpDist":53.251, "FuelUsed":7.564700, "FuelLevel":24.435299 }
{ "timestamp":"2016-12-05T20:00:56Z", "event":"FuelScoop", "Scooped":7.564701, "Total":32.000000 }
{ "timestamp":"2016-12-05T20:01:30Z", "event":"FSDJump", "StarSystem":"Eol Prou EQ-Y e3344", "StarPos":[-9512.625,-837.063,19668.125], "SystemAllegiance":"", "SystemEconomy":"$economy_None;", "SystemEconomy_Localised":"None", "SystemGovernment":"$government_None;", "SystemGovernment_Localised":"None", "SystemSecurity":"$SYSTEM_SECURITY_low;", "SystemSecurity_Localised":"Low Security", "JumpDist":54.308, "FuelUsed":7.960909, "FuelLevel":24.039091 }
{ "timestamp":"2016-12-05T20:02:07Z", "event":"FuelScoop", "Scooped":7.960909, "Total":32.000000 }
{ "timestamp":"2016-12-05T20:02:47Z", "event":"FSDJump", "StarSystem":"Eol Prou FQ-X d1-125", "StarPos":[-9511.094,-812.750,19620.719], "SystemAllegiance":"", "SystemEconomy":"$economy_None;", "SystemEconomy_Localised":"None", "SystemGovernment":"$government_None;", "SystemGovernment_Localised":"None", "SystemSecurity":"$SYSTEM_SECURITY_low;", "SystemSecurity_Localised":"Low Security", "JumpDist":53.299, "FuelUsed":7.582068, "FuelLevel":24.417933 }
{ "timestamp":"2016-12-05T20:03:22Z", "event":"FuelScoop", "Scooped":7.582067, "Total":32.000000 }
{ "timestamp":"2016-12-05T20:05:01Z", "event":"FSDJump", "StarSystem":"Eol Prou CK-Z d73", "StarPos":[-9497.469,-800.594,19569.906], "SystemAllegiance":"", "SystemEconomy":"$economy_None;", "SystemEconomy_Localised":"None", "SystemGovernment":"$government_None;", "SystemGovernment_Localised":"None", "SystemSecurity":"$SYSTEM_SECURITY_low;", "SystemSecurity_Localised":"Low Security", "JumpDist":53.994, "FuelUsed":7.842087, "FuelLevel":24.157913 }
{ "timestamp":"2016-12-05T20:05:34Z", "event":"FuelScoop", "Scooped":7.842087, "Total":32.000000 }
{ "timestamp":"2016-12-05T20:06:44Z", "event":"FSDJump", "StarSystem":"Eol Prou CZ-Y c1-555", "StarPos":[-9495.156,-776.000,19522.906], "SystemAllegiance":"", "SystemEconomy":"$economy_None;", "SystemEconomy_Localised":"None", "SystemGovernment":"$government_None;", "SystemGovernment_Localised":"None", "SystemSecurity":"$SYSTEM_SECURITY_low;", "SystemSecurity_Localised":"Low Security", "JumpDist":53.096, "FuelUsed":7.507584, "FuelLevel":24.492416 }
{ "timestamp":"2016-12-05T20:07:17Z", "event":"FuelScoop", "Scooped":7.507584, "Total":32.000000 }
{ "timestamp":"2016-12-05T20:08:01Z", "event":"FSDJump", "StarSystem":"Eol Prou YS-A c1-84", "StarPos":[-9484.656,-749.719,19477.594], "SystemAllegiance":"", "SystemEconomy":"$economy_None;", "SystemEconomy_Localised":"None", "SystemGovernment":"$government_None;", "SystemGovernment_Localised":"None", "SystemSecurity":"$SYSTEM_SECURITY_low;", "SystemSecurity_Localised":"Low Security", "JumpDist":53.424, "FuelUsed":7.628911, "FuelLevel":24.371090 }
{ "timestamp":"2016-12-05T20:08:33Z", "event":"FuelScoop", "Scooped":7.628910, "Total":32.000000 }
{ "timestamp":"2016-12-05T20:10:27Z", "event":"Scan", "BodyName":"Eol Prou YS-A c1-84 8", "DistanceFromArrivalLS":779.691772, "TidalLock":false, "TerraformState":"", "PlanetClass":"High metal content body", "Atmosphere":"nitrogen atmosphere", "Volcanism":"", "MassEM":0.792465, "Radius":5677294.000000, "SurfaceGravity":9.799566, "SurfaceTemperature":203.988266, "SurfacePressure":259635.562500, "Landable":false, "SemiMajorAxis":233261023232.000000, "Eccentricity":0.002151, "OrbitalInclination":0.005453, "Periapsis":102.711472, "OrbitalPeriod":68486256.000000, "RotationPeriod":145566.140625 }
{ "timestamp":"2016-12-05T20:11:23Z", "event":"FSDJump", "StarSystem":"Eol Prou WI-B d498", "StarPos":[-9479.000,-720.375,19435.750], "SystemAllegiance":"", "SystemEconomy":"$economy_None;", "SystemEconomy_Localised":"None", "SystemGovernment":"$government_None;", "SystemGovernment_Localised":"None", "SystemSecurity":"$SYSTEM_SECURITY_low;", "SystemSecurity_Localised":"Low Security", "JumpDist":51.419, "FuelUsed":6.906078, "FuelLevel":25.093922 }
{ "timestamp":"2016-12-05T20:11:57Z", "event":"FuelScoop", "Scooped":6.906078, "Total":32.000000 }
{ "timestamp":"2016-12-05T20:12:32Z", "event":"FSDJump", "StarSystem":"Dryooe Flyou EX-A d14-1451", "StarPos":[-9478.688,-695.094,19388.188], "SystemAllegiance":"", "SystemEconomy":"$economy_None;", "SystemEconomy_Localised":"None", "SystemGovernment":"$government_None;", "SystemGovernment_Localised":"None", "SystemSecurity":"$SYSTEM_SECURITY_low;", "SystemSecurity_Localised":"Low Security", "JumpDist":53.865, "FuelUsed":7.793025, "FuelLevel":24.206976 }
{ "timestamp":"2016-12-05T20:13:05Z", "event":"FuelScoop", "Scooped":7.793024, "Total":32.000000 }
{ "timestamp":"2016-12-05T20:13:46Z", "event":"FSDJump", "StarSystem":"Dryooe Flyou EX-A d14-212", "StarPos":[-9455.906,-681.219,19341.000], "SystemAllegiance":"", "SystemEconomy":"$economy_None;", "SystemEconomy_Localised":"None", "SystemGovernment":"$government_None;", "SystemGovernment_Localised":"None", "SystemSecurity":"$SYSTEM_SECURITY_low;", "SystemSecurity_Localised":"Low Security", "JumpDist":54.205, "FuelUsed":7.921514, "FuelLevel":24.078485 }
{ "timestamp":"2016-12-05T20:14:23Z", "event":"FuelScoop", "Scooped":7.921515, "Total":32.000000 }
{ "timestamp":"2016-12-05T20:15:08Z", "event":"FSDJump", "StarSystem":"Dryooe Flyou YV-C d13-28", "StarPos":[-9445.031,-660.688,19294.719], "SystemAllegiance":"", "SystemEconomy":"$economy_None;", "SystemEconomy_Localised":"None", "SystemGovernment":"$government_None;", "SystemGovernment_Localised":"None", "SystemSecurity":"$SYSTEM_SECURITY_low;", "SystemSecurity_Localised":"Low Security", "JumpDist":51.786, "FuelUsed":7.034912, "FuelLevel":24.965088 }
{ "timestamp":"2016-12-05T20:15:39Z", "event":"FuelScoop", "Scooped":7.034912, "Total":32.000000 }
{ "timestamp":"2016-12-05T20:16:14Z", "event":"FSDJump", "StarSystem":"Dryooe Flyou UP-E d12-1435", "StarPos":[-9438.750,-635.219,19249.063], "SystemAllegiance":"", "SystemEconomy":"$economy_None;", "SystemEconomy_Localised":"None", "SystemGovernment":"$government_None;", "SystemGovernment_Localised":"None", "SystemSecurity":"$SYSTEM_SECURITY_low;", "SystemSecurity_Localised":"Low Security", "JumpDist":52.656, "FuelUsed":7.346268, "FuelLevel":24.653732 }
{ "timestamp":"2016-12-05T20:16:50Z", "event":"FuelScoop", "Scooped":7.346268, "Total":32.000000 }
{ "timestamp":"2016-12-05T20:17:33Z", "event":"FSDJump", "StarSystem":"Dryooe Flyou OK-J c24-479", "StarPos":[-9423.469,-622.594,19198.781], "SystemAllegiance":"", "SystemEconomy":"$economy_None;", "SystemEconomy_Localised":"None", "SystemGovernment":"$government_None;", "SystemGovernment_Localised":"None", "SystemSecurity":"$SYSTEM_SECURITY_low;", "SystemSecurity_Localised":"Low Security", "JumpDist":54.047, "FuelUsed":7.861770, "FuelLevel":24.138229 }
{ "timestamp":"2016-12-05T20:18:10Z", "event":"FuelScoop", "Scooped":7.861771, "Total":32.000000 }
{ "timestamp":"2016-12-05T20:18:44Z", "event":"FSDJump", "StarSystem":"Dryooe Flyou RJ-G d11-533", "StarPos":[-9420.875,-590.813,19158.281], "SystemAllegiance":"", "SystemEconomy":"$economy_None;", "SystemEconomy_Localised":"None", "SystemGovernment":"$government_None;", "SystemGovernment_Localised":"None", "SystemSecurity":"$SYSTEM_SECURITY_low;", "SystemSecurity_Localised":"Low Security", "JumpDist":51.546, "FuelUsed":6.950802, "FuelLevel":25.049198 }
{ "timestamp":"2016-12-05T20:19:17Z", "event":"FuelScoop", "Scooped":6.950802, "Total":32.000000 }
{ "timestamp":"2016-12-05T20:20:24Z", "event":"FSDJump", "StarSystem":"Dryooe Flyou ED-N c22-95", "StarPos":[-9413.719,-574.813,19106.969], "SystemAllegiance":"", "SystemEconomy":"$economy_None;", "SystemEconomy_Localised":"None", "SystemGovernment":"$government_None;", "SystemGovernment_Localised":"None", "SystemSecurity":"$SYSTEM_SECURITY_low;", "SystemSecurity_Localised":"Low Security", "JumpDist":54.223, "FuelUsed":7.928994, "FuelLevel":24.071007 }
{ "timestamp":"2016-12-05T20:20:57Z", "event":"FuelScoop", "Scooped":7.928993, "Total":32.000000 }
{ "timestamp":"2016-12-05T20:21:27Z", "event":"FSDJump", "StarSystem":"Dryooe Flyou LI-I d10-4211", "StarPos":[-9414.938,-549.094,19059.906], "SystemAllegiance":"", "SystemEconomy":"$economy_None;", "SystemEconomy_Localised":"None", "SystemGovernment":"$government_None;", "SystemGovernment_Localised":"None", "SystemSecurity":"$SYSTEM_SECURITY_low;", "SystemSecurity_Localised":"Low Security", "JumpDist":53.645, "FuelUsed":7.710938, "FuelLevel":24.289063 }
{ "timestamp":"2016-12-05T20:21:59Z", "event":"FuelScoop", "Scooped":7.710938, "Total":32.000000 }
{ "timestamp":"2016-12-05T20:22:34Z", "event":"FSDJump", "StarSystem":"Dryooe Flyou HC-K d9-332", "StarPos":[-9406.219,-534.094,19009.375], "SystemAllegiance":"", "SystemEconomy":"$economy_None;", "SystemEconomy_Localised":"None", "SystemGovernment":"$government_None;", "SystemGovernment_Localised":"None", "SystemSecurity":"$SYSTEM_SECURITY_low;", "SystemSecurity_Localised":"Low Security", "JumpDist":53.427, "FuelUsed":7.629791, "FuelLevel":24.370209 }
{ "timestamp":"2016-12-05T20:23:14Z", "event":"FuelScoop", "Scooped":7.629791, "Total":32.000000 }
{ "timestamp":"2016-12-05T20:23:52Z", "event":"FSDJump", "StarSystem":"Dryooe Flyou HC-K d9-346", "StarPos":[-9401.719,-512.000,18962.406], "SystemAllegiance":"", "SystemEconomy":"$economy_None;", "SystemEconomy_Localised":"None", "SystemGovernment":"$government_None;", "SystemGovernment_Localised":"None", "SystemSecurity":"$SYSTEM_SECURITY_low;", "SystemSecurity_Localised":"Low Security", "JumpDist":52.100, "FuelUsed":7.146574, "FuelLevel":24.853426 }
{ "timestamp":"2016-12-05T20:24:27Z", "event":"FuelScoop", "Scooped":7.146574, "Total":32.000000 }
{ "timestamp":"2016-12-05T20:27:40Z", "event":"FSDJump", "StarSystem":"Dryooe Flyou LX-T e3-1350", "StarPos":[-9382.000,-492.750,18923.906], "SystemAllegiance":"", "SystemEconomy":"$economy_None;", "SystemEconomy_Localised":"None", "SystemGovernment":"$government_None;", "SystemGovernment_Localised":"None", "SystemSecurity":"$SYSTEM_SECURITY_low;", "SystemSecurity_Localised":"Low Security", "JumpDist":47.346, "FuelUsed":5.572816, "FuelLevel":26.427185 }
{ "timestamp":"2016-12-05T20:28:19Z", "event":"FuelScoop", "Scooped":5.572815, "Total":32.000000 }
{ "timestamp":"2016-12-05T20:29:07Z", "event":"Scan", "BodyName":"Dryooe Flyou LX-T e3-1350 A 1", "DistanceFromArrivalLS":346.175293, "TidalLock":false, "TerraformState":"", "PlanetClass":"High metal content body", "Atmosphere":"hot thin sulphur dioxide atmosphere", "Volcanism":"rocky magma volcanism", "MassEM":0.634854, "Radius":5302043.000000, "SurfaceGravity":9.001123, "SurfaceTemperature":1350.051025, "SurfacePressure":4529.935059, "Landable":false, "SemiMajorAxis":103786496000.000000, "Eccentricity":0.000308, "OrbitalInclination":0.036113, "Periapsis":250.565948, "OrbitalPeriod":8752916.000000, "RotationPeriod":44609.437500 }
{ "timestamp":"2016-12-05T20:33:22Z", "event":"FSDJump", "StarSystem":"Dryooe Flyou DC-Y c16-113", "StarPos":[-9377.750,-496.406,18871.563], "SystemAllegiance":"", "SystemEconomy":"$economy_None;", "SystemEconomy_Localised":"None", "SystemGovernment":"$government_None;", "SystemGovernment_Localised":"None", "SystemSecurity":"$SYSTEM_SECURITY_low;", "SystemSecurity_Localised":"Low Security", "JumpDist":52.643, "FuelUsed":7.342216, "FuelLevel":24.657784 }
{ "timestamp":"2016-12-05T20:33:52Z", "event":"FuelScoop", "Scooped":7.342216, "Total":32.000000 }
{ "timestamp":"2016-12-05T20:34:53Z", "event":"FSDJump", "StarSystem":"Dryooe Flyou ZV-Z c15-43", "StarPos":[-9370.281,-495.281,18817.938], "SystemAllegiance":"", "SystemEconomy":"$economy_None;", "SystemEconomy_Localised":"None", "SystemGovernment":"$government_None;", "SystemGovernment_Localised":"None", "SystemSecurity":"$SYSTEM_SECURITY_low;", "SystemSecurity_Localised":"Low Security", "JumpDist":54.154, "FuelUsed":7.902861, "FuelLevel":24.097139 }
{ "timestamp":"2016-12-05T20:35:23Z", "event":"FuelScoop", "Scooped":7.902861, "Total":32.000000 }
{ "timestamp":"2016-12-05T20:36:22Z", "event":"FSDJump", "StarSystem":"Dryooe Flyou RJ-D c14-47", "StarPos":[-9367.688,-491.938,18764.656], "SystemAllegiance":"", "SystemEconomy":"$economy_None;", "SystemEconomy_Localised":"None", "SystemGovernment":"$government_None;", "SystemGovernment_Localised":"None", "SystemSecurity":"$SYSTEM_SECURITY_low;", "SystemSecurity_Localised":"Low Security", "JumpDist":53.449, "FuelUsed":7.638046, "FuelLevel":24.361954 }
{ "timestamp":"2016-12-05T20:36:56Z", "event":"FuelScoop", "Scooped":7.638046, "Total":32.000000 }
{ "timestamp":"2016-12-05T20:37:49Z", "event":"FSDJump", "StarSystem":"Dryooe Flyou TO-P d6-3812", "StarPos":[-9359.688,-485.531,18712.688], "SystemAllegiance":"", "SystemEconomy":"$economy_None;", "SystemEconomy_Localised":"None", "SystemGovernment":"$government_None;", "SystemGovernment_Localised":"None", "SystemSecurity":"$SYSTEM_SECURITY_low;", "SystemSecurity_Localised":"Low Security", "JumpDist":52.970, "FuelUsed":7.461083, "FuelLevel":24.538918 }
{ "timestamp":"2016-12-05T20:38:20Z", "event":"FuelScoop", "Scooped":7.461082, "Total":32.000000 }
{ "timestamp":"2016-12-05T20:39:41Z", "event":"FSDJump", "StarSystem":"Dryooe Flyou PI-R d5-1496", "StarPos":[-9352.250,-486.313,18659.250], "SystemAllegiance":"", "SystemEconomy":"$economy_None;", "SystemEconomy_Localised":"None", "SystemGovernment":"$government_None;", "SystemGovernment_Localised":"None", "SystemSecurity":"$SYSTEM_SECURITY_low;", "SystemSecurity_Localised":"Low Security", "JumpDist":53.958, "FuelUsed":7.828692, "FuelLevel":24.171309 }
{ "timestamp":"2016-12-05T20:40:15Z", "event":"FuelScoop", "Scooped":7.828691, "Total":32.000000 }
{ "timestamp":"2016-12-05T20:41:02Z", "event":"FSDJump", "StarSystem":"Dryooe Flyou CL-K c10-208", "StarPos":[-9344.750,-485.156,18605.813], "SystemAllegiance":"", "SystemEconomy":"$economy_None;", "SystemEconomy_Localised":"None", "SystemGovernment":"$government_None;", "SystemGovernment_Localised":"None", "SystemSecurity":"$SYSTEM_SECURITY_low;", "SystemSecurity_Localised":"Low Security", "JumpDist":53.974, "FuelUsed":7.834326, "FuelLevel":24.165674 }
{ "timestamp":"2016-12-05T20:41:33Z", "event":"FuelScoop", "Scooped":7.834326, "Total":32.000000 }
{ "timestamp":"2016-12-05T20:42:10Z", "event":"FSDJump", "StarSystem":"Dryooe Flyou MC-T d4-1410", "StarPos":[-9332.688,-481.438,18556.250], "SystemAllegiance":"", "SystemEconomy":"$economy_None;", "SystemEconomy_Localised":"None", "SystemGovernment":"$government_None;", "SystemGovernment_Localised":"None", "SystemSecurity":"$SYSTEM_SECURITY_low;", "SystemSecurity_Localised":"Low Security", "JumpDist":51.145, "FuelUsed":6.810631, "FuelLevel":25.189369 }
{ "timestamp":"2016-12-05T20:42:43Z", "event":"FuelScoop", "Scooped":6.810631, "Total":32.000000 }
{ "timestamp":"2016-12-05T20:43:21Z", "event":"FSDJump", "StarSystem":"Dryooe Flyou IW-U d3-3530", "StarPos":[-9328.688,-477.531,18502.750], "SystemAllegiance":"", "SystemEconomy":"$economy_None;", "SystemEconomy_Localised":"None", "SystemGovernment":"$government_None;", "SystemGovernment_Localised":"None", "SystemSecurity":"$SYSTEM_SECURITY_low;", "SystemSecurity_Localised":"Low Security", "JumpDist":53.791, "FuelUsed":7.765883, "FuelLevel":24.234118 }
{ "timestamp":"2016-12-05T20:43:53Z", "event":"FuelScoop", "Scooped":7.765882, "Total":32.000000 }
{ "timestamp":"2016-12-05T20:46:19Z", "event":"FSDJump", "StarSystem":"Dryooe Flyou MM-R c6-57", "StarPos":[-9311.500,-481.625,18451.969], "SystemAllegiance":"", "SystemEconomy":"$economy_None;", "SystemEconomy_Localised":"None", "SystemGovernment":"$government_None;", "SystemGovernment_Localised":"None", "SystemSecurity":"$SYSTEM_SECURITY_low;", "SystemSecurity_Localised":"Low Security", "JumpDist":53.767, "FuelUsed":7.756132, "FuelLevel":24.243868 }
{ "timestamp":"2016-12-05T20:46:55Z", "event":"FuelScoop", "Scooped":7.756132, "Total":32.000000 }
{ "timestamp":"2016-12-05T20:47:32Z", "event":"FSDJump", "StarSystem":"Dryooe Flyou JG-T c5-77", "StarPos":[-9300.938,-494.094,18400.469], "SystemAllegiance":"", "SystemEconomy":"$economy_None;", "SystemEconomy_Localised":"None", "SystemGovernment":"$government_None;", "SystemGovernment_Localised":"None", "SystemSecurity":"$SYSTEM_SECURITY_low;", "SystemSecurity_Localised":"Low Security", "JumpDist":54.030, "FuelUsed":7.855525, "FuelLevel":24.144474 }
{ "timestamp":"2016-12-05T20:48:07Z", "event":"FuelScoop", "Scooped":7.855526, "Total":32.000000 }
{ "timestamp":"2016-12-05T20:48:38Z", "event":"FSDJump", "StarSystem":"Dryooe Flyou AK-Y d1-2201", "StarPos":[-9281.125,-494.531,18350.969], "SystemAllegiance":"", "SystemEconomy":"$economy_None;", "SystemEconomy_Localised":"None", "SystemGovernment":"$government_None;", "SystemGovernment_Localised":"None", "SystemSecurity":"$SYSTEM_SECURITY_low;", "SystemSecurity_Localised":"Low Security", "JumpDist":53.320, "FuelUsed":7.590037, "FuelLevel":24.409964 }
{ "timestamp":"2016-12-05T20:49:23Z", "event":"FuelScoop", "Scooped":7.590036, "Total":32.000000 }
{ "timestamp":"2016-12-05T20:50:03Z", "event":"FSDJump", "StarSystem":"Dryooe Flyou AK-Y d1-3151", "StarPos":[-9289.906,-493.688,18299.531], "SystemAllegiance":"", "SystemEconomy":"$economy_None;", "SystemEconomy_Localised":"None", "SystemGovernment":"$government_None;", "SystemGovernment_Localised":"None", "SystemSecurity":"$SYSTEM_SECURITY_low;", "SystemSecurity_Localised":"Low Security", "JumpDist":52.188, "FuelUsed":7.178490, "FuelLevel":23.751511 }
{ "timestamp":"2016-12-05T20:50:40Z", "event":"FuelScoop", "Scooped":8.248489, "Total":32.000000 }
{ "timestamp":"2016-12-05T20:51:08Z", "event":"FSDJump", "StarSystem":"Dryooe Flyou ZE-A g46", "StarPos":[-9285.250,-488.063,18260.406], "SystemAllegiance":"", "SystemEconomy":"$economy_None;", "SystemEconomy_Localised":"None", "SystemGovernment":"$government_None;", "SystemGovernment_Localised":"None", "SystemSecurity":"$SYSTEM_SECURITY_low;", "SystemSecurity_Localised":"Low Security", "JumpDist":39.801, "FuelUsed":3.548272, "FuelLevel":28.451729 }
{ "timestamp":"2016-12-05T20:51:58Z", "event":"Scan", "BodyName":"Dryooe Flyou ZE-A g46", "DistanceFromArrivalLS":0.000000, "StarType":"O", "StellarMass":19.097656, "Radius":4000037120.000000, "AbsoluteMagnitude":-6.546127, "Age_MY":0, "SurfaceTemperature":33055.000000, "RotationPeriod":211258.156250 }
{ "timestamp":"2016-12-05T20:53:42Z", "event":"Screenshot", "Filename":"\\ED_Pictures\\Screenshot_0063.bmp", "Width":1280, "Height":720, "System":"Dryooe Flyou ZE-A g46", "Body":"Dryooe Flyou ZE-A g46" }
{ "timestamp":"2016-12-05T20:56:29Z", "event":"FuelScoop", "Scooped":3.548271, "Total":32.000000 }
{ "timestamp":"2016-12-05T20:57:31Z", "event":"FSDJump", "StarSystem":"Dryooe Flyou TX-B d5110", "StarPos":[-9264.875,-484.406,18210.719], "SystemAllegiance":"", "SystemEconomy":"$economy_None;", "SystemEconomy_Localised":"None", "SystemGovernment":"$government_None;", "SystemGovernment_Localised":"None", "SystemSecurity":"$SYSTEM_SECURITY_low;", "SystemSecurity_Localised":"Low Security", "JumpDist":53.827, "FuelUsed":7.779313, "FuelLevel":24.220688 }
{ "timestamp":"2016-12-05T20:58:05Z", "event":"FuelScoop", "Scooped":7.779312, "Total":32.000000 }
{ "timestamp":"2016-12-05T20:58:42Z", "event":"FSDJump", "StarSystem":"Dryooe Flyou TX-B d4273", "StarPos":[-9254.688,-481.813,18160.031], "SystemAllegiance":"", "SystemEconomy":"$economy_None;", "SystemEconomy_Localised":"None", "SystemGovernment":"$government_None;", "SystemGovernment_Localised":"None", "SystemSecurity":"$SYSTEM_SECURITY_low;", "SystemSecurity_Localised":"Low Security", "JumpDist":51.766, "FuelUsed":7.028198, "FuelLevel":24.971802 }
{ "timestamp":"2016-12-05T20:59:15Z", "event":"FuelScoop", "Scooped":7.028198, "Total":32.000000 }
{ "timestamp":"2016-12-05T21:00:21Z", "event":"FSDJump", "StarSystem":"Eol Flyou GE-B c29-733", "StarPos":[-9241.750,-487.000,18107.938], "SystemAllegiance":"", "SystemEconomy":"$economy_None;", "SystemEconomy_Localised":"None", "SystemGovernment":"$government_None;", "SystemGovernment_Localised":"None", "SystemSecurity":"$SYSTEM_SECURITY_low;", "SystemSecurity_Localised":"Low Security", "JumpDist":53.926, "FuelUsed":7.816650, "FuelLevel":24.183350 }
{ "timestamp":"2016-12-05T21:00:53Z", "event":"FuelScoop", "Scooped":7.816650, "Total":32.000000 }
{ "timestamp":"2016-12-05T21:01:29Z", "event":"FSDJump", "StarSystem":"Eol Flyou BM-B d14-1774", "StarPos":[-9239.000,-487.563,18055.125], "SystemAllegiance":"", "SystemEconomy":"$economy_None;", "SystemEconomy_Localised":"None", "SystemGovernment":"$government_None;", "SystemGovernment_Localised":"None", "SystemSecurity":"$SYSTEM_SECURITY_low;", "SystemSecurity_Localised":"Low Security", "JumpDist":52.887, "FuelUsed":7.430991, "FuelLevel":24.569010 }
{ "timestamp":"2016-12-05T21:02:09Z", "event":"FuelScoop", "Scooped":7.430990, "Total":32.000000 }
